#
# A fatal error has been detected by the Java Runtime Environment:
#
#  EXCEPTION_ACCESS_VIOLATION (0xc0000005) at pc=0x000000006cdfa0c5, pid=4812, tid=11248
#
# JRE version: Java(TM) SE Runtime Environment (11.0.2+9) (build 11.0.2+9-LTS)
# Java VM: Java HotSpot(TM) 64-Bit Server VM (11.0.2+9-LTS, mixed mode, tiered, compressed oops, g1 gc, windows-amd64)
# Problematic frame:
# C  [sqlite-3.16.1-a4a87859-c5b4-471d-a4a9-e3e0c9b36bef-sqlitejdbc.dll+0x7a0c5]
#
# No core dump will be written. Minidumps are not enabled by default on client versions of Windows
#
# If you would like to submit a bug report, please visit:
#   http://bugreport.java.com/bugreport/crash.jsp
# The crash happened outside the Java Virtual Machine in native code.
# See problematic frame for where to report the bug.
#

---------------  S U M M A R Y ------------

Command Line: -Dfile.encoding=UTF-8 com.JohnApp.JohnShop.JohnShopApplication

Host: AMD A10-9600P RADEON R5, 10 COMPUTE CORES 4C+6G, 4 cores, 5G,  Windows 10 , 64 bit Build 17134 (10.0.17134.706)
Time: Fri Apr 12 08:52:21 2019 SA Pacific Standard Time elapsed time: 14549 seconds (0d 4h 2m 29s)

---------------  T H R E A D  ---------------

Current thread (0x00000183a5ee6800):  JavaThread "Secondary finalizer" [_thread_in_native, id=11248, stack(0x00000055cad00000,0x00000055cae00000)]

Stack: [0x00000055cad00000,0x00000055cae00000],  sp=0x00000055cadfee70,  free space=1019k
Native frames: (J=compiled Java code, j=interpreted, Vv=VM code, C=native code)
C  [sqlite-3.16.1-a4a87859-c5b4-471d-a4a9-e3e0c9b36bef-sqlitejdbc.dll+0x7a0c5]

Java frames: (J=compiled Java code, j=interpreted, Vv=VM code)
j  org.sqlite.core.NativeDB.reset(J)I+0
j  org.sqlite.core.CoreResultSet.close()V+81
j  org.sqlite.jdbc4.JDBC4ResultSet.close()V+6
j  org.sqlite.jdbc3.JDBC3ResultSet.finalize()V+1
J 6230 c1 java.lang.ref.Finalizer.runFinalizer(Ljdk/internal/misc/JavaLangAccess;)V java.base@11.0.2 (117 bytes) @ 0x000001838b44b2fc [0x000001838b44acc0+0x000000000000063c]
j  java.lang.ref.Finalizer$2.run()V+33 java.base@11.0.2
j  java.lang.Thread.run()V+11 java.base@11.0.2
v  ~StubRoutines::call_stub

siginfo: EXCEPTION_ACCESS_VIOLATION (0xc0000005), reading address 0x0000000000000018


Register to memory mapping:

RIP=0x000000006cdfa0c5 sqlite-3.16.1-a4a87859-c5b4-471d-a4a9-e3e0c9b36bef-sqlitejdbc.dll
RAX=0x000000006cd826d0 sqlite-3.16.1-a4a87859-c5b4-471d-a4a9-e3e0c9b36bef-sqlitejdbc.dll
RBX=0x00000183ffe4ee88 points into unknown readable memory: 00 00 00 00 00 00 00 00
RCX=0x00000183ffe4ee88 points into unknown readable memory: 00 00 00 00 00 00 00 00
RDX=0x00000055cadfef78 is pointing into the stack for thread: 0x00000183a5ee6800
RSP=0x00000055cadfee70 is pointing into the stack for thread: 0x00000183a5ee6800
RBP=0x00000055cadfef48 is pointing into the stack for thread: 0x00000183a5ee6800
RSI=0x0 is NULL
RDI=0x0000000100533fe0 is a pointer to class: 
org.sqlite.jdbc4.JDBC4ResultSet {0x0000000100533fe8}
R8 =0x00000183ffe4ee88 points into unknown readable memory: 00 00 00 00 00 00 00 00
R9 =0x000001838a2f0b80 is at begin+0 in a stub
StubRoutines::atomic_cmpxchg_long [0x000001838a2f0b80, 0x000001838a2f0b89[ (9 bytes)
R10=0x000001838a2ffd35 is at code_begin+1429 in an Interpreter codelet
method entry point (kind = native_synchronized)  [0x000001838a2ff7a0, 0x000001838a3004c0]  3360 bytes
R11=0x0000000080000121 is an unknown value
R12=0x0 is NULL
R13={method} {0x00000183a51c1c40} 'reset' '(J)I' in 'org/sqlite/core/NativeDB'
R14=0x00000055cadfef78 is pointing into the stack for thread: 0x00000183a5ee6800
R15=0x00000183a5ee6800 is a thread


Registers:
RAX=0x000000006cd826d0, RBX=0x00000183ffe4ee88, RCX=0x00000183ffe4ee88, RDX=0x00000055cadfef78
RSP=0x00000055cadfee70, RBP=0x00000055cadfef48, RSI=0x0000000000000000, RDI=0x0000000100533fe0
R8 =0x00000183ffe4ee88, R9 =0x000001838a2f0b80, R10=0x000001838a2ffd35, R11=0x0000000080000121
R12=0x0000000000000000, R13=0x00000183a51c1c38, R14=0x00000055cadfef78, R15=0x00000183a5ee6800
RIP=0x000000006cdfa0c5, EFLAGS=0x0000000000010206

Top of Stack: (sp=0x00000055cadfee70)
0x00000055cadfee70:   0000018300000002 00000183a5ee6800
0x00000055cadfee80:   00000183a7e274c0 00007ff88f588ead
0x00000055cadfee90:   00000055cadff4d0 00000183a51c1c38
0x00000055cadfeea0:   00000000a7dbf428 000001838a2ffd64
0x00000055cadfeeb0:   0000000100533fe0 000001838a2ffa77
0x00000055cadfeec0:   00000183a5ee6800 00000183a5ee6a05
0x00000055cadfeed0:   00000055cadfef48 00000000a7dbf428
0x00000055cadfeee0:   00000183a5ee6800 000001838a2ffa34
0x00000055cadfeef0:   0000000000000003 00000000a7dbf300
0x00000055cadfef00:   00000055cadfeef0 00000183a51c1c38
0x00000055cadfef10:   00000055cadfef78 00000183a5206d88
0x00000055cadfef20:   0000000000000000 00000000a71d97e0
0x00000055cadfef30:   00000183a51c1c38 0000000000000000
0x00000055cadfef40:   00000055cadfef68 00000055cadfefc8
0x00000055cadfef50:   000001838a2f9840 0000000000000000
0x00000055cadfef60:   000001838a2fbf96 00000183ffe4ee88 

Instructions: (pc=0x000000006cdfa0c5)
0x000000006cdfa0a5:   48 83 c4 38 c3 66 0f 1f 44 00 00 56 53 48 83 ec
0x000000006cdfa0b5:   28 48 85 c9 0f 84 b1 00 00 00 48 8b 31 48 89 cb
0x000000006cdfa0c5:   48 8b 4e 18 48 85 c9 74 06 ff 15 74 df 04 00 48
0x000000006cdfa0d5:   83 bb b0 00 00 00 00 7e 0b 48 89 da 48 89 f1 e8 


Stack slot to memory mapping:
stack at sp + 0 slots: 0x0000018300000002 is an unknown value
stack at sp + 1 slots: 0x00000183a5ee6800 is a thread
stack at sp + 2 slots: 0x00000183a7e274c0 points into unknown readable memory: 02 00 00 00 83 01 00 00
stack at sp + 3 slots: 0x00007ff88f588ead jvm.dll
stack at sp + 4 slots: 0x00000055cadff4d0 is pointing into the stack for thread: 0x00000183a5ee6800
stack at sp + 5 slots: {method} {0x00000183a51c1c40} 'reset' '(J)I' in 'org/sqlite/core/NativeDB'
stack at sp + 6 slots: 0x00000000a7dbf428 is an oop: org.sqlite.jdbc4.JDBC4ResultSet 
{0x00000000a7dbf428} - klass: 'org/sqlite/jdbc4/JDBC4ResultSet'
stack at sp + 7 slots: 0x000001838a2ffd64 is at code_begin+1476 in an Interpreter codelet
method entry point (kind = native_synchronized)  [0x000001838a2ff7a0, 0x000001838a3004c0]  3360 bytes


---------------  P R O C E S S  ---------------

Threads class SMR info:
_java_thread_list=0x00000183a5c56330, length=15, elements={
0x000001839ece6800, 0x000001839ecf0800, 0x000001839f682800, 0x000001839f683800,
0x000001839ecff000, 0x000001839f69d000, 0x000001839f6b3800, 0x000001839f7c5800,
0x000001839f7dd800, 0x00000183a3e64000, 0x00000183a1171000, 0x00000183a5eed800,
0x00000183a5ee8000, 0x00000183a5ee7000, 0x00000183a5ee6800
}

Java Threads: ( => current thread )
  0x000001839ece6800 JavaThread "Reference Handler" daemon [_thread_blocked, id=896, stack(0x00000055c9c00000,0x00000055c9d00000)]
  0x000001839ecf0800 JavaThread "Finalizer" daemon [_thread_blocked, id=11972, stack(0x00000055c9d00000,0x00000055c9e00000)]
  0x000001839f682800 JavaThread "Signal Dispatcher" daemon [_thread_blocked, id=4484, stack(0x00000055c9e00000,0x00000055c9f00000)]
  0x000001839f683800 JavaThread "Attach Listener" daemon [_thread_blocked, id=9832, stack(0x00000055c9f00000,0x00000055ca000000)]
  0x000001839ecff000 JavaThread "C2 CompilerThread0" daemon [_thread_blocked, id=6924, stack(0x00000055ca000000,0x00000055ca100000)]
  0x000001839f69d000 JavaThread "C1 CompilerThread0" daemon [_thread_blocked, id=11320, stack(0x00000055ca100000,0x00000055ca200000)]
  0x000001839f6b3800 JavaThread "Sweeper thread" daemon [_thread_blocked, id=11468, stack(0x00000055ca200000,0x00000055ca300000)]
  0x000001839f7c5800 JavaThread "Service Thread" daemon [_thread_blocked, id=3632, stack(0x00000055ca300000,0x00000055ca400000)]
  0x000001839f7dd800 JavaThread "Common-Cleaner" daemon [_thread_blocked, id=10976, stack(0x00000055ca500000,0x00000055ca600000)]
  0x00000183a3e64000 JavaThread "mysql-cj-abandoned-connection-cleanup" daemon [_thread_blocked, id=11136, stack(0x00000055caf00000,0x00000055cb000000)]
  0x00000183a1171000 JavaThread "Live Reload Server" daemon [_thread_in_native, id=11976, stack(0x00000055cb300000,0x00000055cb400000)]
  0x00000183a5eed800 JavaThread "DestroyJavaVM" [_thread_blocked, id=8816, stack(0x00000055c9500000,0x00000055c9600000)]
  0x00000183a5ee8000 JavaThread "File Watcher" daemon [_thread_blocked, id=13804, stack(0x00000055ca800000,0x00000055ca900000)]
  0x00000183a5ee7000 JavaThread "Thread-18" [_thread_blocked, id=11588, stack(0x00000055c9400000,0x00000055c9500000)]
=>0x00000183a5ee6800 JavaThread "Secondary finalizer" [_thread_in_native, id=11248, stack(0x00000055cad00000,0x00000055cae00000)]

Other Threads:
  0x000001839ecbc000 VMThread "VM Thread" [stack: 0x00000055c9b00000,0x00000055c9c00000] [id=6284]
  0x000001839f7cf800 WatcherThread [stack: 0x00000055ca400000,0x00000055ca500000] [id=11088]
  0x0000018381fea000 GCTaskThread "GC Thread#0" [stack: 0x00000055c9600000,0x00000055c9700000] [id=2528]
  0x00000183a016e800 GCTaskThread "GC Thread#1" [stack: 0x00000055ca700000,0x00000055ca800000] [id=12028]
  0x00000183a086c000 GCTaskThread "GC Thread#2" [stack: 0x00000055cab00000,0x00000055cac00000] [id=5972]
  0x00000183a0862000 GCTaskThread "GC Thread#3" [stack: 0x00000055cac00000,0x00000055cad00000] [id=4760]
  0x0000018382013000 ConcurrentGCThread "G1 Main Marker" [stack: 0x00000055c9700000,0x00000055c9800000] [id=11236]
  0x0000018382014800 ConcurrentGCThread "G1 Conc#0" [stack: 0x00000055c9800000,0x00000055c9900000] [id=1192]
  0x0000018382075800 ConcurrentGCThread "G1 Refine#0" [stack: 0x00000055c9900000,0x00000055c9a00000] [id=11348]
  0x0000018382076800 ConcurrentGCThread "G1 Young RemSet Sampling" [stack: 0x00000055c9a00000,0x00000055c9b00000] [id=5564]

Threads with active compile tasks:

VM state:not at safepoint (normal execution)

VM Mutex/Monitor currently owned by a thread: None

Heap address: 0x00000000a6800000, size: 1432 MB, Compressed Oops mode: 32-bit
Narrow klass base: 0x0000000000000000, Narrow klass shift: 3
Compressed class space size: 1073741824 Address: 0x0000000100000000

Heap:
 garbage-first heap   total 71680K, used 22371K [0x00000000a6800000, 0x0000000100000000)
  region size 1024K, 1 young (1024K), 0 survivors (0K)
 Metaspace       used 60172K, capacity 61492K, committed 62028K, reserved 1103872K
  class space    used 7281K, capacity 7830K, committed 8012K, reserved 1048576K
Heap Regions: E=young(eden), S=young(survivor), O=old, HS=humongous(starts), HC=humongous(continues), CS=collection set, F=free, A=archive, TAMS=top-at-mark-start (previous, next)
|   0|0x00000000a6800000, 0x00000000a6900000, 0x00000000a6900000|100%|HS|  |TAMS 0x00000000a6800000, 0x00000000a6800000| Untracked 
|   1|0x00000000a6900000, 0x00000000a69f9110, 0x00000000a6a00000| 97%| O|  |TAMS 0x00000000a6900000, 0x00000000a6900000| Untracked 
|   2|0x00000000a6a00000, 0x00000000a6affff8, 0x00000000a6b00000| 99%| O|  |TAMS 0x00000000a6a00000, 0x00000000a6a00000| Untracked 
|   3|0x00000000a6b00000, 0x00000000a6c00000, 0x00000000a6c00000|100%| O|  |TAMS 0x00000000a6b00000, 0x00000000a6b00000| Untracked 
|   4|0x00000000a6c00000, 0x00000000a6cf7260, 0x00000000a6d00000| 96%| O|  |TAMS 0x00000000a6c00000, 0x00000000a6c00000| Untracked 
|   5|0x00000000a6d00000, 0x00000000a6dffff8, 0x00000000a6e00000| 99%| O|  |TAMS 0x00000000a6d00000, 0x00000000a6d00000| Untracked 
|   6|0x00000000a6e00000, 0x00000000a6ef8748, 0x00000000a6f00000| 97%| O|  |TAMS 0x00000000a6e00000, 0x00000000a6e00000| Untracked 
|   7|0x00000000a6f00000, 0x00000000a6ffff98, 0x00000000a7000000| 99%| O|  |TAMS 0x00000000a6f00000, 0x00000000a6f00000| Untracked 
|   8|0x00000000a7000000, 0x00000000a7100000, 0x00000000a7100000|100%| O|  |TAMS 0x00000000a7000000, 0x00000000a7000000| Untracked 
|   9|0x00000000a7100000, 0x00000000a71ffee0, 0x00000000a7200000| 99%| O|  |TAMS 0x00000000a7100000, 0x00000000a7100000| Untracked 
|  10|0x00000000a7200000, 0x00000000a7300000, 0x00000000a7300000|100%| O|  |TAMS 0x00000000a7200000, 0x00000000a7200000| Untracked 
|  11|0x00000000a7300000, 0x00000000a73fffd0, 0x00000000a7400000| 99%| O|  |TAMS 0x00000000a7300000, 0x00000000a7300000| Untracked 
|  12|0x00000000a7400000, 0x00000000a74fc790, 0x00000000a7500000| 98%| O|  |TAMS 0x00000000a7400000, 0x00000000a7400000| Untracked 
|  13|0x00000000a7500000, 0x00000000a75ffff8, 0x00000000a7600000| 99%| O|  |TAMS 0x00000000a7500000, 0x00000000a7500000| Untracked 
|  14|0x00000000a7600000, 0x00000000a7700000, 0x00000000a7700000|100%| O|  |TAMS 0x00000000a7600000, 0x00000000a7600000| Untracked 
|  15|0x00000000a7700000, 0x00000000a77fffe0, 0x00000000a7800000| 99%| O|  |TAMS 0x00000000a7700000, 0x00000000a7700000| Untracked 
|  16|0x00000000a7800000, 0x00000000a78ffff8, 0x00000000a7900000| 99%| O|  |TAMS 0x00000000a7800000, 0x00000000a7800000| Untracked 
|  17|0x00000000a7900000, 0x00000000a79fffe0, 0x00000000a7a00000| 99%| O|  |TAMS 0x00000000a7900000, 0x00000000a7900000| Untracked 
|  18|0x00000000a7a00000, 0x00000000a7acd410, 0x00000000a7b00000| 80%| O|  |TAMS 0x00000000a7a00000, 0x00000000a7a00000| Untracked 
|  19|0x00000000a7b00000, 0x00000000a7bfff80, 0x00000000a7c00000| 99%| O|  |TAMS 0x00000000a7b00000, 0x00000000a7b00000| Untracked 
|  20|0x00000000a7c00000, 0x00000000a7cffff8, 0x00000000a7d00000| 99%| O|  |TAMS 0x00000000a7c00000, 0x00000000a7c00000| Untracked 
|  21|0x00000000a7d00000, 0x00000000a7dca180, 0x00000000a7e00000| 78%| O|  |TAMS 0x00000000a7d00000, 0x00000000a7d00000| Untracked 
|  22|0x00000000a7e00000, 0x00000000a7e5c8c0, 0x00000000a7f00000| 36%| O|  |TAMS 0x00000000a7e00000, 0x00000000a7e00000| Untracked 
|  23|0x00000000a7f00000, 0x00000000a7f00000, 0x00000000a8000000|  0%| F|  |TAMS 0x00000000a7f00000, 0x00000000a7f00000| Untracked 
|  24|0x00000000a8000000, 0x00000000a8000000, 0x00000000a8100000|  0%| F|  |TAMS 0x00000000a8000000, 0x00000000a8000000| Untracked 
|  25|0x00000000a8100000, 0x00000000a8100000, 0x00000000a8200000|  0%| F|  |TAMS 0x00000000a8100000, 0x00000000a8100000| Untracked 
|  26|0x00000000a8200000, 0x00000000a8200000, 0x00000000a8300000|  0%| F|  |TAMS 0x00000000a8200000, 0x00000000a8200000| Untracked 
|  27|0x00000000a8300000, 0x00000000a8300000, 0x00000000a8400000|  0%| F|  |TAMS 0x00000000a8300000, 0x00000000a8300000| Untracked 
|  28|0x00000000a8400000, 0x00000000a8400000, 0x00000000a8500000|  0%| F|  |TAMS 0x00000000a8400000, 0x00000000a8400000| Untracked 
|  29|0x00000000a8500000, 0x00000000a8500000, 0x00000000a8600000|  0%| F|  |TAMS 0x00000000a8500000, 0x00000000a8500000| Untracked 
|  30|0x00000000a8600000, 0x00000000a8600000, 0x00000000a8700000|  0%| F|  |TAMS 0x00000000a8600000, 0x00000000a8600000| Untracked 
|  31|0x00000000a8700000, 0x00000000a8700000, 0x00000000a8800000|  0%| F|  |TAMS 0x00000000a8700000, 0x00000000a8700000| Untracked 
|  32|0x00000000a8800000, 0x00000000a8800000, 0x00000000a8900000|  0%| F|  |TAMS 0x00000000a8800000, 0x00000000a8800000| Untracked 
|  33|0x00000000a8900000, 0x00000000a8900000, 0x00000000a8a00000|  0%| F|  |TAMS 0x00000000a8900000, 0x00000000a8900000| Untracked 
|  34|0x00000000a8a00000, 0x00000000a8a00000, 0x00000000a8b00000|  0%| F|  |TAMS 0x00000000a8a00000, 0x00000000a8a00000| Untracked 
|  35|0x00000000a8b00000, 0x00000000a8b00000, 0x00000000a8c00000|  0%| F|  |TAMS 0x00000000a8b00000, 0x00000000a8b00000| Untracked 
|  36|0x00000000a8c00000, 0x00000000a8c00000, 0x00000000a8d00000|  0%| F|  |TAMS 0x00000000a8c00000, 0x00000000a8c00000| Untracked 
|  37|0x00000000a8d00000, 0x00000000a8d00000, 0x00000000a8e00000|  0%| F|  |TAMS 0x00000000a8d00000, 0x00000000a8d00000| Untracked 
|  38|0x00000000a8e00000, 0x00000000a8e00000, 0x00000000a8f00000|  0%| F|  |TAMS 0x00000000a8e00000, 0x00000000a8e00000| Untracked 
|  39|0x00000000a8f00000, 0x00000000a8f00000, 0x00000000a9000000|  0%| F|  |TAMS 0x00000000a8f00000, 0x00000000a8f00000| Untracked 
|  40|0x00000000a9000000, 0x00000000a9000000, 0x00000000a9100000|  0%| F|  |TAMS 0x00000000a9000000, 0x00000000a9000000| Untracked 
|  41|0x00000000a9100000, 0x00000000a9100000, 0x00000000a9200000|  0%| F|  |TAMS 0x00000000a9100000, 0x00000000a9100000| Untracked 
|  42|0x00000000a9200000, 0x00000000a9200000, 0x00000000a9300000|  0%| F|  |TAMS 0x00000000a9200000, 0x00000000a9200000| Untracked 
|  43|0x00000000a9300000, 0x00000000a9300000, 0x00000000a9400000|  0%| F|  |TAMS 0x00000000a9300000, 0x00000000a9300000| Untracked 
|  44|0x00000000a9400000, 0x00000000a9400000, 0x00000000a9500000|  0%| F|  |TAMS 0x00000000a9400000, 0x00000000a9400000| Untracked 
|  45|0x00000000a9500000, 0x00000000a9500000, 0x00000000a9600000|  0%| F|  |TAMS 0x00000000a9500000, 0x00000000a9500000| Untracked 
|  46|0x00000000a9600000, 0x00000000a9600000, 0x00000000a9700000|  0%| F|  |TAMS 0x00000000a9600000, 0x00000000a9600000| Untracked 
|  47|0x00000000a9700000, 0x00000000a9700000, 0x00000000a9800000|  0%| F|  |TAMS 0x00000000a9700000, 0x00000000a9700000| Untracked 
|  48|0x00000000a9800000, 0x00000000a9800000, 0x00000000a9900000|  0%| F|  |TAMS 0x00000000a9800000, 0x00000000a9800000| Untracked 
|  49|0x00000000a9900000, 0x00000000a9900000, 0x00000000a9a00000|  0%| F|  |TAMS 0x00000000a9900000, 0x00000000a9900000| Untracked 
|  50|0x00000000a9a00000, 0x00000000a9a00000, 0x00000000a9b00000|  0%| F|  |TAMS 0x00000000a9a00000, 0x00000000a9a00000| Untracked 
|  51|0x00000000a9b00000, 0x00000000a9b00000, 0x00000000a9c00000|  0%| F|  |TAMS 0x00000000a9b00000, 0x00000000a9b00000| Untracked 
|  52|0x00000000a9c00000, 0x00000000a9c00000, 0x00000000a9d00000|  0%| F|  |TAMS 0x00000000a9c00000, 0x00000000a9c00000| Untracked 
|  53|0x00000000a9d00000, 0x00000000a9d00000, 0x00000000a9e00000|  0%| F|  |TAMS 0x00000000a9d00000, 0x00000000a9d00000| Untracked 
|  54|0x00000000a9e00000, 0x00000000a9e00000, 0x00000000a9f00000|  0%| F|  |TAMS 0x00000000a9e00000, 0x00000000a9e00000| Untracked 
|  55|0x00000000a9f00000, 0x00000000a9f00000, 0x00000000aa000000|  0%| F|  |TAMS 0x00000000a9f00000, 0x00000000a9f00000| Untracked 
|  56|0x00000000aa000000, 0x00000000aa000000, 0x00000000aa100000|  0%| F|  |TAMS 0x00000000aa000000, 0x00000000aa000000| Untracked 
|  57|0x00000000aa100000, 0x00000000aa100000, 0x00000000aa200000|  0%| F|  |TAMS 0x00000000aa100000, 0x00000000aa100000| Untracked 
|  58|0x00000000aa200000, 0x00000000aa200000, 0x00000000aa300000|  0%| F|  |TAMS 0x00000000aa200000, 0x00000000aa200000| Untracked 
|  59|0x00000000aa300000, 0x00000000aa300000, 0x00000000aa400000|  0%| F|  |TAMS 0x00000000aa300000, 0x00000000aa300000| Untracked 
|  60|0x00000000aa400000, 0x00000000aa400000, 0x00000000aa500000|  0%| F|  |TAMS 0x00000000aa400000, 0x00000000aa400000| Untracked 
|  61|0x00000000aa500000, 0x00000000aa500000, 0x00000000aa600000|  0%| F|  |TAMS 0x00000000aa500000, 0x00000000aa500000| Untracked 
|  62|0x00000000aa600000, 0x00000000aa600000, 0x00000000aa700000|  0%| F|  |TAMS 0x00000000aa600000, 0x00000000aa600000| Untracked 
|  63|0x00000000aa700000, 0x00000000aa700000, 0x00000000aa800000|  0%| F|  |TAMS 0x00000000aa700000, 0x00000000aa700000| Untracked 
|  64|0x00000000aa800000, 0x00000000aa800000, 0x00000000aa900000|  0%| F|  |TAMS 0x00000000aa800000, 0x00000000aa800000| Untracked 
|  65|0x00000000aa900000, 0x00000000aa900000, 0x00000000aaa00000|  0%| F|  |TAMS 0x00000000aa900000, 0x00000000aa900000| Untracked 
|  66|0x00000000aaa00000, 0x00000000aaa00000, 0x00000000aab00000|  0%| F|  |TAMS 0x00000000aaa00000, 0x00000000aaa00000| Untracked 
|  67|0x00000000aab00000, 0x00000000aab00000, 0x00000000aac00000|  0%| F|  |TAMS 0x00000000aab00000, 0x00000000aab00000| Untracked 
|  68|0x00000000aac00000, 0x00000000aac00000, 0x00000000aad00000|  0%| F|  |TAMS 0x00000000aac00000, 0x00000000aac00000| Untracked 
|  69|0x00000000aad00000, 0x00000000aad22f10, 0x00000000aae00000| 13%| E|  |TAMS 0x00000000aad00000, 0x00000000aad00000| Complete 

Card table byte_map: [0x00000183995c0000,0x0000018399890000] _byte_map_base: 0x000001839908c000

Marking Bits (Prev, Next): (CMBitMap*) 0x000001838200b838, (CMBitMap*) 0x000001838200b870
 Prev Bits: [0x0000018399b60000, 0x000001839b1c0000)
 Next Bits: [0x000001839b1c0000, 0x000001839c820000)

Polling page: 0x00000183817a0000

Metaspace:

Usage:
  Non-class:     52.40 MB capacity,    51.65 MB ( 99%) used,   621.57 KB (  1%) free+waste,   150.25 KB ( <1%) overhead. 
      Class:      7.65 MB capacity,     7.11 MB ( 93%) used,   481.61 KB (  6%) free+waste,    66.44 KB ( <1%) overhead. 
       Both:     60.05 MB capacity,    58.76 MB ( 98%) used,     1.08 MB (  2%) free+waste,   216.69 KB ( <1%) overhead. 

Virtual space:
  Non-class space:       54.00 MB reserved,      52.75 MB ( 98%) committed 
      Class space:        1.00 GB reserved,       7.82 MB ( <1%) committed 
             Both:        1.05 GB reserved,      60.57 MB (  6%) committed 

Chunk freelists:
   Non-Class:  20.25 KB
       Class:  13.25 KB
        Both:  33.50 KB

CodeHeap 'non-profiled nmethods': size=120064Kb used=4086Kb max_used=4239Kb free=115977Kb
 bounds [0x0000018391db0000, 0x00000183921e0000, 0x00000183992f0000]
CodeHeap 'profiled nmethods': size=120000Kb used=13120Kb max_used=13720Kb free=106879Kb
 bounds [0x000001838a880000, 0x000001838b600000, 0x0000018391db0000]
CodeHeap 'non-nmethods': size=5696Kb used=1201Kb max_used=1251Kb free=4494Kb
 bounds [0x000001838a2f0000, 0x000001838a560000, 0x000001838a880000]
 total_blobs=8818 nmethods=5641 adapters=473
 compilation: enabled
              stopped_count=0, restarted_count=0
 full_count=0

Compilation events (10 events):
Event: 14549.666 Thread 0x000001839f69d000 nmethod 6708 0x000001838a88a790 code [0x000001838a88a960, 0x000001838a88aaf0]
Event: 14549.666 Thread 0x000001839f69d000 6710       3       java.util.concurrent.CopyOnWriteArrayList::remove (34 bytes)
Event: 14549.667 Thread 0x000001839f69d000 nmethod 6710 0x000001838a8d5090 code [0x000001838a8d5260, 0x000001838a8d5500]
Event: 14549.667 Thread 0x000001839f69d000 6709  s    3       org.apache.tomcat.util.modeler.Registry::getRegistry (120 bytes)
Event: 14549.667 Thread 0x000001839f69d000 nmethod 6709 0x000001838a9e2890 code [0x000001838a9e2a80, 0x000001838a9e2f90]
Event: 14549.668 Thread 0x000001839ecff000 6712       4       java.util.concurrent.locks.ReentrantLock::lock (9 bytes)
Event: 14549.672 Thread 0x000001839f69d000 6713       1       com.sun.jmx.mbeanserver.NamedObject::getObject (5 bytes)
Event: 14549.672 Thread 0x000001839f69d000 nmethod 6713 0x0000018391e48b90 code [0x0000018391e48d40, 0x0000018391e48e58]
Event: 14549.757 Thread 0x000001839f69d000 6714       1       java.lang.Long::longValue (5 bytes)
Event: 14549.757 Thread 0x000001839f69d000 nmethod 6714 0x0000018391e48810 code [0x0000018391e489c0, 0x0000018391e48ad8]

GC Heap History (10 events):
Event: 14534.376 GC heap before
{Heap before GC invocations=24 (full 1):
 garbage-first heap   total 71680K, used 52549K [0x00000000a6800000, 0x0000000100000000)
  region size 1024K, 30 young (30720K), 3 survivors (3072K)
 Metaspace       used 59740K, capacity 61017K, committed 61516K, reserved 1103872K
  class space    used 7264K, capacity 7783K, committed 8012K, reserved 1048576K
}
Event: 14534.465 GC heap after
{Heap after GC invocations=25 (full 2):
 garbage-first heap   total 71680K, used 22268K [0x00000000a6800000, 0x0000000100000000)
  region size 1024K, 0 young (0K), 0 survivors (0K)
 Metaspace       used 59719K, capacity 60981K, committed 61516K, reserved 1103872K
  class space    used 7260K, capacity 7774K, committed 8012K, reserved 1048576K
}
Event: 14536.070 GC heap before
{Heap before GC invocations=25 (full 2):
 garbage-first heap   total 71680K, used 57084K [0x00000000a6800000, 0x0000000100000000)
  region size 1024K, 34 young (34816K), 0 survivors (0K)
 Metaspace       used 59838K, capacity 61146K, committed 61772K, reserved 1103872K
  class space    used 7266K, capacity 7782K, committed 8012K, reserved 1048576K
}
Event: 14536.074 GC heap after
{Heap after GC invocations=26 (full 2):
 garbage-first heap   total 71680K, used 24454K [0x00000000a6800000, 0x0000000100000000)
  region size 1024K, 3 young (3072K), 3 survivors (3072K)
 Metaspace       used 59838K, capacity 61146K, committed 61772K, reserved 1103872K
  class space    used 7266K, capacity 7782K, committed 8012K, reserved 1048576K
}
Event: 14536.286 GC heap before
{Heap before GC invocations=26 (full 2):
 garbage-first heap   total 71680K, used 56198K [0x00000000a6800000, 0x0000000100000000)
  region size 1024K, 35 young (35840K), 3 survivors (3072K)
 Metaspace       used 59901K, capacity 61218K, committed 61772K, reserved 1103872K
  class space    used 7268K, capacity 7785K, committed 8012K, reserved 1048576K
}
Event: 14536.291 GC heap after
{Heap after GC invocations=27 (full 2):
 garbage-first heap   total 71680K, used 25161K [0x00000000a6800000, 0x0000000100000000)
  region size 1024K, 3 young (3072K), 3 survivors (3072K)
 Metaspace       used 59901K, capacity 61218K, committed 61772K, reserved 1103872K
  class space    used 7268K, capacity 7785K, committed 8012K, reserved 1048576K
}
Event: 14537.069 GC heap before
{Heap before GC invocations=27 (full 2):
 garbage-first heap   total 71680K, used 56905K [0x00000000a6800000, 0x0000000100000000)
  region size 1024K, 35 young (35840K), 3 survivors (3072K)
 Metaspace       used 60159K, capacity 61491K, committed 62028K, reserved 1103872K
  class space    used 7281K, capacity 7830K, committed 8012K, reserved 1048576K
}
Event: 14537.076 GC heap after
{Heap after GC invocations=28 (full 2):
 garbage-first heap   total 71680K, used 25981K [0x00000000a6800000, 0x0000000100000000)
  region size 1024K, 3 young (3072K), 3 survivors (3072K)
 Metaspace       used 60159K, capacity 61491K, committed 62028K, reserved 1103872K
  class space    used 7281K, capacity 7830K, committed 8012K, reserved 1048576K
}
Event: 14549.673 GC heap before
{Heap before GC invocations=28 (full 2):
 garbage-first heap   total 71680K, used 30077K [0x00000000a6800000, 0x0000000100000000)
  region size 1024K, 8 young (8192K), 3 survivors (3072K)
 Metaspace       used 60174K, capacity 61498K, committed 62028K, reserved 1103872K
  class space    used 7282K, capacity 7832K, committed 8012K, reserved 1048576K
}
Event: 14549.757 GC heap after
{Heap after GC invocations=29 (full 3):
 garbage-first heap   total 71680K, used 22371K [0x00000000a6800000, 0x0000000100000000)
  region size 1024K, 0 young (0K), 0 survivors (0K)
 Metaspace       used 60172K, capacity 61492K, committed 62028K, reserved 1103872K
  class space    used 7281K, capacity 7830K, committed 8012K, reserved 1048576K
}

Deoptimization events (10 events):
Event: 14464.665 Thread 0x00000183a5ee6800 Uncommon trap: reason=profile_predicate action=maybe_recompile pc=0x0000018392129dd4 method=org.springframework.asm.ClassReader.readCode(Lorg/springframework/asm/MethodVisitor;Lorg/springframework/asm/Context;I)V @ 2164 c2
Event: 14464.666 Thread 0x00000183a5ee6800 Uncommon trap: reason=profile_predicate action=maybe_recompile pc=0x0000018392129dd4 method=org.springframework.asm.ClassReader.readCode(Lorg/springframework/asm/MethodVisitor;Lorg/springframework/asm/Context;I)V @ 2164 c2
Event: 14464.925 Thread 0x00000183a5ee6800 Uncommon trap: reason=profile_predicate action=maybe_recompile pc=0x0000018391ff0d44 method=org.springframework.boot.context.properties.source.ConfigurationPropertyName.elementEquals(Lorg/springframework/boot/context/properties/source/ConfigurationPropert
Event: 14464.925 Thread 0x00000183a5ee6800 Uncommon trap: reason=profile_predicate action=maybe_recompile pc=0x0000018391ff0d44 method=org.springframework.boot.context.properties.source.ConfigurationPropertyName.elementEquals(Lorg/springframework/boot/context/properties/source/ConfigurationPropert
Event: 14464.925 Thread 0x00000183a5ee6800 Uncommon trap: reason=profile_predicate action=maybe_recompile pc=0x0000018391ff0d44 method=org.springframework.boot.context.properties.source.ConfigurationPropertyName.elementEquals(Lorg/springframework/boot/context/properties/source/ConfigurationPropert
Event: 14464.925 Thread 0x00000183a5ee6800 Uncommon trap: reason=profile_predicate action=maybe_recompile pc=0x0000018391ff0d44 method=org.springframework.boot.context.properties.source.ConfigurationPropertyName.elementEquals(Lorg/springframework/boot/context/properties/source/ConfigurationPropert
Event: 14535.441 Thread 0x00000183a5c20000 Uncommon trap: reason=profile_predicate action=maybe_recompile pc=0x0000018392129dd4 method=org.springframework.asm.ClassReader.readCode(Lorg/springframework/asm/MethodVisitor;Lorg/springframework/asm/Context;I)V @ 2164 c2
Event: 14535.855 Thread 0x00000183a5c20000 Uncommon trap: reason=profile_predicate action=maybe_recompile pc=0x0000018392129dd4 method=org.springframework.asm.ClassReader.readCode(Lorg/springframework/asm/MethodVisitor;Lorg/springframework/asm/Context;I)V @ 2164 c2
Event: 14549.263 Thread 0x00000183a5ee7000 Uncommon trap: reason=bimorphic_or_optimized_type_check action=maybe_recompile pc=0x0000018391fd4d70 method=java.util.HashMap.removeNode(ILjava/lang/Object;Ljava/lang/Object;ZZ)Ljava/util/HashMap$Node; @ 143 c2
Event: 14549.670 Thread 0x00000183a5c21800 Uncommon trap: reason=unstable_if action=reinterpret pc=0x0000018391e6ec7c method=java.util.concurrent.atomic.AtomicBoolean.get()Z @ 4 c2

Classes redefined (0 events):
No events

Internal exceptions (10 events):
Event: 14536.436 Thread 0x00000183a5c20000 Exception <a 'java/lang/NullPointerException'{0x00000000aa20ada8}> (0x00000000aa20ada8) thrown at [t:/workspace/open/src/hotspot/share/runtime/sharedRuntime.cpp, line 584]
Event: 14536.436 Thread 0x00000183a5c20000 Implicit null exception at 0x000001838b0a70b5 to 0x000001838b0a763b
Event: 14536.436 Thread 0x00000183a5c20000 Exception <a 'java/lang/NullPointerException'{0x00000000aa20bd40}> (0x00000000aa20bd40) thrown at [t:/workspace/open/src/hotspot/share/runtime/sharedRuntime.cpp, line 584]
Event: 14536.436 Thread 0x00000183a5c20000 Implicit null exception at 0x000001838b0a70b5 to 0x000001838b0a763b
Event: 14536.436 Thread 0x00000183a5c20000 Exception <a 'java/lang/NullPointerException'{0x00000000aa20cc90}> (0x00000000aa20cc90) thrown at [t:/workspace/open/src/hotspot/share/runtime/sharedRuntime.cpp, line 584]
Event: 14536.640 Thread 0x00000183a5c20000 Exception <a 'java/lang/NullPointerException'{0x00000000a9e5e678}> (0x00000000a9e5e678) thrown at [t:/workspace/open/src/hotspot/share/interpreter/linkResolver.cpp, line 1436]
Event: 14536.654 Thread 0x00000183a5c20000 Exception <a 'java/lang/NullPointerException'{0x00000000a9e9f190}> (0x00000000a9e9f190) thrown at [t:/workspace/open/src/hotspot/share/interpreter/linkResolver.cpp, line 1436]
Event: 14536.667 Thread 0x00000183a5c20000 Exception <a 'java/lang/NullPointerException'{0x00000000a9edae78}> (0x00000000a9edae78) thrown at [t:/workspace/open/src/hotspot/share/interpreter/linkResolver.cpp, line 1436]
Event: 14536.677 Thread 0x00000183a5c20000 Exception <a 'java/lang/NullPointerException'{0x00000000a9d16830}> (0x00000000a9d16830) thrown at [t:/workspace/open/src/hotspot/share/interpreter/linkResolver.cpp, line 1436]
Event: 14549.671 Thread 0x00000183a5c26800 Exception <a 'java/lang/InterruptedException'{0x00000000aa95cbb0}: sleep interrupted> (0x00000000aa95cbb0) thrown at [t:/workspace/open/src/hotspot/share/prims/jvm.cpp, line 3117]

Events (10 events):
Event: 14549.672 Executing VM operation: RevokeBias
Event: 14549.672 Executing VM operation: RevokeBias done
Event: 14549.672 Thread 0x00000183a5c25800 Thread exited: 0x00000183a5c25800
Event: 14549.672 Thread 0x00000183a5c24000 Thread exited: 0x00000183a5c24000
Event: 14549.673 Executing VM operation: G1CollectFull
Event: 14549.757 Executing VM operation: G1CollectFull done
Event: 14549.757 Thread 0x00000183a5ee3000 Thread exited: 0x00000183a5ee3000
Event: 14549.758 Thread 0x00000183a5ee6800 Thread added: 0x00000183a5ee6800
Event: 14549.758 Executing VM operation: RevokeBias
Event: 14549.758 Executing VM operation: RevokeBias done


Dynamic libraries:
0x00007ff6dd2f0000 - 0x00007ff6dd337000 	C:\Program Files\Java\jdk-11.0.2\bin\javaw.exe
0x00007ff8cddf0000 - 0x00007ff8cdfd1000 	C:\WINDOWS\SYSTEM32\ntdll.dll
0x00007ff8a78d0000 - 0x00007ff8a78e2000 	C:\Program Files\AVAST Software\Avast\aswhook.dll
0x00007ff8cbc60000 - 0x00007ff8cbd11000 	C:\WINDOWS\System32\KERNEL32.DLL
0x00007ff8cafb0000 - 0x00007ff8cb223000 	C:\WINDOWS\System32\KERNELBASE.dll
0x00007ff8cdaa0000 - 0x00007ff8cdb41000 	C:\WINDOWS\System32\ADVAPI32.dll
0x00007ff8cb2e0000 - 0x00007ff8cb37e000 	C:\WINDOWS\System32\msvcrt.dll
0x00007ff8cbe20000 - 0x00007ff8cbe7b000 	C:\WINDOWS\System32\sechost.dll
0x00007ff8cdbb0000 - 0x00007ff8cdcd4000 	C:\WINDOWS\System32\RPCRT4.dll
0x00007ff8cb840000 - 0x00007ff8cb9d0000 	C:\WINDOWS\System32\USER32.dll
0x00007ff8ca770000 - 0x00007ff8ca790000 	C:\WINDOWS\System32\win32u.dll
0x00007ff8cbdf0000 - 0x00007ff8cbe18000 	C:\WINDOWS\System32\GDI32.dll
0x00007ff8ca3b0000 - 0x00007ff8ca542000 	C:\WINDOWS\System32\gdi32full.dll
0x00007ff8ca5d0000 - 0x00007ff8ca66f000 	C:\WINDOWS\System32\msvcp_win.dll
0x00007ff8ca670000 - 0x00007ff8ca768000 	C:\WINDOWS\System32\ucrtbase.dll
0x00007ff8be6d0000 - 0x00007ff8be939000 	C:\WINDOWS\WinSxS\amd64_microsoft.windows.common-controls_6595b64144ccf1df_6.0.17134.706_none_fb43a2cb30647007\COMCTL32.dll
0x00007ff8cd5d0000 - 0x00007ff8cd8f2000 	C:\WINDOWS\System32\combase.dll
0x00007ff8ca550000 - 0x00007ff8ca5ca000 	C:\WINDOWS\System32\bcryptPrimitives.dll
0x00007ff8c4a50000 - 0x00007ff8c4a5a000 	C:\WINDOWS\SYSTEM32\VERSION.dll
0x00007ff8cb3c0000 - 0x00007ff8cb3ed000 	C:\WINDOWS\System32\IMM32.DLL
0x00007ff8bd930000 - 0x00007ff8bd946000 	C:\Program Files\Java\jdk-11.0.2\bin\vcruntime140.dll
0x00007ff89eeb0000 - 0x00007ff89ef5a000 	C:\Program Files\Java\jdk-11.0.2\bin\msvcp140.dll
0x00007ff88f200000 - 0x00007ff88fd27000 	C:\Program Files\Java\jdk-11.0.2\bin\server\jvm.dll
0x00007ff8cba80000 - 0x00007ff8cba88000 	C:\WINDOWS\System32\PSAPI.DLL
0x00007ff8c0bb0000 - 0x00007ff8c0bb9000 	C:\WINDOWS\SYSTEM32\WSOCK32.dll
0x00007ff8cba90000 - 0x00007ff8cbafc000 	C:\WINDOWS\System32\WS2_32.dll
0x00007ff8c7aa0000 - 0x00007ff8c7ac3000 	C:\WINDOWS\SYSTEM32\WINMM.dll
0x00007ff8c7a70000 - 0x00007ff8c7a9a000 	C:\WINDOWS\SYSTEM32\WINMMBASE.dll
0x00007ff8cb230000 - 0x00007ff8cb279000 	C:\WINDOWS\System32\cfgmgr32.dll
0x00007ff8ca180000 - 0x00007ff8ca191000 	C:\WINDOWS\System32\kernel.appcore.dll
0x00007ff8a00b0000 - 0x00007ff8a00c1000 	C:\Program Files\Java\jdk-11.0.2\bin\verify.dll
0x00007ff8ba110000 - 0x00007ff8ba2d9000 	C:\WINDOWS\SYSTEM32\DBGHELP.DLL
0x00007ff8ba0d0000 - 0x00007ff8ba0f9000 	C:\WINDOWS\SYSTEM32\dbgcore.DLL
0x00007ff890390000 - 0x00007ff8903b9000 	C:\Program Files\Java\jdk-11.0.2\bin\java.dll
0x00007ff8a0090000 - 0x00007ff8a00a6000 	C:\Program Files\Java\jdk-11.0.2\bin\zip.dll
0x00007ff890380000 - 0x00007ff89038a000 	C:\Program Files\Java\jdk-11.0.2\bin\jimage.dll
0x00007ff8cc0f0000 - 0x00007ff8cd530000 	C:\WINDOWS\System32\SHELL32.dll
0x00007ff8cb9d0000 - 0x00007ff8cba79000 	C:\WINDOWS\System32\shcore.dll
0x00007ff8ca790000 - 0x00007ff8cae9d000 	C:\WINDOWS\System32\windows.storage.dll
0x00007ff8cb280000 - 0x00007ff8cb2d1000 	C:\WINDOWS\System32\shlwapi.dll
0x00007ff8ca160000 - 0x00007ff8ca17f000 	C:\WINDOWS\System32\profapi.dll
0x00007ff8ca110000 - 0x00007ff8ca15c000 	C:\WINDOWS\System32\powrprof.dll
0x00007ff8ca100000 - 0x00007ff8ca10a000 	C:\WINDOWS\System32\FLTLIB.DLL
0x00007ff890360000 - 0x00007ff890379000 	C:\Program Files\Java\jdk-11.0.2\bin\net.dll
0x00007ff8be270000 - 0x00007ff8be34d000 	C:\WINDOWS\SYSTEM32\WINHTTP.dll
0x00007ff8c2340000 - 0x00007ff8c2508000 	C:\WINDOWS\SYSTEM32\urlmon.dll
0x00007ff8c2090000 - 0x00007ff8c2336000 	C:\WINDOWS\SYSTEM32\iertutil.dll
0x00007ff8c9af0000 - 0x00007ff8c9afb000 	C:\WINDOWS\SYSTEM32\CRYPTBASE.DLL
0x00007ff8b8970000 - 0x00007ff8b8990000 	C:\WINDOWS\system32\PrxerDrv.dll
0x00007ff8c9920000 - 0x00007ff8c9986000 	C:\WINDOWS\system32\mswsock.dll
0x00007ff890340000 - 0x00007ff890353000 	C:\Program Files\Java\jdk-11.0.2\bin\nio.dll
0x00007ff8c6860000 - 0x00007ff8c6869000 	C:\Program Files\Java\jdk-11.0.2\bin\management.dll
0x00007ff8c6850000 - 0x00007ff8c685c000 	C:\Program Files\Java\jdk-11.0.2\bin\management_ext.dll
0x00007ff89c6b0000 - 0x00007ff89c6cb000 	C:\WINDOWS\system32\PrxerNsp.dll
0x00007ff8c96f0000 - 0x00007ff8c97ae000 	C:\WINDOWS\SYSTEM32\DNSAPI.dll
0x00007ff8cb3b0000 - 0x00007ff8cb3b8000 	C:\WINDOWS\System32\NSI.dll
0x00007ff8c96a0000 - 0x00007ff8c96d8000 	C:\WINDOWS\SYSTEM32\IPHLPAPI.DLL
0x00007ff8bd0b0000 - 0x00007ff8bd0c6000 	C:\WINDOWS\system32\napinsp.dll
0x00007ff8b5ba0000 - 0x00007ff8b5bba000 	C:\WINDOWS\system32\pnrpnsp.dll
0x00007ff8c67c0000 - 0x00007ff8c67d9000 	C:\WINDOWS\system32\NLAapi.dll
0x00007ff8c2810000 - 0x00007ff8c281e000 	C:\WINDOWS\System32\winrnr.dll
0x00007ff8bd690000 - 0x00007ff8bd69a000 	C:\Windows\System32\rasadhlp.dll
0x00007ff8bea30000 - 0x00007ff8beaa2000 	C:\WINDOWS\System32\fwpuclnt.dll
0x00007ff8c9c00000 - 0x00007ff8c9c25000 	C:\WINDOWS\SYSTEM32\bcrypt.dll
0x00007ff8c9ad0000 - 0x00007ff8c9ae7000 	C:\WINDOWS\SYSTEM32\CRYPTSP.dll
0x00007ff8c9500000 - 0x00007ff8c9533000 	C:\WINDOWS\system32\rsaenh.dll
0x00007ff8ca030000 - 0x00007ff8ca058000 	C:\WINDOWS\SYSTEM32\USERENV.dll
0x00007ff8c27f0000 - 0x00007ff8c2806000 	C:\WINDOWS\SYSTEM32\dhcpcsvc6.DLL
0x00007ff8c2be0000 - 0x00007ff8c2bfa000 	C:\WINDOWS\SYSTEM32\dhcpcsvc.DLL
0x000000006cd80000 - 0x000000006ce70000 	C:\Users\Demar Johnson\AppData\Local\Temp\sqlite-3.16.1-a4a87859-c5b4-471d-a4a9-e3e0c9b36bef-sqlitejdbc.dll

dbghelp: loaded successfully - version: 4.0.5 - missing functions: none
symbol engine: initialized successfully - sym options: 0x614 - pdb path: .;C:\Program Files\Java\jdk-11.0.2\bin;C:\WINDOWS\SYSTEM32;C:\Program Files\AVAST Software\Avast;C:\WINDOWS\WinSxS\amd64_microsoft.windows.common-controls_6595b64144ccf1df_6.0.17134.706_none_fb43a2cb30647007;C:\Program Files\Java\jdk-11.0.2\bin\server;C:\Users\Demar Johnson\AppData\Local\Temp

VM Arguments:
jvm_args: -Dfile.encoding=UTF-8 
java_command: com.JohnApp.JohnShop.JohnShopApplication
java_class_path (initial): C:\Users\Demar Johnson\johnshop\JohnShop\target\classes;C:\Users\Demar Johnson\.m2\repository\org\springframework\boot\spring-boot-starter-data-jpa\2.1.3.RELEASE\spring-boot-starter-data-jpa-2.1.3.RELEASE.jar;C:\Users\Demar Johnson\.m2\repository\org\springframework\boot\spring-boot-starter-aop\2.1.3.RELEASE\spring-boot-starter-aop-2.1.3.RELEASE.jar;C:\Users\Demar Johnson\.m2\repository\org\springframework\spring-aop\5.1.5.RELEASE\spring-aop-5.1.5.RELEASE.jar;C:\Users\Demar Johnson\.m2\repository\org\aspectj\aspectjweaver\1.9.2\aspectjweaver-1.9.2.jar;C:\Users\Demar Johnson\.m2\repository\org\springframework\boot\spring-boot-starter-jdbc\2.1.3.RELEASE\spring-boot-starter-jdbc-2.1.3.RELEASE.jar;C:\Users\Demar Johnson\.m2\repository\com\zaxxer\HikariCP\3.2.0\HikariCP-3.2.0.jar;C:\Users\Demar Johnson\.m2\repository\org\springframework\spring-jdbc\5.1.5.RELEASE\spring-jdbc-5.1.5.RELEASE.jar;C:\Users\Demar Johnson\.m2\repository\javax\transaction\javax.transaction-api\1.3\javax.transaction-api-1.3.jar;C:\Users\Demar Johnson\.m2\repository\javax\xml\bind\jaxb-api\2.3.1\jaxb-api-2.3.1.jar;C:\Users\Demar Johnson\.m2\repository\javax\activation\javax.activation-api\1.2.0\javax.activation-api-1.2.0.jar;C:\Users\Demar Johnson\.m2\repository\org\hibernate\hibernate-core\5.3.7.Final\hibernate-core-5.3.7.Final.jar;C:\Users\Demar Johnson\.m2\repository\org\jboss\logging\jboss-logging\3.3.2.Final\jboss-logging-3.3.2.Final.jar;C:\Users\Demar Johnson\.m2\repository\javax\persistence\javax.persistence-api\2.2\javax.persistence-api-2.2.jar;C:\Users\Demar Johnson\.m2\repository\org\javassist\javassist\3.23.1-GA\javassist-3.23.1-GA.jar;C:\Users\Demar Johnson\.m2\repository\net\bytebuddy\byte-buddy\1.9.10\byte-buddy-1.9.10.jar;C:\Users\Demar Johnson\.m2\repository\antlr\antlr\2.7.7\antlr-2.7.7.jar;C:\Users\Demar Johnson\.m2\repository\org\jboss\jandex\2.0.5.Final\jandex-2.0.5.Final.jar;C:\Users\Demar Johnson\.m2\repository\com\fasterxml\classmate\1.4.0\classma
Launcher Type: SUN_STANDARD

[Global flags]
     intx CICompilerCount                          = 3                                         {product} {ergonomic}
     uint ConcGCThreads                            = 1                                         {product} {ergonomic}
     uint G1ConcRefinementThreads                  = 4                                         {product} {ergonomic}
   size_t G1HeapRegionSize                         = 1048576                                   {product} {ergonomic}
    uintx GCDrainStackTargetSize                   = 64                                        {product} {ergonomic}
   size_t InitialHeapSize                          = 94371840                                  {product} {ergonomic}
   size_t MarkStackSize                            = 4194304                                   {product} {ergonomic}
   size_t MaxHeapSize                              = 1501560832                                {product} {ergonomic}
   size_t MaxNewSize                               = 900726784                                 {product} {ergonomic}
   size_t MinHeapDeltaBytes                        = 1048576                                   {product} {ergonomic}
    uintx NonNMethodCodeHeapSize                   = 5830092                                {pd product} {ergonomic}
    uintx NonProfiledCodeHeapSize                  = 122914074                              {pd product} {ergonomic}
    uintx ProfiledCodeHeapSize                     = 122914074                              {pd product} {ergonomic}
    uintx ReservedCodeCacheSize                    = 251658240                              {pd product} {ergonomic}
     bool SegmentedCodeCache                       = true                                      {product} {ergonomic}
     bool UseCompressedClassPointers               = true                                 {lp64_product} {ergonomic}
     bool UseCompressedOops                        = true                                 {lp64_product} {ergonomic}
     bool UseG1GC                                  = true                                      {product} {ergonomic}
     bool UseLargePagesIndividualAllocation        = false                                  {pd product} {ergonomic}

Logging:
Log output configuration:
 #0: stdout all=warning uptime,level,tags
 #1: stderr all=off uptime,level,tags

Environment Variables:
PATH=C:/Program Files/Java/jdk-11.0.2/bin/server;C:/Program Files/Java/jdk-11.0.2/bin;C:\Program Files\Java\jdk-11.0.2\bin;C:\WINDOWS\system32;C:\WINDOWS;C:\WINDOWS\System32\Wbem;C:\WINDOWS\System32\WindowsPowerShell\v1.0\;C:\WINDOWS\system32\config\systemprofile\.dnx\bin;C:\Program Files\Microsoft DNX\Dnvm\;C:\Program Files\Microsoft SQL Server\130\Tools\Binn\;C:\Program Files\Git\cmd;C:\WINDOWS\System32\OpenSSH\;C:\Program Files (x86)\IBM\SPSS\Statistics\24\JRE\bin;C:\Program Files (x86)\Microsoft SQL Server\Client SDK\ODBC\130\Tools\Binn\;C:\Program Files (x86)\Microsoft SQL Server\140\Tools\Binn\;C:\Program Files (x86)\Microsoft SQL Server\140\DTS\Binn\;C:\Program Files (x86)\Microsoft SQL Server\140\Tools\Binn\ManagementStudio\;C:\Program Files\Microsoft SQL Server\Client SDK\ODBC\130\Tools\Binn\;C:\Program Files\Microsoft SQL Server\140\Tools\Binn\;C:\Program Files\Microsoft SQL Server\140\DTS\Binn\;;C:\Users\Demar Johnson\AppData\Local\Programs\Microsoft VS Code\bin;C:\Program Files\swipl\bin;C:\Users\Demar Johnson\Desktop;
USERNAME=Demar Johnson
OS=Windows_NT
PROCESSOR_IDENTIFIER=AMD64 Family 21 Model 101 Stepping 1, AuthenticAMD



---------------  S Y S T E M  ---------------

OS: Windows 10 , 64 bit Build 17134 (10.0.17134.706)

CPU:total 4 (initial active 4) (4 cores per cpu, 1 threads per core) family 21 model 101 stepping 1, cmov, cx8, fxsr, mmx, sse, sse2, sse3, ssse3, sse4.1, sse4.2, popcnt, avx, avx2, aes, clmul, mmxext, 3dnowpref, lzcnt, sse4a, tsc, tscinvbit, tscinv, bmi1, bmi2, fma

Memory: 4k page, system-wide physical 5727M (1253M free)
TotalPageFile size 15583M (AvailPageFile size 9562M)
current process WorkingSet (physical memory assigned to process): 209M, peak: 294M
current process commit charge ("private bytes"): 251M, peak: 341M

vm_info: Java HotSpot(TM) 64-Bit Server VM (11.0.2+9-LTS) for windows-amd64 JRE (11.0.2+9-LTS), built on Jan 18 2019 05:24:10 by "mach5one" with MS VC++ 15.5 (VS2017)

END.
