#
# A fatal error has been detected by the Java Runtime Environment:
#
#  EXCEPTION_ACCESS_VIOLATION (0xc0000005) at pc=0x000000006cdfa0bf, pid=10244, tid=12072
#
# JRE version: Java(TM) SE Runtime Environment (11.0.2+9) (build 11.0.2+9-LTS)
# Java VM: Java HotSpot(TM) 64-Bit Server VM (11.0.2+9-LTS, mixed mode, tiered, compressed oops, g1 gc, windows-amd64)
# Problematic frame:
# C  [sqlite-3.16.1-629ac0e7-3100-46ab-885b-80a51613783b-sqlitejdbc.dll+0x7a0bf]
#
# No core dump will be written. Minidumps are not enabled by default on client versions of Windows
#
# If you would like to submit a bug report, please visit:
#   http://bugreport.java.com/bugreport/crash.jsp
# The crash happened outside the Java Virtual Machine in native code.
# See problematic frame for where to report the bug.
#

---------------  S U M M A R Y ------------

Command Line: -Dfile.encoding=UTF-8 com.JohnApp.JohnShop.JohnShopApplication

Host: AMD A10-9600P RADEON R5, 10 COMPUTE CORES 4C+6G, 4 cores, 5G,  Windows 10 , 64 bit Build 17134 (10.0.17134.706)
Time: Fri Apr 12 10:18:22 2019 SA Pacific Standard Time elapsed time: 3552 seconds (0d 0h 59m 12s)

---------------  T H R E A D  ---------------

Current thread (0x00000255f9e56800):  JavaThread "Secondary finalizer" [_thread_in_native, id=12072, stack(0x0000006b61c00000,0x0000006b61d00000)]

Stack: [0x0000006b61c00000,0x0000006b61d00000],  sp=0x0000006b61cff340,  free space=1020k
Native frames: (J=compiled Java code, j=interpreted, Vv=VM code, C=native code)
C  [sqlite-3.16.1-629ac0e7-3100-46ab-885b-80a51613783b-sqlitejdbc.dll+0x7a0bf]

Java frames: (J=compiled Java code, j=interpreted, Vv=VM code)
J 8407  org.sqlite.core.NativeDB.reset(J)I (0 bytes) @ 0x00000255e4e3037b [0x00000255e4e30340+0x000000000000003b]
J 9135 c1 org.sqlite.core.CoreResultSet.close()V (110 bytes) @ 0x00000255dd7fc5bc [0x00000255dd7fc380+0x000000000000023c]
J 9134 c1 org.sqlite.jdbc4.JDBC4ResultSet.close()V (50 bytes) @ 0x00000255dd81f314 [0x00000255dd81f200+0x0000000000000114]
J 8058 c1 org.sqlite.core.CoreStatement.internalClose()V (75 bytes) @ 0x00000255dd611c4c [0x00000255dd611140+0x0000000000000b0c]
J 8313 c1 org.sqlite.jdbc3.JDBC3Statement.close()V (37 bytes) @ 0x00000255dd7d0ccc [0x00000255dd7d0ae0+0x00000000000001ec]
J 8312 c1 org.sqlite.jdbc4.JDBC4Statement.close()V (10 bytes) @ 0x00000255dd61fa3c [0x00000255dd61f9c0+0x000000000000007c]
J 9280 c1 org.sqlite.jdbc3.JDBC3Statement.finalize()V (5 bytes) @ 0x00000255dd8c5bb4 [0x00000255dd8c5ac0+0x00000000000000f4]
J 7212 c1 java.lang.ref.Finalizer.runFinalizer(Ljdk/internal/misc/JavaLangAccess;)V java.base@11.0.2 (117 bytes) @ 0x00000255ddfd2b7c [0x00000255ddfd2540+0x000000000000063c]
j  java.lang.ref.Finalizer$2.run()V+33 java.base@11.0.2
J 9186 c1 java.lang.Thread.run()V java.base@11.0.2 (17 bytes) @ 0x00000255dd33b794 [0x00000255dd33b660+0x0000000000000134]
v  ~StubRoutines::call_stub

siginfo: EXCEPTION_ACCESS_VIOLATION (0xc0000005), reading address 0x00000255f441bea8


Register to memory mapping:

RIP=0x000000006cdfa0bf sqlite-3.16.1-629ac0e7-3100-46ab-885b-80a51613783b-sqlitejdbc.dll
RAX=0x00000255f6bfe558 points into unknown readable memory: c7 3d cc 1f 55 05 00 80
RBX=0x00000000a8c0c8d8 is an oop: org.sqlite.core.NativeDB 
{0x00000000a8c0c8d8} - klass: 'org/sqlite/core/NativeDB'
RCX=0x00000255f441bea8 is an unknown value
RDX=0x0000006b61cff3a0 is pointing into the stack for thread: 0x00000255f9e56800
RSP=0x0000006b61cff340 is pointing into the stack for thread: 0x00000255f9e56800
RBP=0x0000006b61cff3e0 is pointing into the stack for thread: 0x00000255f9e56800
RSI=0x00000255f441bea8 is an unknown value
RDI=0x00000000a8c0c8d8 is an oop: org.sqlite.core.NativeDB 
{0x00000000a8c0c8d8} - klass: 'org/sqlite/core/NativeDB'
R8 =0x00000255f441bea8 is an unknown value
R9 =0x0 is NULL
R10=0x000000006cd826d0 sqlite-3.16.1-629ac0e7-3100-46ab-885b-80a51613783b-sqlitejdbc.dll
R11=0x0000000000000246 is an unknown value
R12=0x0 is NULL
R13=0x0000006b61cff3d0 is pointing into the stack for thread: 0x00000255f9e56800
R14=0x0000006b61cff3a0 is pointing into the stack for thread: 0x00000255f9e56800
R15=0x00000255f9e56800 is a thread


Registers:
RAX=0x00000255f6bfe558, RBX=0x00000000a8c0c8d8, RCX=0x00000255f441bea8, RDX=0x0000006b61cff3a0
RSP=0x0000006b61cff340, RBP=0x0000006b61cff3e0, RSI=0x00000255f441bea8, RDI=0x00000000a8c0c8d8
R8 =0x00000255f441bea8, R9 =0x0000000000000000, R10=0x000000006cd826d0, R11=0x0000000000000246
R12=0x0000000000000000, R13=0x0000006b61cff3d0, R14=0x0000006b61cff3a0, R15=0x00000255f9e56800
RIP=0x000000006cdfa0bf, EFLAGS=0x0000000000010202

Top of Stack: (sp=0x0000006b61cff340)
0x0000006b61cff340:   00000000a8c0c8d8 00000255e4e30690
0x0000006b61cff350:   00000000a8c0c8d8 0000006b61cff3e0
0x0000006b61cff360:   00000255f9e56800 00000000a8c0c8d8
0x0000006b61cff370:   00000255f441bea8 00000255e4e304e5
0x0000006b61cff380:   0000000000000000 0000000000000000
0x0000006b61cff390:   0000000000000000 0000000000000000
0x0000006b61cff3a0:   00000000a8c0c8d8 0000000000000000
0x0000006b61cff3b0:   0000000000000000 0000000000000000
0x0000006b61cff3c0:   0000000000000000 0000000000000000
0x0000006b61cff3d0:   0000000000000001 0000000000000000
0x0000006b61cff3e0:   0000006b61cff768 00000255dd7fc5bc
0x0000006b61cff3f0:   0000000000000000 0000000000000000
0x0000006b61cff400:   0000000000000000 0000000000000000
0x0000006b61cff410:   0000000000000000 00000000a8c0ca00
0x0000006b61cff420:   0000000000000000 0000000000000000
0x0000006b61cff430:   0000006b61cff768 00000255dd81f314 

Instructions: (pc=0x000000006cdfa0bf)
0x000000006cdfa09f:   20 e8 9b ed ff ff 48 83 c4 38 c3 66 0f 1f 44 00
0x000000006cdfa0af:   00 56 53 48 83 ec 28 48 85 c9 0f 84 b1 00 00 00
0x000000006cdfa0bf:   48 8b 31 48 89 cb 48 8b 4e 18 48 85 c9 74 06 ff
0x000000006cdfa0cf:   15 74 df 04 00 48 83 bb b0 00 00 00 00 7e 0b 48 


Stack slot to memory mapping:
stack at sp + 0 slots: 0x00000000a8c0c8d8 is an oop: org.sqlite.core.NativeDB 
{0x00000000a8c0c8d8} - klass: 'org/sqlite/core/NativeDB'
stack at sp + 1 slots: 0x00000255e4e30690 is at entry_point+848 in (nmethod*)0x00000255e4e30190
stack at sp + 2 slots: 0x00000000a8c0c8d8 is an oop: org.sqlite.core.NativeDB 
{0x00000000a8c0c8d8} - klass: 'org/sqlite/core/NativeDB'
stack at sp + 3 slots: 0x0000006b61cff3e0 is pointing into the stack for thread: 0x00000255f9e56800
stack at sp + 4 slots: 0x00000255f9e56800 is a thread
stack at sp + 5 slots: 0x00000000a8c0c8d8 is an oop: org.sqlite.core.NativeDB 
{0x00000000a8c0c8d8} - klass: 'org/sqlite/core/NativeDB'
stack at sp + 6 slots: 0x00000255f441bea8 is an unknown value
stack at sp + 7 slots: 0x00000255e4e304e5 is at entry_point+421 in (nmethod*)0x00000255e4e30190


---------------  P R O C E S S  ---------------

Threads class SMR info:
_java_thread_list=0x00000255f569cf00, length=19, elements={
0x00000255f1695000, 0x00000255f16a1000, 0x00000255f2032800, 0x00000255f2033000,
0x00000255f16af800, 0x00000255f204d000, 0x00000255f2053800, 0x00000255f214f800,
0x00000255f2165800, 0x00000255f5bbf800, 0x00000255f694e800, 0x00000255f9e5d000,
0x00000255f9e54000, 0x00000255f9e51800, 0x00000255f9e53800, 0x00000255f9e51000,
0x00000255f9e55000, 0x00000255f9e58000, 0x00000255f9e56800
}

Java Threads: ( => current thread )
  0x00000255f1695000 JavaThread "Reference Handler" daemon [_thread_blocked, id=4784, stack(0x0000006b60300000,0x0000006b60400000)]
  0x00000255f16a1000 JavaThread "Finalizer" daemon [_thread_blocked, id=13740, stack(0x0000006b60400000,0x0000006b60500000)]
  0x00000255f2032800 JavaThread "Signal Dispatcher" daemon [_thread_blocked, id=11464, stack(0x0000006b60500000,0x0000006b60600000)]
  0x00000255f2033000 JavaThread "Attach Listener" daemon [_thread_blocked, id=2528, stack(0x0000006b60600000,0x0000006b60700000)]
  0x00000255f16af800 JavaThread "C2 CompilerThread0" daemon [_thread_blocked, id=8288, stack(0x0000006b60700000,0x0000006b60800000)]
  0x00000255f204d000 JavaThread "C1 CompilerThread0" daemon [_thread_blocked, id=12404, stack(0x0000006b60800000,0x0000006b60900000)]
  0x00000255f2053800 JavaThread "Sweeper thread" daemon [_thread_blocked, id=8236, stack(0x0000006b60900000,0x0000006b60a00000)]
  0x00000255f214f800 JavaThread "Service Thread" daemon [_thread_blocked, id=11856, stack(0x0000006b60a00000,0x0000006b60b00000)]
  0x00000255f2165800 JavaThread "Common-Cleaner" daemon [_thread_blocked, id=11552, stack(0x0000006b60c00000,0x0000006b60d00000)]
  0x00000255f5bbf800 JavaThread "mysql-cj-abandoned-connection-cleanup" daemon [_thread_blocked, id=11884, stack(0x0000006b61600000,0x0000006b61700000)]
  0x00000255f694e800 JavaThread "Live Reload Server" daemon [_thread_in_native, id=232, stack(0x0000006b61a00000,0x0000006b61b00000)]
  0x00000255f9e5d000 JavaThread "DestroyJavaVM" [_thread_blocked, id=5928, stack(0x0000006b5fc00000,0x0000006b5fd00000)]
  0x00000255f9e54000 JavaThread "File Watcher" daemon [_thread_blocked, id=11888, stack(0x0000006b61100000,0x0000006b61200000)]
  0x00000255f9e51800 JavaThread "File Watcher" daemon [_thread_blocked, id=3296, stack(0x0000006b61400000,0x0000006b61500000)]
  0x00000255f9e53800 JavaThread "File Watcher" daemon [_thread_blocked, id=5744, stack(0x0000006b5fb00000,0x0000006b5fc00000)]
  0x00000255f9e51000 JavaThread "File Watcher" daemon [_thread_blocked, id=13900, stack(0x0000006b61000000,0x0000006b61100000)]
  0x00000255f9e55000 JavaThread "File Watcher" daemon [_thread_blocked, id=11604, stack(0x0000006b61500000,0x0000006b61600000)]
  0x00000255f9e58000 JavaThread "Thread-102" [_thread_blocked, id=13040, stack(0x0000006b60f00000,0x0000006b61000000)]
=>0x00000255f9e56800 JavaThread "Secondary finalizer" [_thread_in_native, id=12072, stack(0x0000006b61c00000,0x0000006b61d00000)]

Other Threads:
  0x00000255f166d000 VMThread "VM Thread" [stack: 0x0000006b60200000,0x0000006b60300000] [id=12676]
  0x00000255f2158000 WatcherThread [stack: 0x0000006b60b00000,0x0000006b60c00000] [id=5216]
  0x00000255d498d000 GCTaskThread "GC Thread#0" [stack: 0x0000006b5fd00000,0x0000006b5fe00000] [id=4796]
  0x00000255f3349800 GCTaskThread "GC Thread#1" [stack: 0x0000006b60e00000,0x0000006b60f00000] [id=5564]
  0x00000255f2c87800 GCTaskThread "GC Thread#2" [stack: 0x0000006b61200000,0x0000006b61300000] [id=13168]
  0x00000255f2c88000 GCTaskThread "GC Thread#3" [stack: 0x0000006b61300000,0x0000006b61400000] [id=13892]
  0x00000255d49b3000 ConcurrentGCThread "G1 Main Marker" [stack: 0x0000006b5fe00000,0x0000006b5ff00000] [id=6016]
  0x00000255d49b5800 ConcurrentGCThread "G1 Conc#0" [stack: 0x0000006b5ff00000,0x0000006b60000000] [id=11052]
  0x00000255d4a17000 ConcurrentGCThread "G1 Refine#0" [stack: 0x0000006b60000000,0x0000006b60100000] [id=12772]
  0x00000255d4a19000 ConcurrentGCThread "G1 Young RemSet Sampling" [stack: 0x0000006b60100000,0x0000006b60200000] [id=8112]

Threads with active compile tasks:

VM state:not at safepoint (normal execution)

VM Mutex/Monitor currently owned by a thread: None

Heap address: 0x00000000a6800000, size: 1432 MB, Compressed Oops mode: 32-bit
Narrow klass base: 0x0000000000000000, Narrow klass shift: 3
Compressed class space size: 1073741824 Address: 0x0000000100000000

Heap:
 garbage-first heap   total 81920K, used 23411K [0x00000000a6800000, 0x0000000100000000)
  region size 1024K, 1 young (1024K), 0 survivors (0K)
 Metaspace       used 64213K, capacity 66655K, committed 66936K, reserved 1107968K
  class space    used 7593K, capacity 8506K, committed 8576K, reserved 1048576K
Heap Regions: E=young(eden), S=young(survivor), O=old, HS=humongous(starts), HC=humongous(continues), CS=collection set, F=free, A=archive, TAMS=top-at-mark-start (previous, next)
|   0|0x00000000a6800000, 0x00000000a6900000, 0x00000000a6900000|100%|HS|  |TAMS 0x00000000a6800000, 0x00000000a6800000| Untracked 
|   1|0x00000000a6900000, 0x00000000a69fea60, 0x00000000a6a00000| 99%| O|  |TAMS 0x00000000a6900000, 0x00000000a6900000| Untracked 
|   2|0x00000000a6a00000, 0x00000000a6afffa8, 0x00000000a6b00000| 99%| O|  |TAMS 0x00000000a6a00000, 0x00000000a6a00000| Untracked 
|   3|0x00000000a6b00000, 0x00000000a6c00000, 0x00000000a6c00000|100%| O|  |TAMS 0x00000000a6b00000, 0x00000000a6b00000| Untracked 
|   4|0x00000000a6c00000, 0x00000000a6cffff0, 0x00000000a6d00000| 99%| O|  |TAMS 0x00000000a6c00000, 0x00000000a6c00000| Untracked 
|   5|0x00000000a6d00000, 0x00000000a6e00000, 0x00000000a6e00000|100%| O|  |TAMS 0x00000000a6d00000, 0x00000000a6d00000| Untracked 
|   6|0x00000000a6e00000, 0x00000000a6efffe0, 0x00000000a6f00000| 99%| O|  |TAMS 0x00000000a6e00000, 0x00000000a6e00000| Untracked 
|   7|0x00000000a6f00000, 0x00000000a7000000, 0x00000000a7000000|100%| O|  |TAMS 0x00000000a6f00000, 0x00000000a6f00000| Untracked 
|   8|0x00000000a7000000, 0x00000000a70ffff8, 0x00000000a7100000| 99%| O|  |TAMS 0x00000000a7000000, 0x00000000a7000000| Untracked 
|   9|0x00000000a7100000, 0x00000000a7200000, 0x00000000a7200000|100%| O|  |TAMS 0x00000000a7100000, 0x00000000a7100000| Untracked 
|  10|0x00000000a7200000, 0x00000000a72ffa58, 0x00000000a7300000| 99%| O|  |TAMS 0x00000000a7200000, 0x00000000a7200000| Untracked 
|  11|0x00000000a7300000, 0x00000000a73f6c80, 0x00000000a7400000| 96%| O|  |TAMS 0x00000000a7300000, 0x00000000a7300000| Untracked 
|  12|0x00000000a7400000, 0x00000000a74ffff8, 0x00000000a7500000| 99%| O|  |TAMS 0x00000000a7400000, 0x00000000a7400000| Untracked 
|  13|0x00000000a7500000, 0x00000000a7600000, 0x00000000a7600000|100%| O|  |TAMS 0x00000000a7500000, 0x00000000a7500000| Untracked 
|  14|0x00000000a7600000, 0x00000000a7700000, 0x00000000a7700000|100%| O|  |TAMS 0x00000000a7600000, 0x00000000a7600000| Untracked 
|  15|0x00000000a7700000, 0x00000000a7800000, 0x00000000a7800000|100%| O|  |TAMS 0x00000000a7700000, 0x00000000a7700000| Untracked 
|  16|0x00000000a7800000, 0x00000000a78fffe0, 0x00000000a7900000| 99%| O|  |TAMS 0x00000000a7800000, 0x00000000a7800000| Untracked 
|  17|0x00000000a7900000, 0x00000000a79fffe8, 0x00000000a7a00000| 99%| O|  |TAMS 0x00000000a7900000, 0x00000000a7900000| Untracked 
|  18|0x00000000a7a00000, 0x00000000a7afffe0, 0x00000000a7b00000| 99%| O|  |TAMS 0x00000000a7a00000, 0x00000000a7a00000| Untracked 
|  19|0x00000000a7b00000, 0x00000000a7bfffd8, 0x00000000a7c00000| 99%| O|  |TAMS 0x00000000a7b00000, 0x00000000a7b00000| Untracked 
|  20|0x00000000a7c00000, 0x00000000a7d00000, 0x00000000a7d00000|100%| O|  |TAMS 0x00000000a7c00000, 0x00000000a7c00000| Untracked 
|  21|0x00000000a7d00000, 0x00000000a7dfff90, 0x00000000a7e00000| 99%| O|  |TAMS 0x00000000a7d00000, 0x00000000a7d00000| Untracked 
|  22|0x00000000a7e00000, 0x00000000a7e260d0, 0x00000000a7f00000| 14%| O|  |TAMS 0x00000000a7e00000, 0x00000000a7e00000| Untracked 
|  23|0x00000000a7f00000, 0x00000000a7f00000, 0x00000000a8000000|  0%| F|  |TAMS 0x00000000a7f00000, 0x00000000a7f00000| Untracked 
|  24|0x00000000a8000000, 0x00000000a8000000, 0x00000000a8100000|  0%| F|  |TAMS 0x00000000a8000000, 0x00000000a8000000| Untracked 
|  25|0x00000000a8100000, 0x00000000a8100000, 0x00000000a8200000|  0%| F|  |TAMS 0x00000000a8100000, 0x00000000a8100000| Untracked 
|  26|0x00000000a8200000, 0x00000000a8200000, 0x00000000a8300000|  0%| F|  |TAMS 0x00000000a8200000, 0x00000000a8200000| Untracked 
|  27|0x00000000a8300000, 0x00000000a8300000, 0x00000000a8400000|  0%| F|  |TAMS 0x00000000a8300000, 0x00000000a8300000| Untracked 
|  28|0x00000000a8400000, 0x00000000a8400000, 0x00000000a8500000|  0%| F|  |TAMS 0x00000000a8400000, 0x00000000a8400000| Untracked 
|  29|0x00000000a8500000, 0x00000000a8500000, 0x00000000a8600000|  0%| F|  |TAMS 0x00000000a8500000, 0x00000000a8500000| Untracked 
|  30|0x00000000a8600000, 0x00000000a8600000, 0x00000000a8700000|  0%| F|  |TAMS 0x00000000a8600000, 0x00000000a8600000| Untracked 
|  31|0x00000000a8700000, 0x00000000a8700000, 0x00000000a8800000|  0%| F|  |TAMS 0x00000000a8700000, 0x00000000a8700000| Untracked 
|  32|0x00000000a8800000, 0x00000000a8800000, 0x00000000a8900000|  0%| F|  |TAMS 0x00000000a8800000, 0x00000000a8800000| Untracked 
|  33|0x00000000a8900000, 0x00000000a8900000, 0x00000000a8a00000|  0%| F|  |TAMS 0x00000000a8900000, 0x00000000a8900000| Untracked 
|  34|0x00000000a8a00000, 0x00000000a8a00000, 0x00000000a8b00000|  0%| F|  |TAMS 0x00000000a8a00000, 0x00000000a8a00000| Untracked 
|  35|0x00000000a8b00000, 0x00000000a8b8e428, 0x00000000a8c00000| 55%| O|  |TAMS 0x00000000a8b00000, 0x00000000a8b00000| Untracked 
|  36|0x00000000a8c00000, 0x00000000a8c337c0, 0x00000000a8d00000| 20%| O|  |TAMS 0x00000000a8c00000, 0x00000000a8c00000| Untracked 
|  37|0x00000000a8d00000, 0x00000000a8d00000, 0x00000000a8e00000|  0%| F|  |TAMS 0x00000000a8d00000, 0x00000000a8d00000| Untracked 
|  38|0x00000000a8e00000, 0x00000000a8e00000, 0x00000000a8f00000|  0%| F|  |TAMS 0x00000000a8e00000, 0x00000000a8e00000| Untracked 
|  39|0x00000000a8f00000, 0x00000000a8f00000, 0x00000000a9000000|  0%| F|  |TAMS 0x00000000a8f00000, 0x00000000a8f00000| Untracked 
|  40|0x00000000a9000000, 0x00000000a9000000, 0x00000000a9100000|  0%| F|  |TAMS 0x00000000a9000000, 0x00000000a9000000| Untracked 
|  41|0x00000000a9100000, 0x00000000a9100000, 0x00000000a9200000|  0%| F|  |TAMS 0x00000000a9100000, 0x00000000a9100000| Untracked 
|  42|0x00000000a9200000, 0x00000000a9200000, 0x00000000a9300000|  0%| F|  |TAMS 0x00000000a9200000, 0x00000000a9200000| Untracked 
|  43|0x00000000a9300000, 0x00000000a9300000, 0x00000000a9400000|  0%| F|  |TAMS 0x00000000a9300000, 0x00000000a9300000| Untracked 
|  44|0x00000000a9400000, 0x00000000a9400000, 0x00000000a9500000|  0%| F|  |TAMS 0x00000000a9400000, 0x00000000a9400000| Untracked 
|  45|0x00000000a9500000, 0x00000000a9500000, 0x00000000a9600000|  0%| F|  |TAMS 0x00000000a9500000, 0x00000000a9500000| Untracked 
|  46|0x00000000a9600000, 0x00000000a9600000, 0x00000000a9700000|  0%| F|  |TAMS 0x00000000a9600000, 0x00000000a9600000| Untracked 
|  47|0x00000000a9700000, 0x00000000a9700000, 0x00000000a9800000|  0%| F|  |TAMS 0x00000000a9700000, 0x00000000a9700000| Untracked 
|  48|0x00000000a9800000, 0x00000000a9800000, 0x00000000a9900000|  0%| F|  |TAMS 0x00000000a9800000, 0x00000000a9800000| Untracked 
|  49|0x00000000a9900000, 0x00000000a9900000, 0x00000000a9a00000|  0%| F|  |TAMS 0x00000000a9900000, 0x00000000a9900000| Untracked 
|  50|0x00000000a9a00000, 0x00000000a9a00000, 0x00000000a9b00000|  0%| F|  |TAMS 0x00000000a9a00000, 0x00000000a9a00000| Untracked 
|  51|0x00000000a9b00000, 0x00000000a9b00000, 0x00000000a9c00000|  0%| F|  |TAMS 0x00000000a9b00000, 0x00000000a9b00000| Untracked 
|  52|0x00000000a9c00000, 0x00000000a9c00000, 0x00000000a9d00000|  0%| F|  |TAMS 0x00000000a9c00000, 0x00000000a9c00000| Untracked 
|  53|0x00000000a9d00000, 0x00000000a9d00000, 0x00000000a9e00000|  0%| F|  |TAMS 0x00000000a9d00000, 0x00000000a9d00000| Untracked 
|  54|0x00000000a9e00000, 0x00000000a9e00000, 0x00000000a9f00000|  0%| F|  |TAMS 0x00000000a9e00000, 0x00000000a9e00000| Untracked 
|  55|0x00000000a9f00000, 0x00000000a9f00000, 0x00000000aa000000|  0%| F|  |TAMS 0x00000000a9f00000, 0x00000000a9f00000| Untracked 
|  56|0x00000000aa000000, 0x00000000aa000000, 0x00000000aa100000|  0%| F|  |TAMS 0x00000000aa000000, 0x00000000aa000000| Untracked 
|  57|0x00000000aa100000, 0x00000000aa100000, 0x00000000aa200000|  0%| F|  |TAMS 0x00000000aa100000, 0x00000000aa100000| Untracked 
|  58|0x00000000aa200000, 0x00000000aa200000, 0x00000000aa300000|  0%| F|  |TAMS 0x00000000aa200000, 0x00000000aa200000| Untracked 
|  59|0x00000000aa300000, 0x00000000aa300000, 0x00000000aa400000|  0%| F|  |TAMS 0x00000000aa300000, 0x00000000aa300000| Untracked 
|  60|0x00000000aa400000, 0x00000000aa400000, 0x00000000aa500000|  0%| F|  |TAMS 0x00000000aa400000, 0x00000000aa400000| Untracked 
|  61|0x00000000aa500000, 0x00000000aa500000, 0x00000000aa600000|  0%| F|  |TAMS 0x00000000aa500000, 0x00000000aa500000| Untracked 
|  62|0x00000000aa600000, 0x00000000aa600000, 0x00000000aa700000|  0%| F|  |TAMS 0x00000000aa600000, 0x00000000aa600000| Untracked 
|  63|0x00000000aa700000, 0x00000000aa700000, 0x00000000aa800000|  0%| F|  |TAMS 0x00000000aa700000, 0x00000000aa700000| Untracked 
|  64|0x00000000aa800000, 0x00000000aa800000, 0x00000000aa900000|  0%| F|  |TAMS 0x00000000aa800000, 0x00000000aa800000| Untracked 
|  65|0x00000000aa900000, 0x00000000aa900000, 0x00000000aaa00000|  0%| F|  |TAMS 0x00000000aa900000, 0x00000000aa900000| Untracked 
|  66|0x00000000aaa00000, 0x00000000aaa00000, 0x00000000aab00000|  0%| F|  |TAMS 0x00000000aaa00000, 0x00000000aaa00000| Untracked 
|  67|0x00000000aab00000, 0x00000000aab00000, 0x00000000aac00000|  0%| F|  |TAMS 0x00000000aab00000, 0x00000000aab00000| Untracked 
|  68|0x00000000aac00000, 0x00000000aac00000, 0x00000000aad00000|  0%| F|  |TAMS 0x00000000aac00000, 0x00000000aac00000| Untracked 
|  69|0x00000000aad00000, 0x00000000aad00000, 0x00000000aae00000|  0%| F|  |TAMS 0x00000000aad00000, 0x00000000aad00000| Untracked 
|  70|0x00000000aae00000, 0x00000000aae00000, 0x00000000aaf00000|  0%| F|  |TAMS 0x00000000aae00000, 0x00000000aae00000| Untracked 
|  71|0x00000000aaf00000, 0x00000000aaf00000, 0x00000000ab000000|  0%| F|  |TAMS 0x00000000aaf00000, 0x00000000aaf00000| Untracked 
|  72|0x00000000ab000000, 0x00000000ab000000, 0x00000000ab100000|  0%| F|  |TAMS 0x00000000ab000000, 0x00000000ab000000| Untracked 
|  73|0x00000000ab100000, 0x00000000ab100000, 0x00000000ab200000|  0%| F|  |TAMS 0x00000000ab100000, 0x00000000ab100000| Untracked 
|  74|0x00000000ab200000, 0x00000000ab200000, 0x00000000ab300000|  0%| F|  |TAMS 0x00000000ab200000, 0x00000000ab200000| Untracked 
|  75|0x00000000ab300000, 0x00000000ab300000, 0x00000000ab400000|  0%| F|  |TAMS 0x00000000ab300000, 0x00000000ab300000| Untracked 
|  76|0x00000000ab400000, 0x00000000ab400000, 0x00000000ab500000|  0%| F|  |TAMS 0x00000000ab400000, 0x00000000ab400000| Untracked 
|  77|0x00000000ab500000, 0x00000000ab500000, 0x00000000ab600000|  0%| F|  |TAMS 0x00000000ab500000, 0x00000000ab500000| Untracked 
|  78|0x00000000ab600000, 0x00000000ab600000, 0x00000000ab700000|  0%| F|  |TAMS 0x00000000ab600000, 0x00000000ab600000| Untracked 
|  79|0x00000000ab700000, 0x00000000ab70e2b8, 0x00000000ab800000|  5%| E|  |TAMS 0x00000000ab700000, 0x00000000ab700000| Complete 

Card table byte_map: [0x00000255ebf60000,0x00000255ec230000] _byte_map_base: 0x00000255eba2c000

Marking Bits (Prev, Next): (CMBitMap*) 0x00000255d49ab758, (CMBitMap*) 0x00000255d49ab790
 Prev Bits: [0x00000255ec500000, 0x00000255edb60000)
 Next Bits: [0x00000255edb60000, 0x00000255ef1c0000)

Polling page: 0x00000255d2880000

Metaspace:

Usage:
  Non-class:     56.79 MB capacity,    55.29 MB ( 97%) used,     1.29 MB (  2%) free+waste,   204.19 KB ( <1%) overhead. 
      Class:      8.31 MB capacity,     7.42 MB ( 89%) used,   820.99 KB ( 10%) free+waste,    91.69 KB (  1%) overhead. 
       Both:     65.09 MB capacity,    62.71 MB ( 96%) used,     2.10 MB (  3%) free+waste,   295.88 KB ( <1%) overhead. 

Virtual space:
  Non-class space:       58.00 MB reserved,      56.99 MB ( 98%) committed 
      Class space:        1.00 GB reserved,       8.38 MB ( <1%) committed 
             Both:        1.06 GB reserved,      65.37 MB (  6%) committed 

Chunk freelists:
   Non-Class:  10.38 KB
       Class:  8.75 KB
        Both:  19.13 KB

CodeHeap 'non-profiled nmethods': size=120064Kb used=8416Kb max_used=8429Kb free=111647Kb
 bounds [0x00000255e4750000, 0x00000255e4f90000, 0x00000255ebc90000]
CodeHeap 'profiled nmethods': size=120000Kb used=17104Kb max_used=17242Kb free=102895Kb
 bounds [0x00000255dd220000, 0x00000255de350000, 0x00000255e4750000]
CodeHeap 'non-nmethods': size=5696Kb used=1199Kb max_used=1269Kb free=4496Kb
 bounds [0x00000255dcc90000, 0x00000255dcf00000, 0x00000255dd220000]
 total_blobs=12959 nmethods=7580 adapters=468
 compilation: enabled
              stopped_count=0, restarted_count=0
 full_count=0

Compilation events (10 events):
Event: 3551.928 Thread 0x00000255f204d000 9590       3       java.util.concurrent.FutureTask::isDone (13 bytes)
Event: 3551.930 Thread 0x00000255f204d000 nmethod 9590 0x00000255dd7f3a10 code [0x00000255dd7f3bc0, 0x00000255dd7f3d78]
Event: 3552.510 Thread 0x00000255f204d000 9591       3       java.net.Inet6Address::<init> (26 bytes)
Event: 3552.511 Thread 0x00000255f204d000 nmethod 9591 0x00000255dd8c5d90 code [0x00000255dd8c5fa0, 0x00000255dd8c6718]
Event: 3552.511 Thread 0x00000255f204d000 9592       3       java.net.InetAddress$InetAddressHolder::init (21 bytes)
Event: 3552.511 Thread 0x00000255f204d000 nmethod 9592 0x00000255ddab8a10 code [0x00000255ddab8bc0, 0x00000255ddab8e18]
Event: 3552.520 Thread 0x00000255f16af800 9593       4       sun.util.logging.internal.LoggingProviderImpl$JULWrapper::toJUL (40 bytes)
Event: 3552.521 Thread 0x00000255f16af800 nmethod 9593 0x00000255e4f8c790 code [0x00000255e4f8c920, 0x00000255e4f8c998]
Event: 3552.642 Thread 0x00000255f16af800 9595       4       java.lang.ref.ReferenceQueue::reallyPoll (65 bytes)
Event: 3552.648 Thread 0x00000255f16af800 nmethod 9595 0x00000255e4f57110 code [0x00000255e4f572a0, 0x00000255e4f575f8]

GC Heap History (10 events):
Event: 3487.265 GC heap before
{Heap before GC invocations=87 (full 13):
 garbage-first heap   total 81920K, used 28732K [0x00000000a6800000, 0x0000000100000000)
  region size 1024K, 7 young (7168K), 4 survivors (4096K)
 Metaspace       used 64170K, capacity 66658K, committed 66936K, reserved 1107968K
  class space    used 7593K, capacity 8508K, committed 8576K, reserved 1048576K
}
Event: 3487.374 GC heap after
{Heap after GC invocations=88 (full 14):
 garbage-first heap   total 81920K, used 23582K [0x00000000a6800000, 0x0000000100000000)
  region size 1024K, 0 young (0K), 0 survivors (0K)
 Metaspace       used 64053K, capacity 66468K, committed 66936K, reserved 1107968K
  class space    used 7580K, capacity 8466K, committed 8576K, reserved 1048576K
}
Event: 3488.450 GC heap before
{Heap before GC invocations=88 (full 14):
 garbage-first heap   total 81920K, used 64542K [0x00000000a6800000, 0x0000000100000000)
  region size 1024K, 41 young (41984K), 0 survivors (0K)
 Metaspace       used 64109K, capacity 66555K, committed 66936K, reserved 1107968K
  class space    used 7585K, capacity 8472K, committed 8576K, reserved 1048576K
}
Event: 3488.455 GC heap after
{Heap after GC invocations=89 (full 14):
 garbage-first heap   total 81920K, used 26654K [0x00000000a6800000, 0x0000000100000000)
  region size 1024K, 3 young (3072K), 3 survivors (3072K)
 Metaspace       used 64109K, capacity 66555K, committed 66936K, reserved 1107968K
  class space    used 7585K, capacity 8472K, committed 8576K, reserved 1048576K
}
Event: 3488.748 GC heap before
{Heap before GC invocations=89 (full 14):
 garbage-first heap   total 81920K, used 64542K [0x00000000a6800000, 0x0000000100000000)
  region size 1024K, 41 young (41984K), 3 survivors (3072K)
 Metaspace       used 64123K, capacity 66557K, committed 66936K, reserved 1107968K
  class space    used 7585K, capacity 8472K, committed 8576K, reserved 1048576K
}
Event: 3488.753 GC heap after
{Heap after GC invocations=90 (full 14):
 garbage-first heap   total 81920K, used 26935K [0x00000000a6800000, 0x0000000100000000)
  region size 1024K, 4 young (4096K), 4 survivors (4096K)
 Metaspace       used 64123K, capacity 66557K, committed 66936K, reserved 1107968K
  class space    used 7585K, capacity 8472K, committed 8576K, reserved 1048576K
}
Event: 3527.982 GC heap before
{Heap before GC invocations=90 (full 14):
 garbage-first heap   total 81920K, used 65847K [0x00000000a6800000, 0x0000000100000000)
  region size 1024K, 42 young (43008K), 4 survivors (4096K)
 Metaspace       used 64211K, capacity 66655K, committed 66936K, reserved 1107968K
  class space    used 7593K, capacity 8506K, committed 8576K, reserved 1048576K
}
Event: 3527.988 GC heap after
{Heap after GC invocations=91 (full 14):
 garbage-first heap   total 81920K, used 27250K [0x00000000a6800000, 0x0000000100000000)
  region size 1024K, 4 young (4096K), 4 survivors (4096K)
 Metaspace       used 64211K, capacity 66655K, committed 66936K, reserved 1107968K
  class space    used 7593K, capacity 8506K, committed 8576K, reserved 1048576K
}
Event: 3552.533 GC heap before
{Heap before GC invocations=91 (full 14):
 garbage-first heap   total 81920K, used 40562K [0x00000000a6800000, 0x0000000100000000)
  region size 1024K, 18 young (18432K), 4 survivors (4096K)
 Metaspace       used 64216K, capacity 66661K, committed 66936K, reserved 1107968K
  class space    used 7593K, capacity 8508K, committed 8576K, reserved 1048576K
}
Event: 3552.639 GC heap after
{Heap after GC invocations=92 (full 15):
 garbage-first heap   total 81920K, used 23411K [0x00000000a6800000, 0x0000000100000000)
  region size 1024K, 0 young (0K), 0 survivors (0K)
 Metaspace       used 64213K, capacity 66655K, committed 66936K, reserved 1107968K
  class space    used 7593K, capacity 8506K, committed 8576K, reserved 1048576K
}

Deoptimization events (10 events):
Event: 2168.138 Thread 0x00000255f7580000 Uncommon trap: reason=class_check action=maybe_recompile pc=0x00000255e4cb8d08 method=ch.qos.logback.classic.spi.PackagingDataCalculator.loadClass(Ljava/lang/ClassLoader;Ljava/lang/String;)Ljava/lang/Class; @ 8 c2
Event: 2168.138 Thread 0x00000255f7580000 Uncommon trap: reason=class_check action=maybe_recompile pc=0x00000255e4cb8d08 method=ch.qos.logback.classic.spi.PackagingDataCalculator.loadClass(Ljava/lang/ClassLoader;Ljava/lang/String;)Ljava/lang/Class; @ 8 c2
Event: 2168.139 Thread 0x00000255f7580000 Uncommon trap: reason=class_check action=maybe_recompile pc=0x00000255e4cb8d08 method=ch.qos.logback.classic.spi.PackagingDataCalculator.loadClass(Ljava/lang/ClassLoader;Ljava/lang/String;)Ljava/lang/Class; @ 8 c2
Event: 2168.139 Thread 0x00000255f7580000 Uncommon trap: reason=class_check action=maybe_recompile pc=0x00000255e4cb8d08 method=ch.qos.logback.classic.spi.PackagingDataCalculator.loadClass(Ljava/lang/ClassLoader;Ljava/lang/String;)Ljava/lang/Class; @ 8 c2
Event: 3299.370 Thread 0x00000255f2862000 Uncommon trap: reason=unstable_if action=reinterpret pc=0x00000255e4e6f078 method=java.nio.channels.spi.AbstractSelector.begin()V @ 34 c2
Event: 3299.996 Thread 0x00000255f9e56000 Uncommon trap: reason=unstable_if action=reinterpret pc=0x00000255e49b4ddc method=java.lang.ref.SoftReference.get()Ljava/lang/Object; @ 6 c2
Event: 3442.170 Thread 0x00000255f9e52800 Uncommon trap: reason=profile_predicate action=maybe_recompile pc=0x00000255e4f55b68 method=org.springframework.boot.autoconfigure.condition.FilteringSpringBootCondition.filter(Ljava/util/Collection;Lorg/springframework/boot/autoconfigure/condition/Filter
Event: 3442.173 Thread 0x00000255f9e52800 Uncommon trap: reason=profile_predicate action=maybe_recompile pc=0x00000255e4f55b68 method=org.springframework.boot.autoconfigure.condition.FilteringSpringBootCondition.filter(Ljava/util/Collection;Lorg/springframework/boot/autoconfigure/condition/Filter
Event: 3442.193 Thread 0x00000255f9e52800 Uncommon trap: reason=profile_predicate action=maybe_recompile pc=0x00000255e4f55b68 method=org.springframework.boot.autoconfigure.condition.FilteringSpringBootCondition.filter(Ljava/util/Collection;Lorg/springframework/boot/autoconfigure/condition/Filter
Event: 3442.194 Thread 0x00000255f9e52800 Uncommon trap: reason=profile_predicate action=maybe_recompile pc=0x00000255e4f55b68 method=org.springframework.boot.autoconfigure.condition.FilteringSpringBootCondition.filter(Ljava/util/Collection;Lorg/springframework/boot/autoconfigure/condition/Filter

Classes redefined (0 events):
No events

Internal exceptions (10 events):
Event: 3442.989 Thread 0x00000255f9e52800 Exception <a 'java/lang/NullPointerException'{0x00000000ab627528}> (0x00000000ab627528) thrown at [t:/workspace/open/src/hotspot/share/interpreter/linkResolver.cpp, line 1436]
Event: 3487.262 Thread 0x00000255f9e58000 Exception <a 'java/lang/InterruptedException'{0x00000000ab5b0990}: sleep interrupted> (0x00000000ab5b0990) thrown at [t:/workspace/open/src/hotspot/share/prims/jvm.cpp, line 3117]
Event: 3487.434 Thread 0x00000255f285c800 Exception <a 'java/io/FileNotFoundException'{0x00000000ab635de8}> (0x00000000ab635de8) thrown at [t:/workspace/open/src/hotspot/share/prims/jni.cpp, line 615]
Event: 3488.518 Thread 0x00000255f285c800 Exception <a 'java/io/FileNotFoundException'{0x00000000a97d7d78}> (0x00000000a97d7d78) thrown at [t:/workspace/open/src/hotspot/share/prims/jni.cpp, line 615]
Event: 3488.570 Thread 0x00000255f285c800 Exception <a 'java/io/FileNotFoundException'{0x00000000a9566e78}> (0x00000000a9566e78) thrown at [t:/workspace/open/src/hotspot/share/prims/jni.cpp, line 615]
Event: 3488.803 Thread 0x00000255f285c800 Exception <a 'java/lang/NullPointerException'{0x00000000ab695718}> (0x00000000ab695718) thrown at [t:/workspace/open/src/hotspot/share/interpreter/linkResolver.cpp, line 1436]
Event: 3488.812 Thread 0x00000255f285c800 Exception <a 'java/lang/NullPointerException'{0x00000000ab6d1158}> (0x00000000ab6d1158) thrown at [t:/workspace/open/src/hotspot/share/interpreter/linkResolver.cpp, line 1436]
Event: 3488.822 Thread 0x00000255f285c800 Exception <a 'java/lang/NullPointerException'{0x00000000ab50ac18}> (0x00000000ab50ac18) thrown at [t:/workspace/open/src/hotspot/share/interpreter/linkResolver.cpp, line 1436]
Event: 3488.830 Thread 0x00000255f285c800 Exception <a 'java/lang/NullPointerException'{0x00000000ab543860}> (0x00000000ab543860) thrown at [t:/workspace/open/src/hotspot/share/interpreter/linkResolver.cpp, line 1436]
Event: 3552.532 Thread 0x00000255f285b000 Exception <a 'java/lang/InterruptedException'{0x00000000aaa6e2a0}: sleep interrupted> (0x00000000aaa6e2a0) thrown at [t:/workspace/open/src/hotspot/share/prims/jvm.cpp, line 3117]

Events (10 events):
Event: 3552.646 Thread 0x00000255f2053800 flushing nmethod 0x00000255ddc33490
Event: 3552.646 Thread 0x00000255f2053800 flushing nmethod 0x00000255ddc35d10
Event: 3552.647 Thread 0x00000255f2053800 flushing nmethod 0x00000255ddcd4090
Event: 3552.647 Thread 0x00000255f2053800 flushing nmethod 0x00000255ddd16790
Event: 3552.648 Thread 0x00000255f2053800 flushing nmethod 0x00000255dde90290
Event: 3552.648 Thread 0x00000255f285d800 Thread exited: 0x00000255f285d800
Event: 3552.648 Thread 0x00000255f2053800 flushing nmethod 0x00000255dde96a10
Event: 3552.650 Thread 0x00000255f2053800 flushing nmethod 0x00000255de14ab10
Event: 3552.650 Thread 0x00000255f2053800 flushing nmethod 0x00000255de16f290
Event: 3552.651 Thread 0x00000255f2053800 flushing nmethod 0x00000255de21e690


Dynamic libraries:
0x00007ff6dd2f0000 - 0x00007ff6dd337000 	C:\Program Files\Java\jdk-11.0.2\bin\javaw.exe
0x00007ff8cddf0000 - 0x00007ff8cdfd1000 	C:\WINDOWS\SYSTEM32\ntdll.dll
0x00007ff8a78d0000 - 0x00007ff8a78e2000 	C:\Program Files\AVAST Software\Avast\aswhook.dll
0x00007ff8cbc60000 - 0x00007ff8cbd11000 	C:\WINDOWS\System32\KERNEL32.DLL
0x00007ff8cafb0000 - 0x00007ff8cb223000 	C:\WINDOWS\System32\KERNELBASE.dll
0x00007ff8cdaa0000 - 0x00007ff8cdb41000 	C:\WINDOWS\System32\ADVAPI32.dll
0x00007ff8cb2e0000 - 0x00007ff8cb37e000 	C:\WINDOWS\System32\msvcrt.dll
0x00007ff8cbe20000 - 0x00007ff8cbe7b000 	C:\WINDOWS\System32\sechost.dll
0x00007ff8cdbb0000 - 0x00007ff8cdcd4000 	C:\WINDOWS\System32\RPCRT4.dll
0x00007ff8cb840000 - 0x00007ff8cb9d0000 	C:\WINDOWS\System32\USER32.dll
0x00007ff8ca770000 - 0x00007ff8ca790000 	C:\WINDOWS\System32\win32u.dll
0x00007ff8cbdf0000 - 0x00007ff8cbe18000 	C:\WINDOWS\System32\GDI32.dll
0x00007ff8ca3b0000 - 0x00007ff8ca542000 	C:\WINDOWS\System32\gdi32full.dll
0x00007ff8ca5d0000 - 0x00007ff8ca66f000 	C:\WINDOWS\System32\msvcp_win.dll
0x00007ff8ca670000 - 0x00007ff8ca768000 	C:\WINDOWS\System32\ucrtbase.dll
0x00007ff8be6d0000 - 0x00007ff8be939000 	C:\WINDOWS\WinSxS\amd64_microsoft.windows.common-controls_6595b64144ccf1df_6.0.17134.706_none_fb43a2cb30647007\COMCTL32.dll
0x00007ff8cd5d0000 - 0x00007ff8cd8f2000 	C:\WINDOWS\System32\combase.dll
0x00007ff8ca550000 - 0x00007ff8ca5ca000 	C:\WINDOWS\System32\bcryptPrimitives.dll
0x00007ff8c4a50000 - 0x00007ff8c4a5a000 	C:\WINDOWS\SYSTEM32\VERSION.dll
0x00007ff8cb3c0000 - 0x00007ff8cb3ed000 	C:\WINDOWS\System32\IMM32.DLL
0x00007ff8b65e0000 - 0x00007ff8b65f6000 	C:\Program Files\Java\jdk-11.0.2\bin\vcruntime140.dll
0x00007ff8b47f0000 - 0x00007ff8b489a000 	C:\Program Files\Java\jdk-11.0.2\bin\msvcp140.dll
0x00007ff88f200000 - 0x00007ff88fd27000 	C:\Program Files\Java\jdk-11.0.2\bin\server\jvm.dll
0x00007ff8cba80000 - 0x00007ff8cba88000 	C:\WINDOWS\System32\PSAPI.DLL
0x00007ff8c0bb0000 - 0x00007ff8c0bb9000 	C:\WINDOWS\SYSTEM32\WSOCK32.dll
0x00007ff8cba90000 - 0x00007ff8cbafc000 	C:\WINDOWS\System32\WS2_32.dll
0x00007ff8c7aa0000 - 0x00007ff8c7ac3000 	C:\WINDOWS\SYSTEM32\WINMM.dll
0x00007ff8c7a70000 - 0x00007ff8c7a9a000 	C:\WINDOWS\SYSTEM32\WINMMBASE.dll
0x00007ff8cb230000 - 0x00007ff8cb279000 	C:\WINDOWS\System32\cfgmgr32.dll
0x00007ff8ca180000 - 0x00007ff8ca191000 	C:\WINDOWS\System32\kernel.appcore.dll
0x00007ff8a00b0000 - 0x00007ff8a00c1000 	C:\Program Files\Java\jdk-11.0.2\bin\verify.dll
0x00007ff8ba110000 - 0x00007ff8ba2d9000 	C:\WINDOWS\SYSTEM32\DBGHELP.DLL
0x00007ff8ba0d0000 - 0x00007ff8ba0f9000 	C:\WINDOWS\SYSTEM32\dbgcore.DLL
0x00007ff890390000 - 0x00007ff8903b9000 	C:\Program Files\Java\jdk-11.0.2\bin\java.dll
0x00007ff8a0090000 - 0x00007ff8a00a6000 	C:\Program Files\Java\jdk-11.0.2\bin\zip.dll
0x00007ff890380000 - 0x00007ff89038a000 	C:\Program Files\Java\jdk-11.0.2\bin\jimage.dll
0x00007ff8cc0f0000 - 0x00007ff8cd530000 	C:\WINDOWS\System32\SHELL32.dll
0x00007ff8cb9d0000 - 0x00007ff8cba79000 	C:\WINDOWS\System32\shcore.dll
0x00007ff8ca790000 - 0x00007ff8cae9d000 	C:\WINDOWS\System32\windows.storage.dll
0x00007ff8cb280000 - 0x00007ff8cb2d1000 	C:\WINDOWS\System32\shlwapi.dll
0x00007ff8ca160000 - 0x00007ff8ca17f000 	C:\WINDOWS\System32\profapi.dll
0x00007ff8ca110000 - 0x00007ff8ca15c000 	C:\WINDOWS\System32\powrprof.dll
0x00007ff8ca100000 - 0x00007ff8ca10a000 	C:\WINDOWS\System32\FLTLIB.DLL
0x00007ff890360000 - 0x00007ff890379000 	C:\Program Files\Java\jdk-11.0.2\bin\net.dll
0x00007ff8be270000 - 0x00007ff8be34d000 	C:\WINDOWS\SYSTEM32\WINHTTP.dll
0x00007ff8c2340000 - 0x00007ff8c2508000 	C:\WINDOWS\SYSTEM32\urlmon.dll
0x00007ff8c2090000 - 0x00007ff8c2336000 	C:\WINDOWS\SYSTEM32\iertutil.dll
0x00007ff8c9af0000 - 0x00007ff8c9afb000 	C:\WINDOWS\SYSTEM32\CRYPTBASE.DLL
0x00007ff8b8970000 - 0x00007ff8b8990000 	C:\WINDOWS\system32\PrxerDrv.dll
0x00007ff8c9920000 - 0x00007ff8c9986000 	C:\WINDOWS\system32\mswsock.dll
0x00007ff890340000 - 0x00007ff890353000 	C:\Program Files\Java\jdk-11.0.2\bin\nio.dll
0x00007ff8c6860000 - 0x00007ff8c6869000 	C:\Program Files\Java\jdk-11.0.2\bin\management.dll
0x00007ff8c6850000 - 0x00007ff8c685c000 	C:\Program Files\Java\jdk-11.0.2\bin\management_ext.dll
0x00007ff89c6b0000 - 0x00007ff89c6cb000 	C:\WINDOWS\system32\PrxerNsp.dll
0x00007ff8c96f0000 - 0x00007ff8c97ae000 	C:\WINDOWS\SYSTEM32\DNSAPI.dll
0x00007ff8cb3b0000 - 0x00007ff8cb3b8000 	C:\WINDOWS\System32\NSI.dll
0x00007ff8c96a0000 - 0x00007ff8c96d8000 	C:\WINDOWS\SYSTEM32\IPHLPAPI.DLL
0x00007ff8bd0b0000 - 0x00007ff8bd0c6000 	C:\WINDOWS\system32\napinsp.dll
0x00007ff8b5ba0000 - 0x00007ff8b5bba000 	C:\WINDOWS\system32\pnrpnsp.dll
0x00007ff8c67c0000 - 0x00007ff8c67d9000 	C:\WINDOWS\system32\NLAapi.dll
0x00007ff8c2810000 - 0x00007ff8c281e000 	C:\WINDOWS\System32\winrnr.dll
0x00007ff8bd690000 - 0x00007ff8bd69a000 	C:\Windows\System32\rasadhlp.dll
0x00007ff8bea30000 - 0x00007ff8beaa2000 	C:\WINDOWS\System32\fwpuclnt.dll
0x00007ff8c9c00000 - 0x00007ff8c9c25000 	C:\WINDOWS\SYSTEM32\bcrypt.dll
0x00007ff8c9ad0000 - 0x00007ff8c9ae7000 	C:\WINDOWS\SYSTEM32\CRYPTSP.dll
0x00007ff8c9500000 - 0x00007ff8c9533000 	C:\WINDOWS\system32\rsaenh.dll
0x00007ff8ca030000 - 0x00007ff8ca058000 	C:\WINDOWS\SYSTEM32\USERENV.dll
0x00007ff8c27f0000 - 0x00007ff8c2806000 	C:\WINDOWS\SYSTEM32\dhcpcsvc6.DLL
0x00007ff8c2be0000 - 0x00007ff8c2bfa000 	C:\WINDOWS\SYSTEM32\dhcpcsvc.DLL
0x000000006cd80000 - 0x000000006ce70000 	C:\Users\Demar Johnson\AppData\Local\Temp\sqlite-3.16.1-629ac0e7-3100-46ab-885b-80a51613783b-sqlitejdbc.dll

dbghelp: loaded successfully - version: 4.0.5 - missing functions: none
symbol engine: initialized successfully - sym options: 0x614 - pdb path: .;C:\Program Files\Java\jdk-11.0.2\bin;C:\WINDOWS\SYSTEM32;C:\Program Files\AVAST Software\Avast;C:\WINDOWS\WinSxS\amd64_microsoft.windows.common-controls_6595b64144ccf1df_6.0.17134.706_none_fb43a2cb30647007;C:\Program Files\Java\jdk-11.0.2\bin\server;C:\Users\Demar Johnson\AppData\Local\Temp

VM Arguments:
jvm_args: -Dfile.encoding=UTF-8 
java_command: com.JohnApp.JohnShop.JohnShopApplication
java_class_path (initial): C:\Users\Demar Johnson\johnshop\JohnShop\target\classes;C:\Users\Demar Johnson\.m2\repository\org\springframework\boot\spring-boot-starter-data-jpa\2.1.3.RELEASE\spring-boot-starter-data-jpa-2.1.3.RELEASE.jar;C:\Users\Demar Johnson\.m2\repository\org\springframework\boot\spring-boot-starter-aop\2.1.3.RELEASE\spring-boot-starter-aop-2.1.3.RELEASE.jar;C:\Users\Demar Johnson\.m2\repository\org\springframework\spring-aop\5.1.5.RELEASE\spring-aop-5.1.5.RELEASE.jar;C:\Users\Demar Johnson\.m2\repository\org\aspectj\aspectjweaver\1.9.2\aspectjweaver-1.9.2.jar;C:\Users\Demar Johnson\.m2\repository\org\springframework\boot\spring-boot-starter-jdbc\2.1.3.RELEASE\spring-boot-starter-jdbc-2.1.3.RELEASE.jar;C:\Users\Demar Johnson\.m2\repository\com\zaxxer\HikariCP\3.2.0\HikariCP-3.2.0.jar;C:\Users\Demar Johnson\.m2\repository\org\springframework\spring-jdbc\5.1.5.RELEASE\spring-jdbc-5.1.5.RELEASE.jar;C:\Users\Demar Johnson\.m2\repository\javax\transaction\javax.transaction-api\1.3\javax.transaction-api-1.3.jar;C:\Users\Demar Johnson\.m2\repository\javax\xml\bind\jaxb-api\2.3.1\jaxb-api-2.3.1.jar;C:\Users\Demar Johnson\.m2\repository\javax\activation\javax.activation-api\1.2.0\javax.activation-api-1.2.0.jar;C:\Users\Demar Johnson\.m2\repository\org\hibernate\hibernate-core\5.3.7.Final\hibernate-core-5.3.7.Final.jar;C:\Users\Demar Johnson\.m2\repository\org\jboss\logging\jboss-logging\3.3.2.Final\jboss-logging-3.3.2.Final.jar;C:\Users\Demar Johnson\.m2\repository\javax\persistence\javax.persistence-api\2.2\javax.persistence-api-2.2.jar;C:\Users\Demar Johnson\.m2\repository\org\javassist\javassist\3.23.1-GA\javassist-3.23.1-GA.jar;C:\Users\Demar Johnson\.m2\repository\net\bytebuddy\byte-buddy\1.9.10\byte-buddy-1.9.10.jar;C:\Users\Demar Johnson\.m2\repository\antlr\antlr\2.7.7\antlr-2.7.7.jar;C:\Users\Demar Johnson\.m2\repository\org\jboss\jandex\2.0.5.Final\jandex-2.0.5.Final.jar;C:\Users\Demar Johnson\.m2\repository\com\fasterxml\classmate\1.4.0\classma
Launcher Type: SUN_STANDARD

[Global flags]
     intx CICompilerCount                          = 3                                         {product} {ergonomic}
     uint ConcGCThreads                            = 1                                         {product} {ergonomic}
     uint G1ConcRefinementThreads                  = 4                                         {product} {ergonomic}
   size_t G1HeapRegionSize                         = 1048576                                   {product} {ergonomic}
    uintx GCDrainStackTargetSize                   = 64                                        {product} {ergonomic}
   size_t InitialHeapSize                          = 94371840                                  {product} {ergonomic}
   size_t MarkStackSize                            = 4194304                                   {product} {ergonomic}
   size_t MaxHeapSize                              = 1501560832                                {product} {ergonomic}
   size_t MaxNewSize                               = 900726784                                 {product} {ergonomic}
   size_t MinHeapDeltaBytes                        = 1048576                                   {product} {ergonomic}
    uintx NonNMethodCodeHeapSize                   = 5830092                                {pd product} {ergonomic}
    uintx NonProfiledCodeHeapSize                  = 122914074                              {pd product} {ergonomic}
    uintx ProfiledCodeHeapSize                     = 122914074                              {pd product} {ergonomic}
    uintx ReservedCodeCacheSize                    = 251658240                              {pd product} {ergonomic}
     bool SegmentedCodeCache                       = true                                      {product} {ergonomic}
     bool UseCompressedClassPointers               = true                                 {lp64_product} {ergonomic}
     bool UseCompressedOops                        = true                                 {lp64_product} {ergonomic}
     bool UseG1GC                                  = true                                      {product} {ergonomic}
     bool UseLargePagesIndividualAllocation        = false                                  {pd product} {ergonomic}

Logging:
Log output configuration:
 #0: stdout all=warning uptime,level,tags
 #1: stderr all=off uptime,level,tags

Environment Variables:
PATH=C:/Program Files/Java/jdk-11.0.2/bin/server;C:/Program Files/Java/jdk-11.0.2/bin;C:\Program Files\Java\jdk-11.0.2\bin;C:\WINDOWS\system32;C:\WINDOWS;C:\WINDOWS\System32\Wbem;C:\WINDOWS\System32\WindowsPowerShell\v1.0\;C:\WINDOWS\system32\config\systemprofile\.dnx\bin;C:\Program Files\Microsoft DNX\Dnvm\;C:\Program Files\Microsoft SQL Server\130\Tools\Binn\;C:\Program Files\Git\cmd;C:\WINDOWS\System32\OpenSSH\;C:\Program Files (x86)\IBM\SPSS\Statistics\24\JRE\bin;C:\Program Files (x86)\Microsoft SQL Server\Client SDK\ODBC\130\Tools\Binn\;C:\Program Files (x86)\Microsoft SQL Server\140\Tools\Binn\;C:\Program Files (x86)\Microsoft SQL Server\140\DTS\Binn\;C:\Program Files (x86)\Microsoft SQL Server\140\Tools\Binn\ManagementStudio\;C:\Program Files\Microsoft SQL Server\Client SDK\ODBC\130\Tools\Binn\;C:\Program Files\Microsoft SQL Server\140\Tools\Binn\;C:\Program Files\Microsoft SQL Server\140\DTS\Binn\;;C:\Users\Demar Johnson\AppData\Local\Programs\Microsoft VS Code\bin;C:\Program Files\swipl\bin;C:\Users\Demar Johnson\Desktop;
USERNAME=Demar Johnson
OS=Windows_NT
PROCESSOR_IDENTIFIER=AMD64 Family 21 Model 101 Stepping 1, AuthenticAMD



---------------  S Y S T E M  ---------------

OS: Windows 10 , 64 bit Build 17134 (10.0.17134.706)

CPU:total 4 (initial active 4) (4 cores per cpu, 1 threads per core) family 21 model 101 stepping 1, cmov, cx8, fxsr, mmx, sse, sse2, sse3, ssse3, sse4.1, sse4.2, popcnt, avx, avx2, aes, clmul, mmxext, 3dnowpref, lzcnt, sse4a, tsc, tscinvbit, tscinv, bmi1, bmi2, fma

Memory: 4k page, system-wide physical 5727M (1168M free)
TotalPageFile size 15583M (AvailPageFile size 9237M)
current process WorkingSet (physical memory assigned to process): 253M, peak: 294M
current process commit charge ("private bytes"): 300M, peak: 337M

vm_info: Java HotSpot(TM) 64-Bit Server VM (11.0.2+9-LTS) for windows-amd64 JRE (11.0.2+9-LTS), built on Jan 18 2019 05:24:10 by "mach5one" with MS VC++ 15.5 (VS2017)

END.
