#
# A fatal error has been detected by the Java Runtime Environment:
#
#  EXCEPTION_ACCESS_VIOLATION (0xc0000005) at pc=0x00007ff81edbee9d, pid=2444, tid=4508
#
# JRE version: Java(TM) SE Runtime Environment (11.0.2+9) (build 11.0.2+9-LTS)
# Java VM: Java HotSpot(TM) 64-Bit Server VM (11.0.2+9-LTS, mixed mode, tiered, compressed oops, g1 gc, windows-amd64)
# Problematic frame:
# C  [ntdll.dll+0x1ee9d]
#
# No core dump will be written. Minidumps are not enabled by default on client versions of Windows
#
# If you would like to submit a bug report, please visit:
#   http://bugreport.java.com/bugreport/crash.jsp
# The crash happened outside the Java Virtual Machine in native code.
# See problematic frame for where to report the bug.
#

---------------  S U M M A R Y ------------

Command Line: -Dfile.encoding=UTF-8 com.JohnApp.JohnShop.JohnShopApplication

Host: AMD A10-9600P RADEON R5, 10 COMPUTE CORES 4C+6G, 4 cores, 5G,  Windows 10 , 64 bit Build 17134 (10.0.17134.648)
Time: Sun Apr  7 21:33:37 2019 SA Pacific Standard Time elapsed time: 17281 seconds (0d 4h 48m 1s)

---------------  T H R E A D  ---------------

Current thread (0x0000029f7ca6d000):  JavaThread "Secondary finalizer" [_thread_in_native, id=4508, stack(0x000000cf49700000,0x000000cf49800000)]

Stack: [0x000000cf49700000,0x000000cf49800000],  sp=0x000000cf497fead0,  free space=1018k
Native frames: (J=compiled Java code, j=interpreted, Vv=VM code, C=native code)
C  [ntdll.dll+0x1ee9d]
C  [sqlite-3.16.1-473244e6-7f69-4cbf-bd55-4ba7f74961bf-sqlitejdbc.dll+0x7a0d4]

Java frames: (J=compiled Java code, j=interpreted, Vv=VM code)
J 7237  org.sqlite.core.NativeDB.reset(J)I (0 bytes) @ 0x0000029f6e4a2c7b [0x0000029f6e4a2c40+0x000000000000003b]
j  org.sqlite.core.CoreResultSet.close()V+81
J 7282 c1 org.sqlite.jdbc4.JDBC4ResultSet.close()V (50 bytes) @ 0x0000029f66e98694 [0x0000029f66e98580+0x0000000000000114]
J 7022 c1 org.sqlite.core.CoreStatement.internalClose()V (75 bytes) @ 0x0000029f6767f04c [0x0000029f6767e540+0x0000000000000b0c]
j  org.sqlite.jdbc3.JDBC3Statement.close()V+33
j  org.sqlite.jdbc4.JDBC4Statement.close()V+1
j  org.sqlite.jdbc3.JDBC3Statement.finalize()V+1
J 6554 c1 java.lang.ref.Finalizer.runFinalizer(Ljdk/internal/misc/JavaLangAccess;)V java.base@11.0.2 (117 bytes) @ 0x0000029f67847e7c [0x0000029f67847840+0x000000000000063c]
j  java.lang.ref.Finalizer$2.run()V+33 java.base@11.0.2
j  java.lang.Thread.run()V+11 java.base@11.0.2
v  ~StubRoutines::call_stub

siginfo: EXCEPTION_ACCESS_VIOLATION (0xc0000005), writing address 0x0000029f01fd13d0


Register to memory mapping:

RIP=0x00007ff81edbee9d ntdll.dll
RAX=0x000000cf480c6000 points into unknown readable memory: 00 00 00 00 00 00 00 00
RBX=0x0000029f0200b0f8 is an unknown value
RCX=0x0000029f01fd13c8 is an unknown value
RDX=0x000000cf497feb60 is pointing into the stack for thread: 0x0000029f7ca6d000
RSP=0x000000cf497fead0 is pointing into the stack for thread: 0x0000029f7ca6d000
RBP=0x000000cf497feba0 is pointing into the stack for thread: 0x0000029f7ca6d000
RSI=0x0000029f01fe20f0 points into unknown readable memory: 50 95 00 02 9f 02 00 00
RDI=0x00000000a7ae4b28 is an oop: org.sqlite.jdbc4.JDBC4ResultSet 
{0x00000000a7ae4b28} - klass: 'org/sqlite/jdbc4/JDBC4ResultSet'
R8 =0x0000029f0200b0f8 is an unknown value
R9 =0x0000029f665a0b80 is at begin+0 in a stub
StubRoutines::atomic_cmpxchg_long [0x0000029f665a0b80, 0x0000029f665a0b89[ (9 bytes)
R10=0x000000006cd826d0 sqlite-3.16.1-473244e6-7f69-4cbf-bd55-4ba7f74961bf-sqlitejdbc.dll
R11=0x0000000000000246 is an unknown value
R12=0x0 is NULL
R13=0x000000cf497feb90 is pointing into the stack for thread: 0x0000029f7ca6d000
R14=0x000000cf497feb60 is pointing into the stack for thread: 0x0000029f7ca6d000
R15=0x0000029f7ca6d000 is a thread


Registers:
RAX=0x000000cf480c6000, RBX=0x0000029f0200b0f8, RCX=0x0000029f01fd13c8, RDX=0x000000cf497feb60
RSP=0x000000cf497fead0, RBP=0x000000cf497feba0, RSI=0x0000029f01fe20f0, RDI=0x00000000a7ae4b28
R8 =0x0000029f0200b0f8, R9 =0x0000029f665a0b80, R10=0x000000006cd826d0, R11=0x0000000000000246
R12=0x0000000000000000, R13=0x000000cf497feb90, R14=0x000000cf497feb60, R15=0x0000029f7ca6d000
RIP=0x00007ff81edbee9d, EFLAGS=0x0000000000010202

Top of Stack: (sp=0x000000cf497fead0)
0x000000cf497fead0:   0000029f011f8b00 00007fffd8842278
0x000000cf497feae0:   0000029f7ca6d000 00000000a7ae4a50
0x000000cf497feaf0:   00000000a7ae4a50 000000006cdfa0d4
0x000000cf497feb00:   00000000a7ae4b28 0000029f6e4a2f90
0x000000cf497feb10:   00000000a7ae4a50 000000cf497feba0
0x000000cf497feb20:   0000029f7ca6d000 00000000a7ae4a50
0x000000cf497feb30:   0000000000000000 0000029f6e4a2de5
0x000000cf497feb40:   0000000000000000 000000cf497fec00
0x000000cf497feb50:   0000029f7b6cc982 00007fffd832924f
0x000000cf497feb60:   00000000a7ae4a50 00000000a7ae4a50
0x000000cf497feb70:   000000cf497fec80 0000029f022c17f9
0x000000cf497feb80:   0000029f011f8b00 00007fffd8528ff8
0x000000cf497feb90:   0000000000000003 00000000aad328c8
0x000000cf497feba0:   000000cf497fec18 0000029f665a9840
0x000000cf497febb0:   0000029f665a9840 0000029f0200b0f8
0x000000cf497febc0:   0000000000000000 00000000a7ae4a50 

Instructions: (pc=0x00007ff81edbee9d)
0x00007ff81edbee7d:   5e c3 f0 ff 43 38 eb c8 cc cc cc cc cc cc cc cc
0x00007ff81edbee8d:   cc cc cc 48 83 ec 28 65 48 8b 04 25 30 00 00 00
0x00007ff81edbee9d:   f0 0f ba 71 08 00 48 8b 40 48 73 12 48 89 41 10
0x00007ff81edbeead:   33 c0 c7 41 0c 01 00 00 00 48 83 c4 28 c3 48 39 


Stack slot to memory mapping:
stack at sp + 0 slots: 0x0000029f011f8b00 points into unknown readable memory: 02 00 00 00 00 00 00 00
stack at sp + 1 slots: 0x00007fffd8842278 jvm.dll
stack at sp + 2 slots: 0x0000029f7ca6d000 is a thread
stack at sp + 3 slots: 0x00000000a7ae4a50 is an oop: org.sqlite.core.NativeDB 
{0x00000000a7ae4a50} - klass: 'org/sqlite/core/NativeDB'
stack at sp + 4 slots: 0x00000000a7ae4a50 is an oop: org.sqlite.core.NativeDB 
{0x00000000a7ae4a50} - klass: 'org/sqlite/core/NativeDB'
stack at sp + 5 slots: 0x000000006cdfa0d4 sqlite-3.16.1-473244e6-7f69-4cbf-bd55-4ba7f74961bf-sqlitejdbc.dll
stack at sp + 6 slots: 0x00000000a7ae4b28 is an oop: org.sqlite.jdbc4.JDBC4ResultSet 
{0x00000000a7ae4b28} - klass: 'org/sqlite/jdbc4/JDBC4ResultSet'
stack at sp + 7 slots: 0x0000029f6e4a2f90 is at entry_point+848 in (nmethod*)0x0000029f6e4a2a90


---------------  P R O C E S S  ---------------

Threads class SMR info:
_java_thread_list=0x0000029f007392f0, length=14, elements={
0x0000029f7b6c3800, 0x0000029f7b6cf000, 0x0000029f7c062800, 0x0000029f7c063800,
0x0000029f7b6e0800, 0x0000029f7b6e9800, 0x0000029f7b6ec800, 0x0000029f7c180800,
0x0000029f7c184000, 0x0000029f018e7000, 0x0000029f00920000, 0x0000029f7d819800,
0x0000029f7ca6b800, 0x0000029f7ca6d000
}

Java Threads: ( => current thread )
  0x0000029f7b6c3800 JavaThread "Reference Handler" daemon [_thread_blocked, id=10272, stack(0x000000cf48b00000,0x000000cf48c00000)]
  0x0000029f7b6cf000 JavaThread "Finalizer" daemon [_thread_blocked, id=10844, stack(0x000000cf48c00000,0x000000cf48d00000)]
  0x0000029f7c062800 JavaThread "Signal Dispatcher" daemon [_thread_blocked, id=2608, stack(0x000000cf48d00000,0x000000cf48e00000)]
  0x0000029f7c063800 JavaThread "Attach Listener" daemon [_thread_blocked, id=6444, stack(0x000000cf48e00000,0x000000cf48f00000)]
  0x0000029f7b6e0800 JavaThread "C2 CompilerThread0" daemon [_thread_blocked, id=6960, stack(0x000000cf48f00000,0x000000cf49000000)]
  0x0000029f7b6e9800 JavaThread "C1 CompilerThread0" daemon [_thread_blocked, id=5116, stack(0x000000cf49000000,0x000000cf49100000)]
  0x0000029f7b6ec800 JavaThread "Sweeper thread" daemon [_thread_blocked, id=9712, stack(0x000000cf49100000,0x000000cf49200000)]
  0x0000029f7c180800 JavaThread "Service Thread" daemon [_thread_blocked, id=9108, stack(0x000000cf49200000,0x000000cf49300000)]
  0x0000029f7c184000 JavaThread "Common-Cleaner" daemon [_thread_blocked, id=10892, stack(0x000000cf49400000,0x000000cf49500000)]
  0x0000029f018e7000 JavaThread "mysql-cj-abandoned-connection-cleanup" daemon [_thread_blocked, id=1528, stack(0x000000cf49e00000,0x000000cf49f00000)]
  0x0000029f00920000 JavaThread "Live Reload Server" daemon [_thread_in_native, id=10720, stack(0x000000cf4a100000,0x000000cf4a200000)]
  0x0000029f7d819800 JavaThread "DestroyJavaVM" [_thread_blocked, id=2420, stack(0x000000cf48400000,0x000000cf48500000)]
  0x0000029f7ca6b800 JavaThread "Thread-9" [_thread_blocked, id=12272, stack(0x000000cf48300000,0x000000cf48400000)]
=>0x0000029f7ca6d000 JavaThread "Secondary finalizer" [_thread_in_native, id=4508, stack(0x000000cf49700000,0x000000cf49800000)]

Other Threads:
  0x0000029f7b69c800 VMThread "VM Thread" [stack: 0x000000cf48a00000,0x000000cf48b00000] [id=6232]
  0x0000029f7c187800 WatcherThread [stack: 0x000000cf49300000,0x000000cf49400000] [id=10388]
  0x0000029f5ca9d000 GCTaskThread "GC Thread#0" [stack: 0x000000cf48500000,0x000000cf48600000] [id=2728]
  0x0000029f7ce7f000 GCTaskThread "GC Thread#1" [stack: 0x000000cf49600000,0x000000cf49700000] [id=7240]
  0x0000029f7d5f1000 GCTaskThread "GC Thread#2" [stack: 0x000000cf49900000,0x000000cf49a00000] [id=2876]
  0x0000029f7d214000 GCTaskThread "GC Thread#3" [stack: 0x000000cf49a00000,0x000000cf49b00000] [id=8392]
  0x0000029f5cac3000 ConcurrentGCThread "G1 Main Marker" [stack: 0x000000cf48600000,0x000000cf48700000] [id=7164]
  0x0000029f5cac5800 ConcurrentGCThread "G1 Conc#0" [stack: 0x000000cf48700000,0x000000cf48800000] [id=4828]
  0x0000029f5cb27000 ConcurrentGCThread "G1 Refine#0" [stack: 0x000000cf48800000,0x000000cf48900000] [id=4004]
  0x0000029f5cb29000 ConcurrentGCThread "G1 Young RemSet Sampling" [stack: 0x000000cf48900000,0x000000cf48a00000] [id=4768]

Threads with active compile tasks:

VM state:not at safepoint (normal execution)

VM Mutex/Monitor currently owned by a thread: None

Heap address: 0x00000000a6800000, size: 1432 MB, Compressed Oops mode: 32-bit
Narrow klass base: 0x0000000000000000, Narrow klass shift: 3
Compressed class space size: 1073741824 Address: 0x0000000100000000

Heap:
 garbage-first heap   total 71680K, used 20379K [0x00000000a6800000, 0x0000000100000000)
  region size 1024K, 1 young (1024K), 0 survivors (0K)
 Metaspace       used 60304K, capacity 61506K, committed 62200K, reserved 1103872K
  class space    used 7238K, capacity 7718K, committed 7936K, reserved 1048576K
Heap Regions: E=young(eden), S=young(survivor), O=old, HS=humongous(starts), HC=humongous(continues), CS=collection set, F=free, A=archive, TAMS=top-at-mark-start (previous, next)
|   0|0x00000000a6800000, 0x00000000a6900000, 0x00000000a6900000|100%|HS|  |TAMS 0x00000000a6800000, 0x00000000a6800000| Untracked 
|   1|0x00000000a6900000, 0x00000000a69f9908, 0x00000000a6a00000| 97%| O|  |TAMS 0x00000000a6900000, 0x00000000a6900000| Untracked 
|   2|0x00000000a6a00000, 0x00000000a6b00000, 0x00000000a6b00000|100%| O|  |TAMS 0x00000000a6a00000, 0x00000000a6a00000| Untracked 
|   3|0x00000000a6b00000, 0x00000000a6c00000, 0x00000000a6c00000|100%| O|  |TAMS 0x00000000a6b00000, 0x00000000a6b00000| Untracked 
|   4|0x00000000a6c00000, 0x00000000a6cf7d18, 0x00000000a6d00000| 96%| O|  |TAMS 0x00000000a6c00000, 0x00000000a6c00000| Untracked 
|   5|0x00000000a6d00000, 0x00000000a6dfffe0, 0x00000000a6e00000| 99%| O|  |TAMS 0x00000000a6d00000, 0x00000000a6d00000| Untracked 
|   6|0x00000000a6e00000, 0x00000000a6ef7968, 0x00000000a6f00000| 96%| O|  |TAMS 0x00000000a6e00000, 0x00000000a6e00000| Untracked 
|   7|0x00000000a6f00000, 0x00000000a6ffffe8, 0x00000000a7000000| 99%| O|  |TAMS 0x00000000a6f00000, 0x00000000a6f00000| Untracked 
|   8|0x00000000a7000000, 0x00000000a70f9758, 0x00000000a7100000| 97%| O|  |TAMS 0x00000000a7000000, 0x00000000a7000000| Untracked 
|   9|0x00000000a7100000, 0x00000000a71fff60, 0x00000000a7200000| 99%| O|  |TAMS 0x00000000a7100000, 0x00000000a7100000| Untracked 
|  10|0x00000000a7200000, 0x00000000a72fffe0, 0x00000000a7300000| 99%| O|  |TAMS 0x00000000a7200000, 0x00000000a7200000| Untracked 
|  11|0x00000000a7300000, 0x00000000a73ff158, 0x00000000a7400000| 99%| O|  |TAMS 0x00000000a7300000, 0x00000000a7300000| Untracked 
|  12|0x00000000a7400000, 0x00000000a74fffe8, 0x00000000a7500000| 99%| O|  |TAMS 0x00000000a7400000, 0x00000000a7400000| Untracked 
|  13|0x00000000a7500000, 0x00000000a75ffe80, 0x00000000a7600000| 99%| O|  |TAMS 0x00000000a7500000, 0x00000000a7500000| Untracked 
|  14|0x00000000a7600000, 0x00000000a76fffe0, 0x00000000a7700000| 99%| O|  |TAMS 0x00000000a7600000, 0x00000000a7600000| Untracked 
|  15|0x00000000a7700000, 0x00000000a77ffff8, 0x00000000a7800000| 99%| O|  |TAMS 0x00000000a7700000, 0x00000000a7700000| Untracked 
|  16|0x00000000a7800000, 0x00000000a78ffff0, 0x00000000a7900000| 99%| O|  |TAMS 0x00000000a7800000, 0x00000000a7800000| Untracked 
|  17|0x00000000a7900000, 0x00000000a79ffff8, 0x00000000a7a00000| 99%| O|  |TAMS 0x00000000a7900000, 0x00000000a7900000| Untracked 
|  18|0x00000000a7a00000, 0x00000000a7af1c08, 0x00000000a7b00000| 94%| O|  |TAMS 0x00000000a7a00000, 0x00000000a7a00000| Untracked 
|  19|0x00000000a7b00000, 0x00000000a7bbb4c8, 0x00000000a7c00000| 73%| O|  |TAMS 0x00000000a7b00000, 0x00000000a7b00000| Untracked 
|  20|0x00000000a7c00000, 0x00000000a7c58628, 0x00000000a7d00000| 34%| O|  |TAMS 0x00000000a7c00000, 0x00000000a7c00000| Untracked 
|  21|0x00000000a7d00000, 0x00000000a7d00000, 0x00000000a7e00000|  0%| F|  |TAMS 0x00000000a7d00000, 0x00000000a7d00000| Untracked 
|  22|0x00000000a7e00000, 0x00000000a7e00000, 0x00000000a7f00000|  0%| F|  |TAMS 0x00000000a7e00000, 0x00000000a7e00000| Untracked 
|  23|0x00000000a7f00000, 0x00000000a7f00000, 0x00000000a8000000|  0%| F|  |TAMS 0x00000000a7f00000, 0x00000000a7f00000| Untracked 
|  24|0x00000000a8000000, 0x00000000a8000000, 0x00000000a8100000|  0%| F|  |TAMS 0x00000000a8000000, 0x00000000a8000000| Untracked 
|  25|0x00000000a8100000, 0x00000000a8100000, 0x00000000a8200000|  0%| F|  |TAMS 0x00000000a8100000, 0x00000000a8100000| Untracked 
|  26|0x00000000a8200000, 0x00000000a8200000, 0x00000000a8300000|  0%| F|  |TAMS 0x00000000a8200000, 0x00000000a8200000| Untracked 
|  27|0x00000000a8300000, 0x00000000a8300000, 0x00000000a8400000|  0%| F|  |TAMS 0x00000000a8300000, 0x00000000a8300000| Untracked 
|  28|0x00000000a8400000, 0x00000000a8400000, 0x00000000a8500000|  0%| F|  |TAMS 0x00000000a8400000, 0x00000000a8400000| Untracked 
|  29|0x00000000a8500000, 0x00000000a8500000, 0x00000000a8600000|  0%| F|  |TAMS 0x00000000a8500000, 0x00000000a8500000| Untracked 
|  30|0x00000000a8600000, 0x00000000a8600000, 0x00000000a8700000|  0%| F|  |TAMS 0x00000000a8600000, 0x00000000a8600000| Untracked 
|  31|0x00000000a8700000, 0x00000000a8700000, 0x00000000a8800000|  0%| F|  |TAMS 0x00000000a8700000, 0x00000000a8700000| Untracked 
|  32|0x00000000a8800000, 0x00000000a8800000, 0x00000000a8900000|  0%| F|  |TAMS 0x00000000a8800000, 0x00000000a8800000| Untracked 
|  33|0x00000000a8900000, 0x00000000a8900000, 0x00000000a8a00000|  0%| F|  |TAMS 0x00000000a8900000, 0x00000000a8900000| Untracked 
|  34|0x00000000a8a00000, 0x00000000a8a00000, 0x00000000a8b00000|  0%| F|  |TAMS 0x00000000a8a00000, 0x00000000a8a00000| Untracked 
|  35|0x00000000a8b00000, 0x00000000a8b00000, 0x00000000a8c00000|  0%| F|  |TAMS 0x00000000a8b00000, 0x00000000a8b00000| Untracked 
|  36|0x00000000a8c00000, 0x00000000a8c00000, 0x00000000a8d00000|  0%| F|  |TAMS 0x00000000a8c00000, 0x00000000a8c00000| Untracked 
|  37|0x00000000a8d00000, 0x00000000a8d00000, 0x00000000a8e00000|  0%| F|  |TAMS 0x00000000a8d00000, 0x00000000a8d00000| Untracked 
|  38|0x00000000a8e00000, 0x00000000a8e00000, 0x00000000a8f00000|  0%| F|  |TAMS 0x00000000a8e00000, 0x00000000a8e00000| Untracked 
|  39|0x00000000a8f00000, 0x00000000a8f00000, 0x00000000a9000000|  0%| F|  |TAMS 0x00000000a8f00000, 0x00000000a8f00000| Untracked 
|  40|0x00000000a9000000, 0x00000000a9000000, 0x00000000a9100000|  0%| F|  |TAMS 0x00000000a9000000, 0x00000000a9000000| Untracked 
|  41|0x00000000a9100000, 0x00000000a9100000, 0x00000000a9200000|  0%| F|  |TAMS 0x00000000a9100000, 0x00000000a9100000| Untracked 
|  42|0x00000000a9200000, 0x00000000a9200000, 0x00000000a9300000|  0%| F|  |TAMS 0x00000000a9200000, 0x00000000a9200000| Untracked 
|  43|0x00000000a9300000, 0x00000000a9300000, 0x00000000a9400000|  0%| F|  |TAMS 0x00000000a9300000, 0x00000000a9300000| Untracked 
|  44|0x00000000a9400000, 0x00000000a9400000, 0x00000000a9500000|  0%| F|  |TAMS 0x00000000a9400000, 0x00000000a9400000| Untracked 
|  45|0x00000000a9500000, 0x00000000a9500000, 0x00000000a9600000|  0%| F|  |TAMS 0x00000000a9500000, 0x00000000a9500000| Untracked 
|  46|0x00000000a9600000, 0x00000000a9600000, 0x00000000a9700000|  0%| F|  |TAMS 0x00000000a9600000, 0x00000000a9600000| Untracked 
|  47|0x00000000a9700000, 0x00000000a9700000, 0x00000000a9800000|  0%| F|  |TAMS 0x00000000a9700000, 0x00000000a9700000| Untracked 
|  48|0x00000000a9800000, 0x00000000a9800000, 0x00000000a9900000|  0%| F|  |TAMS 0x00000000a9800000, 0x00000000a9800000| Untracked 
|  49|0x00000000a9900000, 0x00000000a9900000, 0x00000000a9a00000|  0%| F|  |TAMS 0x00000000a9900000, 0x00000000a9900000| Untracked 
|  50|0x00000000a9a00000, 0x00000000a9a00000, 0x00000000a9b00000|  0%| F|  |TAMS 0x00000000a9a00000, 0x00000000a9a00000| Untracked 
|  51|0x00000000a9b00000, 0x00000000a9b00000, 0x00000000a9c00000|  0%| F|  |TAMS 0x00000000a9b00000, 0x00000000a9b00000| Untracked 
|  52|0x00000000a9c00000, 0x00000000a9c00000, 0x00000000a9d00000|  0%| F|  |TAMS 0x00000000a9c00000, 0x00000000a9c00000| Untracked 
|  53|0x00000000a9d00000, 0x00000000a9d00000, 0x00000000a9e00000|  0%| F|  |TAMS 0x00000000a9d00000, 0x00000000a9d00000| Untracked 
|  54|0x00000000a9e00000, 0x00000000a9e00000, 0x00000000a9f00000|  0%| F|  |TAMS 0x00000000a9e00000, 0x00000000a9e00000| Untracked 
|  55|0x00000000a9f00000, 0x00000000a9f00000, 0x00000000aa000000|  0%| F|  |TAMS 0x00000000a9f00000, 0x00000000a9f00000| Untracked 
|  56|0x00000000aa000000, 0x00000000aa000000, 0x00000000aa100000|  0%| F|  |TAMS 0x00000000aa000000, 0x00000000aa000000| Untracked 
|  57|0x00000000aa100000, 0x00000000aa100000, 0x00000000aa200000|  0%| F|  |TAMS 0x00000000aa100000, 0x00000000aa100000| Untracked 
|  58|0x00000000aa200000, 0x00000000aa200000, 0x00000000aa300000|  0%| F|  |TAMS 0x00000000aa200000, 0x00000000aa200000| Untracked 
|  59|0x00000000aa300000, 0x00000000aa300000, 0x00000000aa400000|  0%| F|  |TAMS 0x00000000aa300000, 0x00000000aa300000| Untracked 
|  60|0x00000000aa400000, 0x00000000aa400000, 0x00000000aa500000|  0%| F|  |TAMS 0x00000000aa400000, 0x00000000aa400000| Untracked 
|  61|0x00000000aa500000, 0x00000000aa500000, 0x00000000aa600000|  0%| F|  |TAMS 0x00000000aa500000, 0x00000000aa500000| Untracked 
|  62|0x00000000aa600000, 0x00000000aa600000, 0x00000000aa700000|  0%| F|  |TAMS 0x00000000aa600000, 0x00000000aa600000| Untracked 
|  63|0x00000000aa700000, 0x00000000aa700000, 0x00000000aa800000|  0%| F|  |TAMS 0x00000000aa700000, 0x00000000aa700000| Untracked 
|  64|0x00000000aa800000, 0x00000000aa800000, 0x00000000aa900000|  0%| F|  |TAMS 0x00000000aa800000, 0x00000000aa800000| Untracked 
|  65|0x00000000aa900000, 0x00000000aa900000, 0x00000000aaa00000|  0%| F|  |TAMS 0x00000000aa900000, 0x00000000aa900000| Untracked 
|  66|0x00000000aaa00000, 0x00000000aaa00000, 0x00000000aab00000|  0%| F|  |TAMS 0x00000000aaa00000, 0x00000000aaa00000| Untracked 
|  67|0x00000000aab00000, 0x00000000aab00000, 0x00000000aac00000|  0%| F|  |TAMS 0x00000000aab00000, 0x00000000aab00000| Untracked 
|  68|0x00000000aac00000, 0x00000000aac00000, 0x00000000aad00000|  0%| F|  |TAMS 0x00000000aac00000, 0x00000000aac00000| Untracked 
|  69|0x00000000aad00000, 0x00000000aad711f8, 0x00000000aae00000| 44%| E|  |TAMS 0x00000000aad00000, 0x00000000aad00000| Complete 

Card table byte_map: [0x0000029f75e90000,0x0000029f76160000] _byte_map_base: 0x0000029f7595c000

Marking Bits (Prev, Next): (CMBitMap*) 0x0000029f5cabb878, (CMBitMap*) 0x0000029f5cabb8b0
 Prev Bits: [0x0000029f76430000, 0x0000029f77a90000)
 Next Bits: [0x0000029f77a90000, 0x0000029f790f0000)

Polling page: 0x0000029f5c910000

Metaspace:

Usage:
  Non-class:     52.53 MB capacity,    51.82 MB ( 99%) used,   577.07 KB (  1%) free+waste,   144.81 KB ( <1%) overhead. 
      Class:      7.54 MB capacity,     7.07 MB ( 94%) used,   415.34 KB (  5%) free+waste,    63.81 KB ( <1%) overhead. 
       Both:     60.06 MB capacity,    58.89 MB ( 98%) used,   992.41 KB (  2%) free+waste,   208.63 KB ( <1%) overhead. 

Virtual space:
  Non-class space:       54.00 MB reserved,      52.99 MB ( 98%) committed 
      Class space:        1.00 GB reserved,       7.75 MB ( <1%) committed 
             Both:        1.05 GB reserved,      60.74 MB (  6%) committed 

Chunk freelists:
   Non-Class:  52.50 KB
       Class:  22.00 KB
        Both:  74.50 KB

CodeHeap 'non-profiled nmethods': size=120064Kb used=4403Kb max_used=4403Kb free=115660Kb
 bounds [0x0000029f6e060000, 0x0000029f6e4b0000, 0x0000029f755a0000]
CodeHeap 'profiled nmethods': size=120000Kb used=13672Kb max_used=13672Kb free=106327Kb
 bounds [0x0000029f66b30000, 0x0000029f678b0000, 0x0000029f6e060000]
CodeHeap 'non-nmethods': size=5696Kb used=1209Kb max_used=1243Kb free=4487Kb
 bounds [0x0000029f665a0000, 0x0000029f66810000, 0x0000029f66b30000]
 total_blobs=9695 nmethods=6066 adapters=474
 compilation: enabled
              stopped_count=0, restarted_count=0
 full_count=0

Compilation events (10 events):
Event: 17281.746 Thread 0x0000029f7b6e9800 nmethod 7295 0x0000029f67874910 code [0x0000029f67874ba0, 0x0000029f67875580]
Event: 17281.746 Thread 0x0000029f7b6e9800 7298       3       java.util.Formatter$FormatSpecifier::print (63 bytes)
Event: 17281.747 Thread 0x0000029f7b6e9800 nmethod 7298 0x0000029f678a1d10 code [0x0000029f678a1fa0, 0x0000029f678a2a00]
Event: 17281.748 Thread 0x0000029f7b6e9800 7289       3       sun.util.locale.provider.JRELocaleProviderAdapter::getLocaleResources (51 bytes)
Event: 17281.748 Thread 0x0000029f7b6e9800 nmethod 7289 0x0000029f67477a90 code [0x0000029f67477c80, 0x0000029f67478270]
Event: 17281.748 Thread 0x0000029f7b6e9800 7299       3       java.util.Formatter$Flags::parse (70 bytes)
Event: 17281.750 Thread 0x0000029f7b6e9800 nmethod 7299 0x0000029f678a2e10 code [0x0000029f678a30a0, 0x0000029f678a3b50]
Event: 17281.750 Thread 0x0000029f7b6e9800 7300   !   3       java.util.Formatter$FormatSpecifier::width (64 bytes)
Event: 17281.751 Thread 0x0000029f7b6e9800 nmethod 7300 0x0000029f678a4090 code [0x0000029f678a4280, 0x0000029f678a4580]
Event: 17281.762 Thread 0x0000029f7b6e0800 nmethod 7297 0x0000029f6e4adf90 code [0x0000029f6e4ae180, 0x0000029f6e4ae7b8]

GC Heap History (10 events):
Event: 14039.695 GC heap before
{Heap before GC invocations=33 (full 1):
 garbage-first heap   total 81920K, used 68435K [0x00000000a6800000, 0x0000000100000000)
  region size 1024K, 43 young (44032K), 3 survivors (3072K)
 Metaspace       used 60404K, capacity 61834K, committed 61944K, reserved 1103872K
  class space    used 7320K, capacity 7877K, committed 7936K, reserved 1048576K
}
Event: 14039.701 GC heap after
{Heap after GC invocations=34 (full 1):
 garbage-first heap   total 81920K, used 27342K [0x00000000a6800000, 0x0000000100000000)
  region size 1024K, 1 young (1024K), 1 survivors (1024K)
 Metaspace       used 60404K, capacity 61834K, committed 61944K, reserved 1103872K
  class space    used 7320K, capacity 7877K, committed 7936K, reserved 1048576K
}
Event: 14958.258 GC heap before
{Heap before GC invocations=34 (full 1):
 garbage-first heap   total 81920K, used 69326K [0x00000000a6800000, 0x0000000100000000)
  region size 1024K, 42 young (43008K), 1 survivors (1024K)
 Metaspace       used 60405K, capacity 61834K, committed 61944K, reserved 1103872K
  class space    used 7320K, capacity 7877K, committed 7936K, reserved 1048576K
}
Event: 14958.260 GC heap after
{Heap after GC invocations=35 (full 1):
 garbage-first heap   total 81920K, used 27301K [0x00000000a6800000, 0x0000000100000000)
  region size 1024K, 1 young (1024K), 1 survivors (1024K)
 Metaspace       used 60405K, capacity 61834K, committed 61944K, reserved 1103872K
  class space    used 7320K, capacity 7877K, committed 7936K, reserved 1048576K
}
Event: 15744.710 GC heap before
{Heap before GC invocations=35 (full 1):
 garbage-first heap   total 81920K, used 67237K [0x00000000a6800000, 0x0000000100000000)
  region size 1024K, 41 young (41984K), 1 survivors (1024K)
 Metaspace       used 60555K, capacity 61940K, committed 62200K, reserved 1103872K
  class space    used 7325K, capacity 7885K, committed 7936K, reserved 1048576K
}
Event: 15744.749 GC heap after
{Heap after GC invocations=36 (full 1):
 garbage-first heap   total 81920K, used 27465K [0x00000000a6800000, 0x0000000100000000)
  region size 1024K, 1 young (1024K), 1 survivors (1024K)
 Metaspace       used 60555K, capacity 61940K, committed 62200K, reserved 1103872K
  class space    used 7325K, capacity 7885K, committed 7936K, reserved 1048576K
}
Event: 16499.934 GC heap before
{Heap before GC invocations=36 (full 1):
 garbage-first heap   total 81920K, used 68425K [0x00000000a6800000, 0x0000000100000000)
  region size 1024K, 41 young (41984K), 1 survivors (1024K)
 Metaspace       used 60654K, capacity 62095K, committed 62200K, reserved 1103872K
  class space    used 7328K, capacity 7891K, committed 7936K, reserved 1048576K
}
Event: 16499.937 GC heap after
{Heap after GC invocations=37 (full 1):
 garbage-first heap   total 81920K, used 27470K [0x00000000a6800000, 0x0000000100000000)
  region size 1024K, 1 young (1024K), 1 survivors (1024K)
 Metaspace       used 60654K, capacity 62095K, committed 62200K, reserved 1103872K
  class space    used 7328K, capacity 7891K, committed 7936K, reserved 1048576K
}
Event: 17281.494 GC heap before
{Heap before GC invocations=37 (full 1):
 garbage-first heap   total 81920K, used 63310K [0x00000000a6800000, 0x0000000100000000)
  region size 1024K, 37 young (37888K), 1 survivors (1024K)
 Metaspace       used 60662K, capacity 62101K, committed 62200K, reserved 1103872K
  class space    used 7328K, capacity 7893K, committed 7936K, reserved 1048576K
}
Event: 17281.727 GC heap after
{Heap after GC invocations=38 (full 2):
 garbage-first heap   total 71680K, used 20379K [0x00000000a6800000, 0x0000000100000000)
  region size 1024K, 0 young (0K), 0 survivors (0K)
 Metaspace       used 60274K, capacity 61506K, committed 62200K, reserved 1103872K
  class space    used 7238K, capacity 7718K, committed 7936K, reserved 1048576K
}

Deoptimization events (10 events):
Event: 4888.519 Thread 0x0000029f7d820000 Uncommon trap: reason=unstable_if action=reinterpret pc=0x0000029f6e1149cc method=java.nio.Buffer.<init>(IIII)V @ 44 c2
Event: 4888.520 Thread 0x0000029f7d820000 Uncommon trap: reason=class_check action=maybe_recompile pc=0x0000029f6e235ef8 method=java.util.concurrent.ConcurrentMap.computeIfAbsent(Ljava/lang/Object;Ljava/util/function/Function;)Ljava/lang/Object; @ 7 c2
Event: 4889.343 Thread 0x0000029f00921800 Uncommon trap: reason=class_check action=maybe_recompile pc=0x0000029f6e235ef8 method=java.util.concurrent.ConcurrentMap.computeIfAbsent(Ljava/lang/Object;Ljava/util/function/Function;)Ljava/lang/Object; @ 7 c2
Event: 5057.560 Thread 0x0000029f7d81d000 Uncommon trap: reason=class_check action=maybe_recompile pc=0x0000029f6e235ef8 method=java.util.concurrent.ConcurrentMap.computeIfAbsent(Ljava/lang/Object;Ljava/util/function/Function;)Ljava/lang/Object; @ 7 c2
Event: 9019.604 Thread 0x0000029f7d818000 Uncommon trap: reason=unstable_if action=reinterpret pc=0x0000029f6e1f2e54 method=java.lang.ref.SoftReference.get()Ljava/lang/Object; @ 6 c2
Event: 9019.607 Thread 0x0000029f7d818000 Uncommon trap: reason=unstable_if action=reinterpret pc=0x0000029f6e0f2a54 method=java.lang.ref.SoftReference.get()Ljava/lang/Object; @ 6 c2
Event: 11020.046 Thread 0x0000029f7d822000 Uncommon trap: reason=class_check action=maybe_recompile pc=0x0000029f6e239f20 method=org.springframework.core.annotation.AnnotationUtils.getDeclaredAnnotations(Ljava/lang/reflect/AnnotatedElement;)[Ljava/lang/annotation/Annotation; @ 33 c2
Event: 14570.730 Thread 0x0000029f7d814800 Uncommon trap: reason=unstable_if action=reinterpret pc=0x0000029f6e2f9a60 method=java.util.concurrent.locks.AbstractQueuedSynchronizer.acquireQueued(Ljava/util/concurrent/locks/AbstractQueuedSynchronizer$Node;I)Z @ 14 c2
Event: 15741.148 Thread 0x0000029f00921000 Uncommon trap: reason=unstable_if action=reinterpret pc=0x0000029f6e0c6410 method=org.apache.tomcat.util.collections.SynchronizedQueue.size()I @ 11 c2
Event: 17281.473 Thread 0x0000029f7d81d000 Uncommon trap: reason=unstable_if action=reinterpret pc=0x0000029f6e1ba80c method=java.util.concurrent.locks.AbstractQueuedSynchronizer.acquireQueued(Ljava/util/concurrent/locks/AbstractQueuedSynchronizer$Node;I)Z @ 14 c2

Classes redefined (0 events):
No events

Internal exceptions (10 events):
Event: 1486.538 Thread 0x0000029f7d813000 Implicit null exception at 0x0000029f673827b5 to 0x0000029f67382d3b
Event: 1486.538 Thread 0x0000029f7d813000 Exception <a 'java/lang/NullPointerException'{0x00000000a94ec658}> (0x00000000a94ec658) thrown at [t:/workspace/open/src/hotspot/share/runtime/sharedRuntime.cpp, line 584]
Event: 1486.538 Thread 0x0000029f7d813000 Implicit null exception at 0x0000029f673827b5 to 0x0000029f67382d3b
Event: 1486.539 Thread 0x0000029f7d813000 Exception <a 'java/lang/NullPointerException'{0x00000000a94ed650}> (0x00000000a94ed650) thrown at [t:/workspace/open/src/hotspot/share/runtime/sharedRuntime.cpp, line 584]
Event: 1487.754 Thread 0x0000029f7d813000 Exception <a 'java/lang/NullPointerException'{0x00000000ab558148}> (0x00000000ab558148) thrown at [t:/workspace/open/src/hotspot/share/interpreter/linkResolver.cpp, line 1436]
Event: 1487.770 Thread 0x0000029f7d813000 Exception <a 'java/lang/NullPointerException'{0x00000000ab5944d8}> (0x00000000ab5944d8) thrown at [t:/workspace/open/src/hotspot/share/interpreter/linkResolver.cpp, line 1436]
Event: 1487.785 Thread 0x0000029f7d813000 Exception <a 'java/lang/NullPointerException'{0x00000000ab5cf738}> (0x00000000ab5cf738) thrown at [t:/workspace/open/src/hotspot/share/interpreter/linkResolver.cpp, line 1436]
Event: 4140.394 Thread 0x0000029f7d81d800 Exception <a 'java/lang/NoSuchMethodError'{0x00000000aafd7e40}: java.lang.invoke.DirectMethodHandle$Holder.invokeSpecialIFC(Ljava/lang/Object;Ljava/lang/Object;Ljava/lang/Object;Ljava/lang/Object;)Ljava/lang/Object;> (0x00000000aafd7e40) thrown at [t:/wor
Event: 9019.604 Thread 0x0000029f7d818000 Implicit null exception at 0x0000029f6e1f25e4 to 0x0000029f6e1f2e3a
Event: 17281.478 Thread 0x0000029f7d814000 Exception <a 'java/lang/InterruptedException'{0x00000000a94e4270}: sleep interrupted> (0x00000000a94e4270) thrown at [t:/workspace/open/src/hotspot/share/prims/jvm.cpp, line 3117]

Events (10 events):
Event: 17281.479 Executing VM operation: RevokeBias
Event: 17281.479 Executing VM operation: RevokeBias done
Event: 17281.479 Thread 0x0000029f7b6ec800 flushing nmethod 0x0000029f671f5590
Event: 17281.482 Thread 0x0000029f7d814800 Thread exited: 0x0000029f7d814800
Event: 17281.482 Thread 0x0000029f7d815800 Thread exited: 0x0000029f7d815800
Event: 17281.484 Thread 0x0000029f7b6ec800 flushing nmethod 0x0000029f67874510
Event: 17281.494 Executing VM operation: G1CollectFull
Event: 17281.727 Executing VM operation: G1CollectFull done
Event: 17281.727 Thread 0x0000029f7ca6a000 Thread exited: 0x0000029f7ca6a000
Event: 17281.728 Thread 0x0000029f7ca6d000 Thread added: 0x0000029f7ca6d000


Dynamic libraries:
0x00007ff761550000 - 0x00007ff761597000 	C:\Program Files\Java\jdk-11.0.2\bin\javaw.exe
0x00007ff81eda0000 - 0x00007ff81ef81000 	C:\WINDOWS\SYSTEM32\ntdll.dll
0x00007fffdde40000 - 0x00007fffdde52000 	C:\Program Files\AVAST Software\Avast\aswhook.dll
0x00007ff81e830000 - 0x00007ff81e8e2000 	C:\WINDOWS\System32\KERNEL32.DLL
0x00007ff81bc60000 - 0x00007ff81bed3000 	C:\WINDOWS\System32\KERNELBASE.dll
0x00007ff81d900000 - 0x00007ff81d9a1000 	C:\WINDOWS\System32\ADVAPI32.dll
0x00007ff81ec40000 - 0x00007ff81ecde000 	C:\WINDOWS\System32\msvcrt.dll
0x00007ff81e970000 - 0x00007ff81e9cb000 	C:\WINDOWS\System32\sechost.dll
0x00007ff81e3e0000 - 0x00007ff81e504000 	C:\WINDOWS\System32\RPCRT4.dll
0x00007ff81c230000 - 0x00007ff81c3c0000 	C:\WINDOWS\System32\USER32.dll
0x00007ff81bc40000 - 0x00007ff81bc60000 	C:\WINDOWS\System32\win32u.dll
0x00007ff81eb40000 - 0x00007ff81eb68000 	C:\WINDOWS\System32\GDI32.dll
0x00007ff81b2f0000 - 0x00007ff81b482000 	C:\WINDOWS\System32\gdi32full.dll
0x00007ff81b490000 - 0x00007ff81b52f000 	C:\WINDOWS\System32\msvcp_win.dll
0x00007ff81b170000 - 0x00007ff81b268000 	C:\WINDOWS\System32\ucrtbase.dll
0x00007ff80f6b0000 - 0x00007ff80f919000 	C:\WINDOWS\WinSxS\amd64_microsoft.windows.common-controls_6595b64144ccf1df_6.0.17134.648_none_fb45a0e93062a6d2\COMCTL32.dll
0x00007ff81e0b0000 - 0x00007ff81e3d2000 	C:\WINDOWS\System32\combase.dll
0x00007ff81b270000 - 0x00007ff81b2ea000 	C:\WINDOWS\System32\bcryptPrimitives.dll
0x00007ff816bb0000 - 0x00007ff816bba000 	C:\WINDOWS\SYSTEM32\VERSION.dll
0x00007ff81ded0000 - 0x00007ff81defd000 	C:\WINDOWS\System32\IMM32.DLL
0x00007ffff13b0000 - 0x00007ffff13c6000 	C:\Program Files\Java\jdk-11.0.2\bin\vcruntime140.dll
0x00007fffe1940000 - 0x00007fffe19ea000 	C:\Program Files\Java\jdk-11.0.2\bin\msvcp140.dll
0x00007fffd81a0000 - 0x00007fffd8cc7000 	C:\Program Files\Java\jdk-11.0.2\bin\server\jvm.dll
0x00007ff81ed60000 - 0x00007ff81ed68000 	C:\WINDOWS\System32\PSAPI.DLL
0x00007ff80d6d0000 - 0x00007ff80d6d9000 	C:\WINDOWS\SYSTEM32\WSOCK32.dll
0x00007ff81de00000 - 0x00007ff81de6c000 	C:\WINDOWS\System32\WS2_32.dll
0x00007ff819020000 - 0x00007ff819043000 	C:\WINDOWS\SYSTEM32\WINMM.dll
0x00007ff818ff0000 - 0x00007ff81901a000 	C:\WINDOWS\SYSTEM32\WINMMBASE.dll
0x00007ff81bee0000 - 0x00007ff81bf29000 	C:\WINDOWS\System32\cfgmgr32.dll
0x00007ff81b0d0000 - 0x00007ff81b0e1000 	C:\WINDOWS\System32\kernel.appcore.dll
0x00007ffff06c0000 - 0x00007ffff06d1000 	C:\Program Files\Java\jdk-11.0.2\bin\verify.dll
0x00007ff80c840000 - 0x00007ff80ca09000 	C:\WINDOWS\SYSTEM32\DBGHELP.DLL
0x00007ff80c6e0000 - 0x00007ff80c709000 	C:\WINDOWS\SYSTEM32\dbgcore.DLL
0x00007ffff0690000 - 0x00007ffff06b9000 	C:\Program Files\Java\jdk-11.0.2\bin\java.dll
0x00007ffff0520000 - 0x00007ffff0536000 	C:\Program Files\Java\jdk-11.0.2\bin\zip.dll
0x00007ffff0990000 - 0x00007ffff099a000 	C:\Program Files\Java\jdk-11.0.2\bin\jimage.dll
0x00007ff81c3c0000 - 0x00007ff81d800000 	C:\WINDOWS\System32\SHELL32.dll
0x00007ff81e780000 - 0x00007ff81e829000 	C:\WINDOWS\System32\shcore.dll
0x00007ff81b530000 - 0x00007ff81bc3d000 	C:\WINDOWS\System32\windows.storage.dll
0x00007ff81e8f0000 - 0x00007ff81e941000 	C:\WINDOWS\System32\shlwapi.dll
0x00007ff81b0b0000 - 0x00007ff81b0cf000 	C:\WINDOWS\System32\profapi.dll
0x00007ff81b110000 - 0x00007ff81b15c000 	C:\WINDOWS\System32\powrprof.dll
0x00007ff81b160000 - 0x00007ff81b16a000 	C:\WINDOWS\System32\FLTLIB.DLL
0x00007ffff0500000 - 0x00007ffff0519000 	C:\Program Files\Java\jdk-11.0.2\bin\net.dll
0x00007ff80ffd0000 - 0x00007ff8100ad000 	C:\WINDOWS\SYSTEM32\WINHTTP.dll
0x00007ff812da0000 - 0x00007ff812f68000 	C:\WINDOWS\SYSTEM32\urlmon.dll
0x00007ff812aa0000 - 0x00007ff812d45000 	C:\WINDOWS\SYSTEM32\iertutil.dll
0x00007ff81aaa0000 - 0x00007ff81aaab000 	C:\WINDOWS\SYSTEM32\CRYPTBASE.DLL
0x00007ff80b0b0000 - 0x00007ff80b0d0000 	C:\WINDOWS\system32\PrxerDrv.dll
0x00007ff81a8d0000 - 0x00007ff81a936000 	C:\WINDOWS\system32\mswsock.dll
0x00007ffff04e0000 - 0x00007ffff04f3000 	C:\Program Files\Java\jdk-11.0.2\bin\nio.dll
0x00007ff8026e0000 - 0x00007ff8026e9000 	C:\Program Files\Java\jdk-11.0.2\bin\management.dll
0x00007ff801c60000 - 0x00007ff801c6c000 	C:\Program Files\Java\jdk-11.0.2\bin\management_ext.dll
0x00007ff814270000 - 0x00007ff81428b000 	C:\WINDOWS\system32\PrxerNsp.dll
0x00007ff81a6a0000 - 0x00007ff81a75e000 	C:\WINDOWS\SYSTEM32\DNSAPI.dll
0x00007ff81df00000 - 0x00007ff81df08000 	C:\WINDOWS\System32\NSI.dll
0x00007ff81a650000 - 0x00007ff81a688000 	C:\WINDOWS\SYSTEM32\IPHLPAPI.DLL
0x00007ff813fe0000 - 0x00007ff813ff6000 	C:\WINDOWS\system32\napinsp.dll
0x00007fffe2bc0000 - 0x00007fffe2bda000 	C:\WINDOWS\system32\pnrpnsp.dll
0x00007ff817630000 - 0x00007ff817649000 	C:\WINDOWS\system32\NLAapi.dll
0x00007ffffc030000 - 0x00007ffffc03e000 	C:\WINDOWS\System32\winrnr.dll
0x00007ff80fa00000 - 0x00007ff80fa0a000 	C:\Windows\System32\rasadhlp.dll
0x00007ff80fe90000 - 0x00007ff80ff02000 	C:\WINDOWS\System32\fwpuclnt.dll
0x00007ff81abb0000 - 0x00007ff81abd5000 	C:\WINDOWS\SYSTEM32\bcrypt.dll
0x00007ff81aa80000 - 0x00007ff81aa97000 	C:\WINDOWS\SYSTEM32\CRYPTSP.dll
0x00007ff81a4b0000 - 0x00007ff81a4e3000 	C:\WINDOWS\system32\rsaenh.dll
0x00007ff81afb0000 - 0x00007ff81afd8000 	C:\WINDOWS\SYSTEM32\USERENV.dll
0x00007ff813b60000 - 0x00007ff813b76000 	C:\WINDOWS\SYSTEM32\dhcpcsvc6.DLL
0x00007ff813e40000 - 0x00007ff813e5a000 	C:\WINDOWS\SYSTEM32\dhcpcsvc.DLL
0x000000006cd80000 - 0x000000006ce70000 	C:\Users\Demar Johnson\AppData\Local\Temp\sqlite-3.16.1-473244e6-7f69-4cbf-bd55-4ba7f74961bf-sqlitejdbc.dll

dbghelp: loaded successfully - version: 4.0.5 - missing functions: none
symbol engine: initialized successfully - sym options: 0x614 - pdb path: .;C:\Program Files\Java\jdk-11.0.2\bin;C:\WINDOWS\SYSTEM32;C:\Program Files\AVAST Software\Avast;C:\WINDOWS\WinSxS\amd64_microsoft.windows.common-controls_6595b64144ccf1df_6.0.17134.648_none_fb45a0e93062a6d2;C:\Program Files\Java\jdk-11.0.2\bin\server;C:\Users\Demar Johnson\AppData\Local\Temp

VM Arguments:
jvm_args: -Dfile.encoding=UTF-8 
java_command: com.JohnApp.JohnShop.JohnShopApplication
java_class_path (initial): C:\Users\Demar Johnson\johnshop\JohnShop\target\classes;C:\Users\Demar Johnson\.m2\repository\org\springframework\boot\spring-boot-starter-data-jpa\2.1.3.RELEASE\spring-boot-starter-data-jpa-2.1.3.RELEASE.jar;C:\Users\Demar Johnson\.m2\repository\org\springframework\boot\spring-boot-starter-aop\2.1.3.RELEASE\spring-boot-starter-aop-2.1.3.RELEASE.jar;C:\Users\Demar Johnson\.m2\repository\org\springframework\spring-aop\5.1.5.RELEASE\spring-aop-5.1.5.RELEASE.jar;C:\Users\Demar Johnson\.m2\repository\org\aspectj\aspectjweaver\1.9.2\aspectjweaver-1.9.2.jar;C:\Users\Demar Johnson\.m2\repository\org\springframework\boot\spring-boot-starter-jdbc\2.1.3.RELEASE\spring-boot-starter-jdbc-2.1.3.RELEASE.jar;C:\Users\Demar Johnson\.m2\repository\com\zaxxer\HikariCP\3.2.0\HikariCP-3.2.0.jar;C:\Users\Demar Johnson\.m2\repository\org\springframework\spring-jdbc\5.1.5.RELEASE\spring-jdbc-5.1.5.RELEASE.jar;C:\Users\Demar Johnson\.m2\repository\javax\transaction\javax.transaction-api\1.3\javax.transaction-api-1.3.jar;C:\Users\Demar Johnson\.m2\repository\javax\xml\bind\jaxb-api\2.3.1\jaxb-api-2.3.1.jar;C:\Users\Demar Johnson\.m2\repository\javax\activation\javax.activation-api\1.2.0\javax.activation-api-1.2.0.jar;C:\Users\Demar Johnson\.m2\repository\org\hibernate\hibernate-core\5.3.7.Final\hibernate-core-5.3.7.Final.jar;C:\Users\Demar Johnson\.m2\repository\org\jboss\logging\jboss-logging\3.3.2.Final\jboss-logging-3.3.2.Final.jar;C:\Users\Demar Johnson\.m2\repository\javax\persistence\javax.persistence-api\2.2\javax.persistence-api-2.2.jar;C:\Users\Demar Johnson\.m2\repository\org\javassist\javassist\3.23.1-GA\javassist-3.23.1-GA.jar;C:\Users\Demar Johnson\.m2\repository\net\bytebuddy\byte-buddy\1.9.10\byte-buddy-1.9.10.jar;C:\Users\Demar Johnson\.m2\repository\antlr\antlr\2.7.7\antlr-2.7.7.jar;C:\Users\Demar Johnson\.m2\repository\org\jboss\jandex\2.0.5.Final\jandex-2.0.5.Final.jar;C:\Users\Demar Johnson\.m2\repository\com\fasterxml\classmate\1.4.0\classma
Launcher Type: SUN_STANDARD

[Global flags]
     intx CICompilerCount                          = 3                                         {product} {ergonomic}
     uint ConcGCThreads                            = 1                                         {product} {ergonomic}
     uint G1ConcRefinementThreads                  = 4                                         {product} {ergonomic}
   size_t G1HeapRegionSize                         = 1048576                                   {product} {ergonomic}
    uintx GCDrainStackTargetSize                   = 64                                        {product} {ergonomic}
   size_t InitialHeapSize                          = 94371840                                  {product} {ergonomic}
   size_t MarkStackSize                            = 4194304                                   {product} {ergonomic}
   size_t MaxHeapSize                              = 1501560832                                {product} {ergonomic}
   size_t MaxNewSize                               = 900726784                                 {product} {ergonomic}
   size_t MinHeapDeltaBytes                        = 1048576                                   {product} {ergonomic}
    uintx NonNMethodCodeHeapSize                   = 5830092                                {pd product} {ergonomic}
    uintx NonProfiledCodeHeapSize                  = 122914074                              {pd product} {ergonomic}
    uintx ProfiledCodeHeapSize                     = 122914074                              {pd product} {ergonomic}
    uintx ReservedCodeCacheSize                    = 251658240                              {pd product} {ergonomic}
     bool SegmentedCodeCache                       = true                                      {product} {ergonomic}
     bool UseCompressedClassPointers               = true                                 {lp64_product} {ergonomic}
     bool UseCompressedOops                        = true                                 {lp64_product} {ergonomic}
     bool UseG1GC                                  = true                                      {product} {ergonomic}
     bool UseLargePagesIndividualAllocation        = false                                  {pd product} {ergonomic}

Logging:
Log output configuration:
 #0: stdout all=warning uptime,level,tags
 #1: stderr all=off uptime,level,tags

Environment Variables:
PATH=C:/Program Files/Java/jdk-11.0.2/bin/server;C:/Program Files/Java/jdk-11.0.2/bin;C:\Program Files\Java\jdk-11.0.2\bin;C:\WINDOWS\system32;C:\WINDOWS;C:\WINDOWS\System32\Wbem;C:\WINDOWS\System32\WindowsPowerShell\v1.0\;C:\WINDOWS\system32\config\systemprofile\.dnx\bin;C:\Program Files\Microsoft DNX\Dnvm\;C:\Program Files\Microsoft SQL Server\130\Tools\Binn\;C:\Program Files\Git\cmd;C:\WINDOWS\System32\OpenSSH\;C:\Program Files (x86)\IBM\SPSS\Statistics\24\JRE\bin;C:\Program Files (x86)\Microsoft SQL Server\Client SDK\ODBC\130\Tools\Binn\;C:\Program Files (x86)\Microsoft SQL Server\140\Tools\Binn\;C:\Program Files (x86)\Microsoft SQL Server\140\DTS\Binn\;C:\Program Files (x86)\Microsoft SQL Server\140\Tools\Binn\ManagementStudio\;C:\Program Files\Microsoft SQL Server\Client SDK\ODBC\130\Tools\Binn\;C:\Program Files\Microsoft SQL Server\140\Tools\Binn\;C:\Program Files\Microsoft SQL Server\140\DTS\Binn\;;C:\Users\Demar Johnson\AppData\Local\Programs\Microsoft VS Code\bin;C:\Program Files\swipl\bin;C:\Users\Demar Johnson\Desktop;
USERNAME=Demar Johnson
OS=Windows_NT
PROCESSOR_IDENTIFIER=AMD64 Family 21 Model 101 Stepping 1, AuthenticAMD



---------------  S Y S T E M  ---------------

OS: Windows 10 , 64 bit Build 17134 (10.0.17134.648)

CPU:total 4 (initial active 4) (4 cores per cpu, 1 threads per core) family 21 model 101 stepping 1, cmov, cx8, fxsr, mmx, sse, sse2, sse3, ssse3, sse4.1, sse4.2, popcnt, avx, avx2, aes, clmul, mmxext, 3dnowpref, lzcnt, sse4a, tsc, tscinvbit, tscinv, bmi1, bmi2, fma

Memory: 4k page, system-wide physical 5727M (1055M free)
TotalPageFile size 14687M (AvailPageFile size 7566M)
current process WorkingSet (physical memory assigned to process): 181M, peak: 267M
current process commit charge ("private bytes"): 239M, peak: 305M

vm_info: Java HotSpot(TM) 64-Bit Server VM (11.0.2+9-LTS) for windows-amd64 JRE (11.0.2+9-LTS), built on Jan 18 2019 05:24:10 by "mach5one" with MS VC++ 15.5 (VS2017)

END.
