#
# A fatal error has been detected by the Java Runtime Environment:
#
#  EXCEPTION_ACCESS_VIOLATION (0xc0000005) at pc=0x00007ff8cde0ee9d, pid=11316, tid=4280
#
# JRE version: Java(TM) SE Runtime Environment (11.0.2+9) (build 11.0.2+9-LTS)
# Java VM: Java HotSpot(TM) 64-Bit Server VM (11.0.2+9-LTS, mixed mode, tiered, compressed oops, g1 gc, windows-amd64)
# Problematic frame:
# C  [ntdll.dll+0x1ee9d]
#
# No core dump will be written. Minidumps are not enabled by default on client versions of Windows
#
# If you would like to submit a bug report, please visit:
#   http://bugreport.java.com/bugreport/crash.jsp
# The crash happened outside the Java Virtual Machine in native code.
# See problematic frame for where to report the bug.
#

---------------  S U M M A R Y ------------

Command Line: -Dfile.encoding=UTF-8 com.JohnApp.JohnShop.JohnShopApplication

Host: AMD A10-9600P RADEON R5, 10 COMPUTE CORES 4C+6G, 4 cores, 5G,  Windows 10 , 64 bit Build 17134 (10.0.17134.706)
Time: Fri Apr 12 09:16:40 2019 SA Pacific Standard Time elapsed time: 437 seconds (0d 0h 7m 17s)

---------------  T H R E A D  ---------------

Current thread (0x000002a5fef06000):  JavaThread "Secondary finalizer" [_thread_in_native, id=4280, stack(0x000000b7c9000000,0x000000b7c9100000)]

Stack: [0x000000b7c9000000,0x000000b7c9100000],  sp=0x000000b7c90ff2f0,  free space=1020k
Native frames: (J=compiled Java code, j=interpreted, Vv=VM code, C=native code)
C  [ntdll.dll+0x1ee9d]
C  [sqlite-3.16.1-da781865-a157-4ab1-b72b-49406949dff6-sqlitejdbc.dll+0x7a0d4]

Java frames: (J=compiled Java code, j=interpreted, Vv=VM code)
j  org.sqlite.core.NativeDB.reset(J)I+0
j  org.sqlite.core.CoreResultSet.close()V+81
j  org.sqlite.jdbc4.JDBC4ResultSet.close()V+6
j  org.sqlite.jdbc3.JDBC3ResultSet.finalize()V+1
J 6475 c1 java.lang.ref.Finalizer.runFinalizer(Ljdk/internal/misc/JavaLangAccess;)V java.base@11.0.2 (117 bytes) @ 0x000002a5811c6c0c [0x000002a5811c6900+0x000000000000030c]
j  java.lang.ref.Finalizer$2.run()V+33 java.base@11.0.2
j  java.lang.Thread.run()V+11 java.base@11.0.2
v  ~StubRoutines::call_stub

siginfo: EXCEPTION_ACCESS_VIOLATION (0xc0000005), writing address 0x0000000000000009


Register to memory mapping:

RIP=0x00007ff8cde0ee9d ntdll.dll
RAX=0x000000b7c79d5000 points into unknown readable memory: 00 00 00 00 00 00 00 00
RBX=0x000002a59378bfa8 points into unknown readable memory: 50 7e 16 94 a5 02 00 00
RCX=0x0000000000000001 is an unknown value
RDX=0x000000b7c90ff428 is pointing into the stack for thread: 0x000002a5fef06000
RSP=0x000000b7c90ff2f0 is pointing into the stack for thread: 0x000002a5fef06000
RBP=0x000000b7c90ff3f8 is pointing into the stack for thread: 0x000002a5fef06000
RSI=0x000002a594167e50 points into unknown readable memory: 50 75 71 93 a5 02 00 00
RDI=0x00000000a6a5db48 is an oop: java.lang.System$2 
{0x00000000a6a5db48} - klass: 'java/lang/System$2'
R8 =0x000002a59378bfa8 points into unknown readable memory: 50 7e 16 94 a5 02 00 00
R9 =0x000002a580000b80 is at begin+0 in a stub
StubRoutines::atomic_cmpxchg_long [0x000002a580000b80, 0x000002a580000b89[ (9 bytes)
R10=0x000002a58000fd35 is at code_begin+1429 in an Interpreter codelet
method entry point (kind = native_synchronized)  [0x000002a58000f7a0, 0x000002a5800104c0]  3360 bytes
R11=0x0000000080000121 is an unknown value
R12=0x0 is NULL
R13={method} {0x000002a5934f1b20} 'reset' '(J)I' in 'org/sqlite/core/NativeDB'
R14=0x000000b7c90ff428 is pointing into the stack for thread: 0x000002a5fef06000
R15=0x000002a5fef06000 is a thread


Registers:
RAX=0x000000b7c79d5000, RBX=0x000002a59378bfa8, RCX=0x0000000000000001, RDX=0x000000b7c90ff428
RSP=0x000000b7c90ff2f0, RBP=0x000000b7c90ff3f8, RSI=0x000002a594167e50, RDI=0x00000000a6a5db48
R8 =0x000002a59378bfa8, R9 =0x000002a580000b80, R10=0x000002a58000fd35, R11=0x0000000080000121
R12=0x0000000000000000, R13=0x000002a5934f1b18, R14=0x000000b7c90ff428, R15=0x000002a5fef06000
RIP=0x00007ff8cde0ee9d, EFLAGS=0x0000000000010206

Top of Stack: (sp=0x000000b7c90ff2f0)
0x000000b7c90ff2f0:   000002a5fef06000 00000000a7d9d5a8
0x000000b7c90ff300:   000002a591f639e8 00007ff88f38924f
0x000000b7c90ff310:   000002a591f63900 000000006cdfa0d4
0x000000b7c90ff320:   000002a500000002 000002a5fef06000
0x000000b7c90ff330:   000002a592870920 00007ff88f588ead
0x000000b7c90ff340:   000000b7c90ff980 000002a5934f1b18
0x000000b7c90ff350:   00000000a7d9d6d0 000002a58000fd64
0x000000b7c90ff360:   00000000a6a5db48 000002a58000fa77
0x000000b7c90ff370:   000002a5fef06000 000002a5fef06105
0x000000b7c90ff380:   000000b7c90ff3f8 00000000a7d9d6d0
0x000000b7c90ff390:   000002a5fef06000 000002a58000fa34
0x000000b7c90ff3a0:   0000000000000003 00000000a7d9d5a8
0x000000b7c90ff3b0:   000000b7c90ff3a0 000002a5934f1b18
0x000000b7c90ff3c0:   000000b7c90ff428 000002a593536de0
0x000000b7c90ff3d0:   0000000000000000 00000000a7ac9d98
0x000000b7c90ff3e0:   000002a5934f1b18 0000000000000000 

Instructions: (pc=0x00007ff8cde0ee9d)
0x00007ff8cde0ee7d:   5e c3 f0 ff 43 38 eb c8 cc cc cc cc cc cc cc cc
0x00007ff8cde0ee8d:   cc cc cc 48 83 ec 28 65 48 8b 04 25 30 00 00 00
0x00007ff8cde0ee9d:   f0 0f ba 71 08 00 48 8b 40 48 73 12 48 89 41 10
0x00007ff8cde0eead:   33 c0 c7 41 0c 01 00 00 00 48 83 c4 28 c3 48 39 


Stack slot to memory mapping:
stack at sp + 0 slots: 0x000002a5fef06000 is a thread
stack at sp + 1 slots: 0x00000000a7d9d5a8 is an oop: org.sqlite.core.NativeDB 
{0x00000000a7d9d5a8} - klass: 'org/sqlite/core/NativeDB'
stack at sp + 2 slots: 0x000002a591f639e8 points into unknown readable memory: a8 d5 d9 a7 00 00 00 00
stack at sp + 3 slots: 0x00007ff88f38924f jvm.dll
stack at sp + 4 slots: 0x000002a591f63900 points into unknown readable memory: 10 1d c6 aa 00 00 00 00
stack at sp + 5 slots: 0x000000006cdfa0d4 sqlite-3.16.1-da781865-a157-4ab1-b72b-49406949dff6-sqlitejdbc.dll
stack at sp + 6 slots: 0x000002a500000002 is an unknown value
stack at sp + 7 slots: 0x000002a5fef06000 is a thread


---------------  P R O C E S S  ---------------

Threads class SMR info:
_java_thread_list=0x000002a594f62950, length=14, elements={
0x000002a5fdd05800, 0x000002a5fdd12000, 0x000002a5fe6a2800, 0x000002a5fe6a3000,
0x000002a5fdd20800, 0x000002a5fdd68800, 0x000002a5fe6c8000, 0x000002a5fe7c3000,
0x000002a5fe7d6800, 0x000002a5909ce000, 0x000002a592257800, 0x000002a592260800,
0x000002a5fef06800, 0x000002a5fef06000
}

Java Threads: ( => current thread )
  0x000002a5fdd05800 JavaThread "Reference Handler" daemon [_thread_blocked, id=324, stack(0x000000b7c8200000,0x000000b7c8300000)]
  0x000002a5fdd12000 JavaThread "Finalizer" daemon [_thread_blocked, id=5180, stack(0x000000b7c8300000,0x000000b7c8400000)]
  0x000002a5fe6a2800 JavaThread "Signal Dispatcher" daemon [_thread_blocked, id=7920, stack(0x000000b7c8400000,0x000000b7c8500000)]
  0x000002a5fe6a3000 JavaThread "Attach Listener" daemon [_thread_blocked, id=9632, stack(0x000000b7c8500000,0x000000b7c8600000)]
  0x000002a5fdd20800 JavaThread "C2 CompilerThread0" daemon [_thread_blocked, id=3168, stack(0x000000b7c8600000,0x000000b7c8700000)]
  0x000002a5fdd68800 JavaThread "C1 CompilerThread0" daemon [_thread_blocked, id=13712, stack(0x000000b7c8700000,0x000000b7c8800000)]
  0x000002a5fe6c8000 JavaThread "Sweeper thread" daemon [_thread_blocked, id=11072, stack(0x000000b7c8800000,0x000000b7c8900000)]
  0x000002a5fe7c3000 JavaThread "Service Thread" daemon [_thread_blocked, id=13960, stack(0x000000b7c8900000,0x000000b7c8a00000)]
  0x000002a5fe7d6800 JavaThread "Common-Cleaner" daemon [_thread_blocked, id=6452, stack(0x000000b7c8b00000,0x000000b7c8c00000)]
  0x000002a5909ce000 JavaThread "mysql-cj-abandoned-connection-cleanup" daemon [_thread_blocked, id=13936, stack(0x000000b7c9500000,0x000000b7c9600000)]
  0x000002a592257800 JavaThread "Live Reload Server" daemon [_thread_in_native, id=1660, stack(0x000000b7c9900000,0x000000b7c9a00000)]
  0x000002a592260800 JavaThread "DestroyJavaVM" [_thread_blocked, id=12092, stack(0x000000b7c7b00000,0x000000b7c7c00000)]
  0x000002a5fef06800 JavaThread "Thread-21" [_thread_blocked, id=13268, stack(0x000000b7c8e00000,0x000000b7c8f00000)]
=>0x000002a5fef06000 JavaThread "Secondary finalizer" [_thread_in_native, id=4280, stack(0x000000b7c9000000,0x000000b7c9100000)]

Other Threads:
  0x000002a5fdcde800 VMThread "VM Thread" [stack: 0x000000b7c8100000,0x000000b7c8200000] [id=11960]
  0x000002a5fe7ca000 WatcherThread [stack: 0x000000b7c8a00000,0x000000b7c8b00000] [id=13880]
  0x000002a5f000d000 GCTaskThread "GC Thread#0" [stack: 0x000000b7c7c00000,0x000000b7c7d00000] [id=4432]
  0x000002a5ff1b7000 GCTaskThread "GC Thread#1" [stack: 0x000000b7c8c00000,0x000000b7c8d00000] [id=7944]
  0x000002a58f576000 GCTaskThread "GC Thread#2" [stack: 0x000000b7c9100000,0x000000b7c9200000] [id=416]
  0x000002a58f570800 GCTaskThread "GC Thread#3" [stack: 0x000000b7c9200000,0x000000b7c9300000] [id=10524]
  0x000002a5f0033000 ConcurrentGCThread "G1 Main Marker" [stack: 0x000000b7c7d00000,0x000000b7c7e00000] [id=13452]
  0x000002a5f0034800 ConcurrentGCThread "G1 Conc#0" [stack: 0x000000b7c7e00000,0x000000b7c7f00000] [id=12376]
  0x000002a5f0095800 ConcurrentGCThread "G1 Refine#0" [stack: 0x000000b7c7f00000,0x000000b7c8000000] [id=1176]
  0x000002a5f0096800 ConcurrentGCThread "G1 Young RemSet Sampling" [stack: 0x000000b7c8000000,0x000000b7c8100000] [id=5664]

Threads with active compile tasks:

VM state:not at safepoint (normal execution)

VM Mutex/Monitor currently owned by a thread: None

Heap address: 0x00000000a6800000, size: 1432 MB, Compressed Oops mode: 32-bit
Narrow klass base: 0x0000000000000000, Narrow klass shift: 3
Compressed class space size: 1073741824 Address: 0x0000000100000000

Heap:
 garbage-first heap   total 81920K, used 23196K [0x00000000a6800000, 0x0000000100000000)
  region size 1024K, 1 young (1024K), 0 survivors (0K)
 Metaspace       used 59551K, capacity 61154K, committed 61432K, reserved 1103872K
  class space    used 7244K, capacity 7883K, committed 7936K, reserved 1048576K
Heap Regions: E=young(eden), S=young(survivor), O=old, HS=humongous(starts), HC=humongous(continues), CS=collection set, F=free, A=archive, TAMS=top-at-mark-start (previous, next)
|   0|0x00000000a6800000, 0x00000000a6900000, 0x00000000a6900000|100%|HS|  |TAMS 0x00000000a6800000, 0x00000000a6800000| Untracked 
|   1|0x00000000a6900000, 0x00000000a69f4b68, 0x00000000a6a00000| 95%| O|  |TAMS 0x00000000a6900000, 0x00000000a6900000| Untracked 
|   2|0x00000000a6a00000, 0x00000000a6affff0, 0x00000000a6b00000| 99%| O|  |TAMS 0x00000000a6a00000, 0x00000000a6a00000| Untracked 
|   3|0x00000000a6b00000, 0x00000000a6bffff8, 0x00000000a6c00000| 99%| O|  |TAMS 0x00000000a6b00000, 0x00000000a6b00000| Untracked 
|   4|0x00000000a6c00000, 0x00000000a6ce5f00, 0x00000000a6d00000| 89%| O|  |TAMS 0x00000000a6c00000, 0x00000000a6c00000| Untracked 
|   5|0x00000000a6d00000, 0x00000000a6dffff0, 0x00000000a6e00000| 99%| O|  |TAMS 0x00000000a6d00000, 0x00000000a6d00000| Untracked 
|   6|0x00000000a6e00000, 0x00000000a6efffe8, 0x00000000a6f00000| 99%| O|  |TAMS 0x00000000a6e00000, 0x00000000a6e00000| Untracked 
|   7|0x00000000a6f00000, 0x00000000a7000000, 0x00000000a7000000|100%| O|  |TAMS 0x00000000a6f00000, 0x00000000a6f00000| Untracked 
|   8|0x00000000a7000000, 0x00000000a70fff08, 0x00000000a7100000| 99%| O|  |TAMS 0x00000000a7000000, 0x00000000a7000000| Untracked 
|   9|0x00000000a7100000, 0x00000000a71ffe50, 0x00000000a7200000| 99%| O|  |TAMS 0x00000000a7100000, 0x00000000a7100000| Untracked 
|  10|0x00000000a7200000, 0x00000000a72ff8d8, 0x00000000a7300000| 99%| O|  |TAMS 0x00000000a7200000, 0x00000000a7200000| Untracked 
|  11|0x00000000a7300000, 0x00000000a73faf68, 0x00000000a7400000| 98%| O|  |TAMS 0x00000000a7300000, 0x00000000a7300000| Untracked 
|  12|0x00000000a7400000, 0x00000000a74fffd8, 0x00000000a7500000| 99%| O|  |TAMS 0x00000000a7400000, 0x00000000a7400000| Untracked 
|  13|0x00000000a7500000, 0x00000000a7600000, 0x00000000a7600000|100%| O|  |TAMS 0x00000000a7500000, 0x00000000a7500000| Untracked 
|  14|0x00000000a7600000, 0x00000000a76fffc8, 0x00000000a7700000| 99%| O|  |TAMS 0x00000000a7600000, 0x00000000a7600000| Untracked 
|  15|0x00000000a7700000, 0x00000000a77fffd8, 0x00000000a7800000| 99%| O|  |TAMS 0x00000000a7700000, 0x00000000a7700000| Untracked 
|  16|0x00000000a7800000, 0x00000000a78fffe8, 0x00000000a7900000| 99%| O|  |TAMS 0x00000000a7800000, 0x00000000a7800000| Untracked 
|  17|0x00000000a7900000, 0x00000000a79ffff8, 0x00000000a7a00000| 99%| O|  |TAMS 0x00000000a7900000, 0x00000000a7900000| Untracked 
|  18|0x00000000a7a00000, 0x00000000a7afffe8, 0x00000000a7b00000| 99%| O|  |TAMS 0x00000000a7a00000, 0x00000000a7a00000| Untracked 
|  19|0x00000000a7b00000, 0x00000000a7bfffe8, 0x00000000a7c00000| 99%| O|  |TAMS 0x00000000a7b00000, 0x00000000a7b00000| Untracked 
|  20|0x00000000a7c00000, 0x00000000a7cfffe8, 0x00000000a7d00000| 99%| O|  |TAMS 0x00000000a7c00000, 0x00000000a7c00000| Untracked 
|  21|0x00000000a7d00000, 0x00000000a7e00000, 0x00000000a7e00000|100%| O|  |TAMS 0x00000000a7d00000, 0x00000000a7d00000| Untracked 
|  22|0x00000000a7e00000, 0x00000000a7e6b4d8, 0x00000000a7f00000| 41%| O|  |TAMS 0x00000000a7e00000, 0x00000000a7e00000| Untracked 
|  23|0x00000000a7f00000, 0x00000000a7f4c788, 0x00000000a8000000| 29%| O|  |TAMS 0x00000000a7f00000, 0x00000000a7f00000| Untracked 
|  24|0x00000000a8000000, 0x00000000a8000000, 0x00000000a8100000|  0%| F|  |TAMS 0x00000000a8000000, 0x00000000a8000000| Untracked 
|  25|0x00000000a8100000, 0x00000000a8100000, 0x00000000a8200000|  0%| F|  |TAMS 0x00000000a8100000, 0x00000000a8100000| Untracked 
|  26|0x00000000a8200000, 0x00000000a8200000, 0x00000000a8300000|  0%| F|  |TAMS 0x00000000a8200000, 0x00000000a8200000| Untracked 
|  27|0x00000000a8300000, 0x00000000a8300000, 0x00000000a8400000|  0%| F|  |TAMS 0x00000000a8300000, 0x00000000a8300000| Untracked 
|  28|0x00000000a8400000, 0x00000000a8400000, 0x00000000a8500000|  0%| F|  |TAMS 0x00000000a8400000, 0x00000000a8400000| Untracked 
|  29|0x00000000a8500000, 0x00000000a8500000, 0x00000000a8600000|  0%| F|  |TAMS 0x00000000a8500000, 0x00000000a8500000| Untracked 
|  30|0x00000000a8600000, 0x00000000a8600000, 0x00000000a8700000|  0%| F|  |TAMS 0x00000000a8600000, 0x00000000a8600000| Untracked 
|  31|0x00000000a8700000, 0x00000000a8700000, 0x00000000a8800000|  0%| F|  |TAMS 0x00000000a8700000, 0x00000000a8700000| Untracked 
|  32|0x00000000a8800000, 0x00000000a8800000, 0x00000000a8900000|  0%| F|  |TAMS 0x00000000a8800000, 0x00000000a8800000| Untracked 
|  33|0x00000000a8900000, 0x00000000a8900000, 0x00000000a8a00000|  0%| F|  |TAMS 0x00000000a8900000, 0x00000000a8900000| Untracked 
|  34|0x00000000a8a00000, 0x00000000a8a00000, 0x00000000a8b00000|  0%| F|  |TAMS 0x00000000a8a00000, 0x00000000a8a00000| Untracked 
|  35|0x00000000a8b00000, 0x00000000a8b00000, 0x00000000a8c00000|  0%| F|  |TAMS 0x00000000a8b00000, 0x00000000a8b00000| Untracked 
|  36|0x00000000a8c00000, 0x00000000a8c00000, 0x00000000a8d00000|  0%| F|  |TAMS 0x00000000a8c00000, 0x00000000a8c00000| Untracked 
|  37|0x00000000a8d00000, 0x00000000a8d1a898, 0x00000000a8e00000| 10%| O|  |TAMS 0x00000000a8d00000, 0x00000000a8d00000| Untracked 
|  38|0x00000000a8e00000, 0x00000000a8e00000, 0x00000000a8f00000|  0%| F|  |TAMS 0x00000000a8e00000, 0x00000000a8e00000| Untracked 
|  39|0x00000000a8f00000, 0x00000000a8f00000, 0x00000000a9000000|  0%| F|  |TAMS 0x00000000a8f00000, 0x00000000a8f00000| Untracked 
|  40|0x00000000a9000000, 0x00000000a9000000, 0x00000000a9100000|  0%| F|  |TAMS 0x00000000a9000000, 0x00000000a9000000| Untracked 
|  41|0x00000000a9100000, 0x00000000a9100000, 0x00000000a9200000|  0%| F|  |TAMS 0x00000000a9100000, 0x00000000a9100000| Untracked 
|  42|0x00000000a9200000, 0x00000000a9200000, 0x00000000a9300000|  0%| F|  |TAMS 0x00000000a9200000, 0x00000000a9200000| Untracked 
|  43|0x00000000a9300000, 0x00000000a9300000, 0x00000000a9400000|  0%| F|  |TAMS 0x00000000a9300000, 0x00000000a9300000| Untracked 
|  44|0x00000000a9400000, 0x00000000a9400000, 0x00000000a9500000|  0%| F|  |TAMS 0x00000000a9400000, 0x00000000a9400000| Untracked 
|  45|0x00000000a9500000, 0x00000000a9500000, 0x00000000a9600000|  0%| F|  |TAMS 0x00000000a9500000, 0x00000000a9500000| Untracked 
|  46|0x00000000a9600000, 0x00000000a9600000, 0x00000000a9700000|  0%| F|  |TAMS 0x00000000a9600000, 0x00000000a9600000| Untracked 
|  47|0x00000000a9700000, 0x00000000a9700000, 0x00000000a9800000|  0%| F|  |TAMS 0x00000000a9700000, 0x00000000a9700000| Untracked 
|  48|0x00000000a9800000, 0x00000000a9800000, 0x00000000a9900000|  0%| F|  |TAMS 0x00000000a9800000, 0x00000000a9800000| Untracked 
|  49|0x00000000a9900000, 0x00000000a9900000, 0x00000000a9a00000|  0%| F|  |TAMS 0x00000000a9900000, 0x00000000a9900000| Untracked 
|  50|0x00000000a9a00000, 0x00000000a9a00000, 0x00000000a9b00000|  0%| F|  |TAMS 0x00000000a9a00000, 0x00000000a9a00000| Untracked 
|  51|0x00000000a9b00000, 0x00000000a9b00000, 0x00000000a9c00000|  0%| F|  |TAMS 0x00000000a9b00000, 0x00000000a9b00000| Untracked 
|  52|0x00000000a9c00000, 0x00000000a9c00000, 0x00000000a9d00000|  0%| F|  |TAMS 0x00000000a9c00000, 0x00000000a9c00000| Untracked 
|  53|0x00000000a9d00000, 0x00000000a9d00000, 0x00000000a9e00000|  0%| F|  |TAMS 0x00000000a9d00000, 0x00000000a9d00000| Untracked 
|  54|0x00000000a9e00000, 0x00000000a9e00000, 0x00000000a9f00000|  0%| F|  |TAMS 0x00000000a9e00000, 0x00000000a9e00000| Untracked 
|  55|0x00000000a9f00000, 0x00000000a9f00000, 0x00000000aa000000|  0%| F|  |TAMS 0x00000000a9f00000, 0x00000000a9f00000| Untracked 
|  56|0x00000000aa000000, 0x00000000aa000000, 0x00000000aa100000|  0%| F|  |TAMS 0x00000000aa000000, 0x00000000aa000000| Untracked 
|  57|0x00000000aa100000, 0x00000000aa100000, 0x00000000aa200000|  0%| F|  |TAMS 0x00000000aa100000, 0x00000000aa100000| Untracked 
|  58|0x00000000aa200000, 0x00000000aa200000, 0x00000000aa300000|  0%| F|  |TAMS 0x00000000aa200000, 0x00000000aa200000| Untracked 
|  59|0x00000000aa300000, 0x00000000aa300000, 0x00000000aa400000|  0%| F|  |TAMS 0x00000000aa300000, 0x00000000aa300000| Untracked 
|  60|0x00000000aa400000, 0x00000000aa400000, 0x00000000aa500000|  0%| F|  |TAMS 0x00000000aa400000, 0x00000000aa400000| Untracked 
|  61|0x00000000aa500000, 0x00000000aa500000, 0x00000000aa600000|  0%| F|  |TAMS 0x00000000aa500000, 0x00000000aa500000| Untracked 
|  62|0x00000000aa600000, 0x00000000aa600000, 0x00000000aa700000|  0%| F|  |TAMS 0x00000000aa600000, 0x00000000aa600000| Untracked 
|  63|0x00000000aa700000, 0x00000000aa700000, 0x00000000aa800000|  0%| F|  |TAMS 0x00000000aa700000, 0x00000000aa700000| Untracked 
|  64|0x00000000aa800000, 0x00000000aa800000, 0x00000000aa900000|  0%| F|  |TAMS 0x00000000aa800000, 0x00000000aa800000| Untracked 
|  65|0x00000000aa900000, 0x00000000aa900000, 0x00000000aaa00000|  0%| F|  |TAMS 0x00000000aa900000, 0x00000000aa900000| Untracked 
|  66|0x00000000aaa00000, 0x00000000aaa00000, 0x00000000aab00000|  0%| F|  |TAMS 0x00000000aaa00000, 0x00000000aaa00000| Untracked 
|  67|0x00000000aab00000, 0x00000000aab00000, 0x00000000aac00000|  0%| F|  |TAMS 0x00000000aab00000, 0x00000000aab00000| Untracked 
|  68|0x00000000aac00000, 0x00000000aac00000, 0x00000000aad00000|  0%| F|  |TAMS 0x00000000aac00000, 0x00000000aac00000| Untracked 
|  69|0x00000000aad00000, 0x00000000aad00000, 0x00000000aae00000|  0%| F|  |TAMS 0x00000000aad00000, 0x00000000aad00000| Untracked 
|  70|0x00000000aae00000, 0x00000000aae00000, 0x00000000aaf00000|  0%| F|  |TAMS 0x00000000aae00000, 0x00000000aae00000| Untracked 
|  71|0x00000000aaf00000, 0x00000000aaf00000, 0x00000000ab000000|  0%| F|  |TAMS 0x00000000aaf00000, 0x00000000aaf00000| Untracked 
|  72|0x00000000ab000000, 0x00000000ab000000, 0x00000000ab100000|  0%| F|  |TAMS 0x00000000ab000000, 0x00000000ab000000| Untracked 
|  73|0x00000000ab100000, 0x00000000ab100000, 0x00000000ab200000|  0%| F|  |TAMS 0x00000000ab100000, 0x00000000ab100000| Untracked 
|  74|0x00000000ab200000, 0x00000000ab200000, 0x00000000ab300000|  0%| F|  |TAMS 0x00000000ab200000, 0x00000000ab200000| Untracked 
|  75|0x00000000ab300000, 0x00000000ab300000, 0x00000000ab400000|  0%| F|  |TAMS 0x00000000ab300000, 0x00000000ab300000| Untracked 
|  76|0x00000000ab400000, 0x00000000ab400000, 0x00000000ab500000|  0%| F|  |TAMS 0x00000000ab400000, 0x00000000ab400000| Untracked 
|  77|0x00000000ab500000, 0x00000000ab500000, 0x00000000ab600000|  0%| F|  |TAMS 0x00000000ab500000, 0x00000000ab500000| Untracked 
|  78|0x00000000ab600000, 0x00000000ab600000, 0x00000000ab700000|  0%| F|  |TAMS 0x00000000ab600000, 0x00000000ab600000| Untracked 
|  79|0x00000000ab700000, 0x00000000ab7319d0, 0x00000000ab800000| 19%| E|  |TAMS 0x00000000ab700000, 0x00000000ab700000| Complete 

Card table byte_map: [0x000002a5f85e0000,0x000002a5f88b0000] _byte_map_base: 0x000002a5f80ac000

Marking Bits (Prev, Next): (CMBitMap*) 0x000002a5f002b7e8, (CMBitMap*) 0x000002a5f002b820
 Prev Bits: [0x000002a5f8b80000, 0x000002a5fa1e0000)
 Next Bits: [0x000002a5fa1e0000, 0x000002a5fb840000)

Polling page: 0x000002a5edd50000

Metaspace:

Usage:
  Non-class:     52.02 MB capacity,    51.08 MB ( 98%) used,   793.59 KB (  1%) free+waste,   170.25 KB ( <1%) overhead. 
      Class:      7.70 MB capacity,     7.07 MB ( 92%) used,   561.05 KB (  7%) free+waste,    77.50 KB ( <1%) overhead. 
       Both:     59.72 MB capacity,    58.16 MB ( 97%) used,     1.32 MB (  2%) free+waste,   247.75 KB ( <1%) overhead. 

Virtual space:
  Non-class space:       54.00 MB reserved,      52.24 MB ( 97%) committed 
      Class space:        1.00 GB reserved,       7.75 MB ( <1%) committed 
             Both:        1.05 GB reserved,      59.99 MB (  6%) committed 

Chunk freelists:
   Non-Class:  4.13 KB
       Class:  384 bytes
        Both:  4.50 KB

CodeHeap 'non-profiled nmethods': size=120064Kb used=4044Kb max_used=4064Kb free=116019Kb
 bounds [0x000002a587ac0000, 0x000002a587ec0000, 0x000002a58f000000]
CodeHeap 'profiled nmethods': size=120000Kb used=12685Kb max_used=12851Kb free=107314Kb
 bounds [0x000002a580590000, 0x000002a581230000, 0x000002a587ac0000]
CodeHeap 'non-nmethods': size=5696Kb used=1187Kb max_used=1275Kb free=4508Kb
 bounds [0x000002a580000000, 0x000002a580270000, 0x000002a580590000]
 total_blobs=8671 nmethods=5663 adapters=451
 compilation: enabled
              stopped_count=0, restarted_count=0
 full_count=0

Compilation events (10 events):
Event: 437.455 Thread 0x000002a5fdd68800 nmethod 6684 0x000002a580749410 code [0x000002a580749660, 0x000002a580749f20]
Event: 437.455 Thread 0x000002a5fdd20800 nmethod 6675 0x000002a587de7a90 code [0x000002a587de85c0, 0x000002a587def7e0]
Event: 437.460 Thread 0x000002a5fdd68800 6685       3       java.lang.Throwable::<init> (29 bytes)
Event: 437.461 Thread 0x000002a5fdd68800 nmethod 6685 0x000002a5806a3e90 code [0x000002a5806a4060, 0x000002a5806a4410]
Event: 437.462 Thread 0x000002a5fdd68800 6686       3       java.util.concurrent.CopyOnWriteArrayList::remove (34 bytes)
Event: 437.464 Thread 0x000002a5fdd68800 nmethod 6686 0x000002a5806af010 code [0x000002a5806af1e0, 0x000002a5806af480]
Event: 437.465 Thread 0x000002a5fdd68800 6687       1       com.sun.jmx.mbeanserver.NamedObject::getObject (5 bytes)
Event: 437.465 Thread 0x000002a5fdd68800 nmethod 6687 0x000002a587c94210 code [0x000002a587c943c0, 0x000002a587c944d8]
Event: 437.554 Thread 0x000002a5fdd68800 6688       1       java.lang.Thread::isDaemon (5 bytes)
Event: 437.555 Thread 0x000002a5fdd68800 nmethod 6688 0x000002a587c93e90 code [0x000002a587c94040, 0x000002a587c94158]

GC Heap History (10 events):
Event: 174.653 GC heap before
{Heap before GC invocations=21 (full 2):
 garbage-first heap   total 81920K, used 52597K [0x00000000a6800000, 0x0000000100000000)
  region size 1024K, 30 young (30720K), 3 survivors (3072K)
 Metaspace       used 59011K, capacity 60499K, committed 60536K, reserved 1101824K
  class space    used 7201K, capacity 7787K, committed 7808K, reserved 1048576K
}
Event: 174.754 GC heap after
{Heap after GC invocations=22 (full 3):
 garbage-first heap   total 81920K, used 23058K [0x00000000a6800000, 0x0000000100000000)
  region size 1024K, 0 young (0K), 0 survivors (0K)
 Metaspace       used 59008K, capacity 60493K, committed 60536K, reserved 1101824K
  class space    used 7200K, capacity 7785K, committed 7808K, reserved 1048576K
}
Event: 175.825 GC heap before
{Heap before GC invocations=22 (full 3):
 garbage-first heap   total 81920K, used 62994K [0x00000000a6800000, 0x0000000100000000)
  region size 1024K, 39 young (39936K), 0 survivors (0K)
 Metaspace       used 59192K, capacity 60661K, committed 60792K, reserved 1101824K
  class space    used 7208K, capacity 7795K, committed 7808K, reserved 1048576K
}
Event: 175.830 GC heap after
{Heap after GC invocations=23 (full 3):
 garbage-first heap   total 81920K, used 25765K [0x00000000a6800000, 0x0000000100000000)
  region size 1024K, 3 young (3072K), 3 survivors (3072K)
 Metaspace       used 59192K, capacity 60661K, committed 60792K, reserved 1101824K
  class space    used 7208K, capacity 7795K, committed 7808K, reserved 1048576K
}
Event: 176.026 GC heap before
{Heap before GC invocations=23 (full 3):
 garbage-first heap   total 81920K, used 62629K [0x00000000a6800000, 0x0000000100000000)
  region size 1024K, 40 young (40960K), 3 survivors (3072K)
 Metaspace       used 59212K, capacity 60725K, committed 60792K, reserved 1101824K
  class space    used 7208K, capacity 7795K, committed 7808K, reserved 1048576K
}
Event: 176.031 GC heap after
{Heap after GC invocations=24 (full 3):
 garbage-first heap   total 81920K, used 25982K [0x00000000a6800000, 0x0000000100000000)
  region size 1024K, 3 young (3072K), 3 survivors (3072K)
 Metaspace       used 59212K, capacity 60725K, committed 60792K, reserved 1101824K
  class space    used 7208K, capacity 7795K, committed 7808K, reserved 1048576K
}
Event: 331.747 GC heap before
{Heap before GC invocations=24 (full 3):
 garbage-first heap   total 81920K, used 64894K [0x00000000a6800000, 0x0000000100000000)
  region size 1024K, 41 young (41984K), 3 survivors (3072K)
 Metaspace       used 59530K, capacity 61154K, committed 61432K, reserved 1103872K
  class space    used 7244K, capacity 7883K, committed 7936K, reserved 1048576K
}
Event: 331.754 GC heap after
{Heap after GC invocations=25 (full 3):
 garbage-first heap   total 81920K, used 26390K [0x00000000a6800000, 0x0000000100000000)
  region size 1024K, 4 young (4096K), 4 survivors (4096K)
 Metaspace       used 59530K, capacity 61154K, committed 61432K, reserved 1103872K
  class space    used 7244K, capacity 7883K, committed 7936K, reserved 1048576K
}
Event: 437.466 GC heap before
{Heap before GC invocations=25 (full 3):
 garbage-first heap   total 81920K, used 37654K [0x00000000a6800000, 0x0000000100000000)
  region size 1024K, 16 young (16384K), 4 survivors (4096K)
 Metaspace       used 59554K, capacity 61160K, committed 61432K, reserved 1103872K
  class space    used 7244K, capacity 7885K, committed 7936K, reserved 1048576K
}
Event: 437.554 GC heap after
{Heap after GC invocations=26 (full 4):
 garbage-first heap   total 81920K, used 23196K [0x00000000a6800000, 0x0000000100000000)
  region size 1024K, 0 young (0K), 0 survivors (0K)
 Metaspace       used 59551K, capacity 61154K, committed 61432K, reserved 1103872K
  class space    used 7244K, capacity 7883K, committed 7936K, reserved 1048576K
}

Deoptimization events (10 events):
Event: 126.358 Thread 0x000002a592256800 Uncommon trap: reason=profile_predicate action=maybe_recompile pc=0x000002a587b8a88c method=org.springframework.boot.context.properties.source.ConfigurationPropertyName.equals(Ljava/lang/Object;)Z @ 90 c2
Event: 153.261 Thread 0x000002a592888000 Uncommon trap: reason=class_check action=make_not_entrant pc=0x000002a587c92c20 method=java.util.ArrayList.toArray([Ljava/lang/Object;)[Ljava/lang/Object; @ 21 c2
Event: 153.278 Thread 0x000002a592888000 Uncommon trap: reason=profile_predicate action=maybe_recompile pc=0x000002a587de9f90 method=org.springframework.asm.ClassReader.readCode(Lorg/springframework/asm/MethodVisitor;Lorg/springframework/asm/Context;I)V @ 2164 c2
Event: 153.586 Thread 0x000002a592888000 Uncommon trap: reason=profile_predicate action=maybe_recompile pc=0x000002a587de9f90 method=org.springframework.asm.ClassReader.readCode(Lorg/springframework/asm/MethodVisitor;Lorg/springframework/asm/Context;I)V @ 2164 c2
Event: 153.605 Thread 0x000002a592888000 Uncommon trap: reason=profile_predicate action=maybe_recompile pc=0x000002a587de9f90 method=org.springframework.asm.ClassReader.readCode(Lorg/springframework/asm/MethodVisitor;Lorg/springframework/asm/Context;I)V @ 2164 c2
Event: 153.921 Thread 0x000002a592888000 Uncommon trap: reason=profile_predicate action=maybe_recompile pc=0x000002a587de9f90 method=org.springframework.asm.ClassReader.readCode(Lorg/springframework/asm/MethodVisitor;Lorg/springframework/asm/Context;I)V @ 2164 c2
Event: 154.605 Thread 0x000002a592888000 Uncommon trap: reason=profile_predicate action=maybe_recompile pc=0x000002a587bda06c method=org.springframework.boot.context.properties.source.ConfigurationPropertyName.elementEquals(Lorg/springframework/boot/context/properties/source/ConfigurationPropert
Event: 154.605 Thread 0x000002a592888000 Uncommon trap: reason=profile_predicate action=maybe_recompile pc=0x000002a587bda06c method=org.springframework.boot.context.properties.source.ConfigurationPropertyName.elementEquals(Lorg/springframework/boot/context/properties/source/ConfigurationPropert
Event: 154.605 Thread 0x000002a592888000 Uncommon trap: reason=profile_predicate action=maybe_recompile pc=0x000002a587bda06c method=org.springframework.boot.context.properties.source.ConfigurationPropertyName.elementEquals(Lorg/springframework/boot/context/properties/source/ConfigurationPropert
Event: 154.605 Thread 0x000002a592888000 Uncommon trap: reason=profile_predicate action=maybe_recompile pc=0x000002a587bda06c method=org.springframework.boot.context.properties.source.ConfigurationPropertyName.elementEquals(Lorg/springframework/boot/context/properties/source/ConfigurationPropert

Classes redefined (0 events):
No events

Internal exceptions (10 events):
Event: 176.089 Thread 0x000002a592258800 Exception <a 'java/lang/NullPointerException'{0x00000000ab7f2350}> (0x00000000ab7f2350) thrown at [t:/workspace/open/src/hotspot/share/runtime/sharedRuntime.cpp, line 584]
Event: 176.090 Thread 0x000002a592258800 Implicit null exception at 0x000002a580dbca35 to 0x000002a580dbcfbb
Event: 176.090 Thread 0x000002a592258800 Exception <a 'java/lang/NullPointerException'{0x00000000ab7f32e8}> (0x00000000ab7f32e8) thrown at [t:/workspace/open/src/hotspot/share/runtime/sharedRuntime.cpp, line 584]
Event: 176.090 Thread 0x000002a592258800 Implicit null exception at 0x000002a580dbca35 to 0x000002a580dbcfbb
Event: 176.090 Thread 0x000002a592258800 Exception <a 'java/lang/NullPointerException'{0x00000000ab7f4298}> (0x00000000ab7f4298) thrown at [t:/workspace/open/src/hotspot/share/runtime/sharedRuntime.cpp, line 584]
Event: 176.315 Thread 0x000002a592258800 Exception <a 'java/lang/NullPointerException'{0x00000000ab2cf3d8}> (0x00000000ab2cf3d8) thrown at [t:/workspace/open/src/hotspot/share/interpreter/linkResolver.cpp, line 1436]
Event: 176.325 Thread 0x000002a592258800 Exception <a 'java/lang/NullPointerException'{0x00000000ab10ec28}> (0x00000000ab10ec28) thrown at [t:/workspace/open/src/hotspot/share/interpreter/linkResolver.cpp, line 1436]
Event: 176.339 Thread 0x000002a592258800 Exception <a 'java/lang/NullPointerException'{0x00000000ab14bef0}> (0x00000000ab14bef0) thrown at [t:/workspace/open/src/hotspot/share/interpreter/linkResolver.cpp, line 1436]
Event: 176.359 Thread 0x000002a592258800 Exception <a 'java/lang/NullPointerException'{0x00000000ab18ea20}> (0x00000000ab18ea20) thrown at [t:/workspace/open/src/hotspot/share/interpreter/linkResolver.cpp, line 1436]
Event: 437.464 Thread 0x000002a592259000 Exception <a 'java/lang/InterruptedException'{0x00000000aac82420}: sleep interrupted> (0x00000000aac82420) thrown at [t:/workspace/open/src/hotspot/share/prims/jvm.cpp, line 3117]

Events (10 events):
Event: 437.466 Executing VM operation: RevokeBias
Event: 437.466 Executing VM operation: RevokeBias done
Event: 437.466 Thread 0x000002a592252800 Thread exited: 0x000002a592252800
Event: 437.466 Executing VM operation: G1CollectFull
Event: 437.554 Executing VM operation: G1CollectFull done
Event: 437.554 Thread 0x000002a5fef0b000 Thread exited: 0x000002a5fef0b000
Event: 437.555 Thread 0x000002a5fef06000 Thread added: 0x000002a5fef06000
Event: 437.555 Thread 0x000002a59225b800 Thread exited: 0x000002a59225b800
Event: 437.556 Executing VM operation: RevokeBias
Event: 437.556 Executing VM operation: RevokeBias done


Dynamic libraries:
0x00007ff6dd2f0000 - 0x00007ff6dd337000 	C:\Program Files\Java\jdk-11.0.2\bin\javaw.exe
0x00007ff8cddf0000 - 0x00007ff8cdfd1000 	C:\WINDOWS\SYSTEM32\ntdll.dll
0x00007ff8a78d0000 - 0x00007ff8a78e2000 	C:\Program Files\AVAST Software\Avast\aswhook.dll
0x00007ff8cbc60000 - 0x00007ff8cbd11000 	C:\WINDOWS\System32\KERNEL32.DLL
0x00007ff8cafb0000 - 0x00007ff8cb223000 	C:\WINDOWS\System32\KERNELBASE.dll
0x00007ff8cdaa0000 - 0x00007ff8cdb41000 	C:\WINDOWS\System32\ADVAPI32.dll
0x00007ff8cb2e0000 - 0x00007ff8cb37e000 	C:\WINDOWS\System32\msvcrt.dll
0x00007ff8cbe20000 - 0x00007ff8cbe7b000 	C:\WINDOWS\System32\sechost.dll
0x00007ff8cdbb0000 - 0x00007ff8cdcd4000 	C:\WINDOWS\System32\RPCRT4.dll
0x00007ff8cb840000 - 0x00007ff8cb9d0000 	C:\WINDOWS\System32\USER32.dll
0x00007ff8ca770000 - 0x00007ff8ca790000 	C:\WINDOWS\System32\win32u.dll
0x00007ff8cbdf0000 - 0x00007ff8cbe18000 	C:\WINDOWS\System32\GDI32.dll
0x00007ff8ca3b0000 - 0x00007ff8ca542000 	C:\WINDOWS\System32\gdi32full.dll
0x00007ff8ca5d0000 - 0x00007ff8ca66f000 	C:\WINDOWS\System32\msvcp_win.dll
0x00007ff8ca670000 - 0x00007ff8ca768000 	C:\WINDOWS\System32\ucrtbase.dll
0x00007ff8be6d0000 - 0x00007ff8be939000 	C:\WINDOWS\WinSxS\amd64_microsoft.windows.common-controls_6595b64144ccf1df_6.0.17134.706_none_fb43a2cb30647007\COMCTL32.dll
0x00007ff8cd5d0000 - 0x00007ff8cd8f2000 	C:\WINDOWS\System32\combase.dll
0x00007ff8ca550000 - 0x00007ff8ca5ca000 	C:\WINDOWS\System32\bcryptPrimitives.dll
0x00007ff8c4a50000 - 0x00007ff8c4a5a000 	C:\WINDOWS\SYSTEM32\VERSION.dll
0x00007ff8cb3c0000 - 0x00007ff8cb3ed000 	C:\WINDOWS\System32\IMM32.DLL
0x00007ff8b65e0000 - 0x00007ff8b65f6000 	C:\Program Files\Java\jdk-11.0.2\bin\vcruntime140.dll
0x000002a5ef710000 - 0x000002a5ef7ba000 	C:\Program Files\Java\jdk-11.0.2\bin\msvcp140.dll
0x00007ff88f200000 - 0x00007ff88fd27000 	C:\Program Files\Java\jdk-11.0.2\bin\server\jvm.dll
0x00007ff8cba80000 - 0x00007ff8cba88000 	C:\WINDOWS\System32\PSAPI.DLL
0x00007ff8c0bb0000 - 0x00007ff8c0bb9000 	C:\WINDOWS\SYSTEM32\WSOCK32.dll
0x00007ff8cba90000 - 0x00007ff8cbafc000 	C:\WINDOWS\System32\WS2_32.dll
0x00007ff8c7aa0000 - 0x00007ff8c7ac3000 	C:\WINDOWS\SYSTEM32\WINMM.dll
0x00007ff8c7a70000 - 0x00007ff8c7a9a000 	C:\WINDOWS\SYSTEM32\WINMMBASE.dll
0x00007ff8cb230000 - 0x00007ff8cb279000 	C:\WINDOWS\System32\cfgmgr32.dll
0x00007ff8ca180000 - 0x00007ff8ca191000 	C:\WINDOWS\System32\kernel.appcore.dll
0x00007ff8a00b0000 - 0x00007ff8a00c1000 	C:\Program Files\Java\jdk-11.0.2\bin\verify.dll
0x00007ff8ba110000 - 0x00007ff8ba2d9000 	C:\WINDOWS\SYSTEM32\DBGHELP.DLL
0x00007ff8ba0d0000 - 0x00007ff8ba0f9000 	C:\WINDOWS\SYSTEM32\dbgcore.DLL
0x00007ff890390000 - 0x00007ff8903b9000 	C:\Program Files\Java\jdk-11.0.2\bin\java.dll
0x00007ff8a0090000 - 0x00007ff8a00a6000 	C:\Program Files\Java\jdk-11.0.2\bin\zip.dll
0x00007ff890380000 - 0x00007ff89038a000 	C:\Program Files\Java\jdk-11.0.2\bin\jimage.dll
0x00007ff8cc0f0000 - 0x00007ff8cd530000 	C:\WINDOWS\System32\SHELL32.dll
0x00007ff8cb9d0000 - 0x00007ff8cba79000 	C:\WINDOWS\System32\shcore.dll
0x00007ff8ca790000 - 0x00007ff8cae9d000 	C:\WINDOWS\System32\windows.storage.dll
0x00007ff8cb280000 - 0x00007ff8cb2d1000 	C:\WINDOWS\System32\shlwapi.dll
0x00007ff8ca160000 - 0x00007ff8ca17f000 	C:\WINDOWS\System32\profapi.dll
0x00007ff8ca110000 - 0x00007ff8ca15c000 	C:\WINDOWS\System32\powrprof.dll
0x00007ff8ca100000 - 0x00007ff8ca10a000 	C:\WINDOWS\System32\FLTLIB.DLL
0x00007ff890360000 - 0x00007ff890379000 	C:\Program Files\Java\jdk-11.0.2\bin\net.dll
0x00007ff8be270000 - 0x00007ff8be34d000 	C:\WINDOWS\SYSTEM32\WINHTTP.dll
0x00007ff8c2340000 - 0x00007ff8c2508000 	C:\WINDOWS\SYSTEM32\urlmon.dll
0x00007ff8c2090000 - 0x00007ff8c2336000 	C:\WINDOWS\SYSTEM32\iertutil.dll
0x00007ff8c9af0000 - 0x00007ff8c9afb000 	C:\WINDOWS\SYSTEM32\CRYPTBASE.DLL
0x00007ff8b8970000 - 0x00007ff8b8990000 	C:\WINDOWS\system32\PrxerDrv.dll
0x00007ff8c9920000 - 0x00007ff8c9986000 	C:\WINDOWS\system32\mswsock.dll
0x00007ff890340000 - 0x00007ff890353000 	C:\Program Files\Java\jdk-11.0.2\bin\nio.dll
0x00007ff8c6860000 - 0x00007ff8c6869000 	C:\Program Files\Java\jdk-11.0.2\bin\management.dll
0x00007ff8c6850000 - 0x00007ff8c685c000 	C:\Program Files\Java\jdk-11.0.2\bin\management_ext.dll
0x00007ff89c6b0000 - 0x00007ff89c6cb000 	C:\WINDOWS\system32\PrxerNsp.dll
0x00007ff8c96f0000 - 0x00007ff8c97ae000 	C:\WINDOWS\SYSTEM32\DNSAPI.dll
0x00007ff8cb3b0000 - 0x00007ff8cb3b8000 	C:\WINDOWS\System32\NSI.dll
0x00007ff8c96a0000 - 0x00007ff8c96d8000 	C:\WINDOWS\SYSTEM32\IPHLPAPI.DLL
0x00007ff8bd0b0000 - 0x00007ff8bd0c6000 	C:\WINDOWS\system32\napinsp.dll
0x00007ff8b5ba0000 - 0x00007ff8b5bba000 	C:\WINDOWS\system32\pnrpnsp.dll
0x00007ff8c67c0000 - 0x00007ff8c67d9000 	C:\WINDOWS\system32\NLAapi.dll
0x00007ff8c2810000 - 0x00007ff8c281e000 	C:\WINDOWS\System32\winrnr.dll
0x00007ff8bd690000 - 0x00007ff8bd69a000 	C:\Windows\System32\rasadhlp.dll
0x00007ff8bea30000 - 0x00007ff8beaa2000 	C:\WINDOWS\System32\fwpuclnt.dll
0x00007ff8c9c00000 - 0x00007ff8c9c25000 	C:\WINDOWS\SYSTEM32\bcrypt.dll
0x00007ff8c9ad0000 - 0x00007ff8c9ae7000 	C:\WINDOWS\SYSTEM32\CRYPTSP.dll
0x00007ff8c9500000 - 0x00007ff8c9533000 	C:\WINDOWS\system32\rsaenh.dll
0x00007ff8ca030000 - 0x00007ff8ca058000 	C:\WINDOWS\SYSTEM32\USERENV.dll
0x00007ff8c27f0000 - 0x00007ff8c2806000 	C:\WINDOWS\SYSTEM32\dhcpcsvc6.DLL
0x00007ff8c2be0000 - 0x00007ff8c2bfa000 	C:\WINDOWS\SYSTEM32\dhcpcsvc.DLL
0x000000006cd80000 - 0x000000006ce70000 	C:\Users\Demar Johnson\AppData\Local\Temp\sqlite-3.16.1-da781865-a157-4ab1-b72b-49406949dff6-sqlitejdbc.dll

dbghelp: loaded successfully - version: 4.0.5 - missing functions: none
symbol engine: initialized successfully - sym options: 0x614 - pdb path: .;C:\Program Files\Java\jdk-11.0.2\bin;C:\WINDOWS\SYSTEM32;C:\Program Files\AVAST Software\Avast;C:\WINDOWS\WinSxS\amd64_microsoft.windows.common-controls_6595b64144ccf1df_6.0.17134.706_none_fb43a2cb30647007;C:\Program Files\Java\jdk-11.0.2\bin\server;C:\Users\Demar Johnson\AppData\Local\Temp

VM Arguments:
jvm_args: -Dfile.encoding=UTF-8 
java_command: com.JohnApp.JohnShop.JohnShopApplication
java_class_path (initial): C:\Users\Demar Johnson\johnshop\JohnShop\target\classes;C:\Users\Demar Johnson\.m2\repository\org\springframework\boot\spring-boot-starter-data-jpa\2.1.3.RELEASE\spring-boot-starter-data-jpa-2.1.3.RELEASE.jar;C:\Users\Demar Johnson\.m2\repository\org\springframework\boot\spring-boot-starter-aop\2.1.3.RELEASE\spring-boot-starter-aop-2.1.3.RELEASE.jar;C:\Users\Demar Johnson\.m2\repository\org\springframework\spring-aop\5.1.5.RELEASE\spring-aop-5.1.5.RELEASE.jar;C:\Users\Demar Johnson\.m2\repository\org\aspectj\aspectjweaver\1.9.2\aspectjweaver-1.9.2.jar;C:\Users\Demar Johnson\.m2\repository\org\springframework\boot\spring-boot-starter-jdbc\2.1.3.RELEASE\spring-boot-starter-jdbc-2.1.3.RELEASE.jar;C:\Users\Demar Johnson\.m2\repository\com\zaxxer\HikariCP\3.2.0\HikariCP-3.2.0.jar;C:\Users\Demar Johnson\.m2\repository\org\springframework\spring-jdbc\5.1.5.RELEASE\spring-jdbc-5.1.5.RELEASE.jar;C:\Users\Demar Johnson\.m2\repository\javax\transaction\javax.transaction-api\1.3\javax.transaction-api-1.3.jar;C:\Users\Demar Johnson\.m2\repository\javax\xml\bind\jaxb-api\2.3.1\jaxb-api-2.3.1.jar;C:\Users\Demar Johnson\.m2\repository\javax\activation\javax.activation-api\1.2.0\javax.activation-api-1.2.0.jar;C:\Users\Demar Johnson\.m2\repository\org\hibernate\hibernate-core\5.3.7.Final\hibernate-core-5.3.7.Final.jar;C:\Users\Demar Johnson\.m2\repository\org\jboss\logging\jboss-logging\3.3.2.Final\jboss-logging-3.3.2.Final.jar;C:\Users\Demar Johnson\.m2\repository\javax\persistence\javax.persistence-api\2.2\javax.persistence-api-2.2.jar;C:\Users\Demar Johnson\.m2\repository\org\javassist\javassist\3.23.1-GA\javassist-3.23.1-GA.jar;C:\Users\Demar Johnson\.m2\repository\net\bytebuddy\byte-buddy\1.9.10\byte-buddy-1.9.10.jar;C:\Users\Demar Johnson\.m2\repository\antlr\antlr\2.7.7\antlr-2.7.7.jar;C:\Users\Demar Johnson\.m2\repository\org\jboss\jandex\2.0.5.Final\jandex-2.0.5.Final.jar;C:\Users\Demar Johnson\.m2\repository\com\fasterxml\classmate\1.4.0\classma
Launcher Type: SUN_STANDARD

[Global flags]
     intx CICompilerCount                          = 3                                         {product} {ergonomic}
     uint ConcGCThreads                            = 1                                         {product} {ergonomic}
     uint G1ConcRefinementThreads                  = 4                                         {product} {ergonomic}
   size_t G1HeapRegionSize                         = 1048576                                   {product} {ergonomic}
    uintx GCDrainStackTargetSize                   = 64                                        {product} {ergonomic}
   size_t InitialHeapSize                          = 94371840                                  {product} {ergonomic}
   size_t MarkStackSize                            = 4194304                                   {product} {ergonomic}
   size_t MaxHeapSize                              = 1501560832                                {product} {ergonomic}
   size_t MaxNewSize                               = 900726784                                 {product} {ergonomic}
   size_t MinHeapDeltaBytes                        = 1048576                                   {product} {ergonomic}
    uintx NonNMethodCodeHeapSize                   = 5830092                                {pd product} {ergonomic}
    uintx NonProfiledCodeHeapSize                  = 122914074                              {pd product} {ergonomic}
    uintx ProfiledCodeHeapSize                     = 122914074                              {pd product} {ergonomic}
    uintx ReservedCodeCacheSize                    = 251658240                              {pd product} {ergonomic}
     bool SegmentedCodeCache                       = true                                      {product} {ergonomic}
     bool UseCompressedClassPointers               = true                                 {lp64_product} {ergonomic}
     bool UseCompressedOops                        = true                                 {lp64_product} {ergonomic}
     bool UseG1GC                                  = true                                      {product} {ergonomic}
     bool UseLargePagesIndividualAllocation        = false                                  {pd product} {ergonomic}

Logging:
Log output configuration:
 #0: stdout all=warning uptime,level,tags
 #1: stderr all=off uptime,level,tags

Environment Variables:
PATH=C:/Program Files/Java/jdk-11.0.2/bin/server;C:/Program Files/Java/jdk-11.0.2/bin;C:\Program Files\Java\jdk-11.0.2\bin;C:\WINDOWS\system32;C:\WINDOWS;C:\WINDOWS\System32\Wbem;C:\WINDOWS\System32\WindowsPowerShell\v1.0\;C:\WINDOWS\system32\config\systemprofile\.dnx\bin;C:\Program Files\Microsoft DNX\Dnvm\;C:\Program Files\Microsoft SQL Server\130\Tools\Binn\;C:\Program Files\Git\cmd;C:\WINDOWS\System32\OpenSSH\;C:\Program Files (x86)\IBM\SPSS\Statistics\24\JRE\bin;C:\Program Files (x86)\Microsoft SQL Server\Client SDK\ODBC\130\Tools\Binn\;C:\Program Files (x86)\Microsoft SQL Server\140\Tools\Binn\;C:\Program Files (x86)\Microsoft SQL Server\140\DTS\Binn\;C:\Program Files (x86)\Microsoft SQL Server\140\Tools\Binn\ManagementStudio\;C:\Program Files\Microsoft SQL Server\Client SDK\ODBC\130\Tools\Binn\;C:\Program Files\Microsoft SQL Server\140\Tools\Binn\;C:\Program Files\Microsoft SQL Server\140\DTS\Binn\;;C:\Users\Demar Johnson\AppData\Local\Programs\Microsoft VS Code\bin;C:\Program Files\swipl\bin;C:\Users\Demar Johnson\Desktop;
USERNAME=Demar Johnson
OS=Windows_NT
PROCESSOR_IDENTIFIER=AMD64 Family 21 Model 101 Stepping 1, AuthenticAMD



---------------  S Y S T E M  ---------------

OS: Windows 10 , 64 bit Build 17134 (10.0.17134.706)

CPU:total 4 (initial active 4) (4 cores per cpu, 1 threads per core) family 21 model 101 stepping 1, cmov, cx8, fxsr, mmx, sse, sse2, sse3, ssse3, sse4.1, sse4.2, popcnt, avx, avx2, aes, clmul, mmxext, 3dnowpref, lzcnt, sse4a, tsc, tscinvbit, tscinv, bmi1, bmi2, fma

Memory: 4k page, system-wide physical 5727M (1093M free)
TotalPageFile size 15583M (AvailPageFile size 9454M)
current process WorkingSet (physical memory assigned to process): 221M, peak: 276M
current process commit charge ("private bytes"): 263M, peak: 328M

vm_info: Java HotSpot(TM) 64-Bit Server VM (11.0.2+9-LTS) for windows-amd64 JRE (11.0.2+9-LTS), built on Jan 18 2019 05:24:10 by "mach5one" with MS VC++ 15.5 (VS2017)

END.
